#
# There is insufficient memory for the Java Runtime Environment to continue.
# Native memory allocation (malloc) failed to allocate 32744 bytes for ChunkPool::allocate
# Possible reasons:
#   The system is out of physical RAM or swap space
#   The process is running with CompressedOops enabled, and the Java Heap may be blocking the growth of the native heap
# Possible solutions:
#   Reduce memory load on the system
#   Increase physical memory or swap space
#   Check if swap backing store is full
#   Decrease Java heap size (-Xmx/-Xms)
#   Decrease number of Java threads
#   Decrease Java thread stack sizes (-Xss)
#   Set larger code cache with -XX:ReservedCodeCacheSize=
#   JVM is running with Unscaled Compressed Oops mode in which the Java heap is
#     placed in the first 4GB address space. The Java Heap base address is the
#     maximum limit for the native heap growth. Please use -XX:HeapBaseMinAddress
#     to set the Java Heap base and to place the Java Heap above 4GB virtual address.
# This output file may be truncated or incomplete.
#
#  Out of Memory Error (./src/hotspot/share/memory/arena.cpp:81), pid=10804, tid=5324
#
# JRE version: OpenJDK Runtime Environment (11.0.8+10) (build 11.0.8+10-b944.6842174)
# Java VM: OpenJDK 64-Bit Server VM (11.0.8+10-b944.6842174, mixed mode, tiered, compressed oops, g1 gc, windows-amd64)
# No core dump will be written. Minidumps are not enabled by default on client versions of Windows
#

---------------  S U M M A R Y ------------

Command Line: --add-opens=java.base/java.util=ALL-UNNAMED --add-opens=java.base/java.lang=ALL-UNNAMED --add-opens=java.base/java.lang.invoke=ALL-UNNAMED --add-opens=java.prefs/java.util.prefs=ALL-UNNAMED -Xmx2048m -Dfile.encoding=UTF-8 -Duser.country=US -Duser.language=en -Duser.variant org.gradle.launcher.daemon.bootstrap.GradleDaemon 6.7.1

Host: Intel(R) Core(TM) i7-6500U CPU @ 2.50GHz, 4 cores, 3G,  Windows 10 , 64 bit Build 19041 (10.0.19041.928)
Time: Sun May 23 02:13:00 2021 Morocco Daylight Time elapsed time: 5075 seconds (0d 1h 24m 35s)

---------------  T H R E A D  ---------------

Current thread (0x00000217a29b8000):  JavaThread "C2 CompilerThread0" daemon [_thread_in_native, id=5324, stack(0x000000f122000000,0x000000f122100000)]


Current CompileTask:
C2:5075124 15414   !   4       org.apache.xerces.dom.CoreDocumentImpl::adoptNode (537 bytes)

Stack: [0x000000f122000000,0x000000f122100000]
Native frames: (J=compiled Java code, j=interpreted, Vv=VM code, C=native code)
V  [jvm.dll+0x5de50a]
V  [jvm.dll+0x7122f5]
V  [jvm.dll+0x71384d]
V  [jvm.dll+0x713f03]
V  [jvm.dll+0x23e728]
V  [jvm.dll+0xb8beb]
V  [jvm.dll+0xb8e9c]
V  [jvm.dll+0xb8a98]
V  [jvm.dll+0x2a70ce]
V  [jvm.dll+0x6e9736]
V  [jvm.dll+0x6e7b60]
V  [jvm.dll+0x335a19]
V  [jvm.dll+0x6004a1]
V  [jvm.dll+0x5fb83f]
V  [jvm.dll+0x5f364a]
V  [jvm.dll+0x5f2cb8]
V  [jvm.dll+0x5f0cb2]
V  [jvm.dll+0x181b0c]
V  [jvm.dll+0x2b11b3]
V  [jvm.dll+0x5fb7e9]
V  [jvm.dll+0x5f364a]
V  [jvm.dll+0x5f2cb8]
V  [jvm.dll+0x5f0cb2]
V  [jvm.dll+0x181b0c]
V  [jvm.dll+0x2b11b3]
V  [jvm.dll+0x5fb7e9]
V  [jvm.dll+0x5f364a]
V  [jvm.dll+0x5f2cb8]
V  [jvm.dll+0x5f0cb2]
V  [jvm.dll+0x181b0c]
V  [jvm.dll+0x2b11b3]
V  [jvm.dll+0x5fb7e9]
V  [jvm.dll+0x5f364a]
V  [jvm.dll+0x5f2cb8]
V  [jvm.dll+0x5f0cb2]
V  [jvm.dll+0x181b0c]
V  [jvm.dll+0x1f65f5]
V  [jvm.dll+0x17f32c]
V  [jvm.dll+0x205047]
V  [jvm.dll+0x203891]
V  [jvm.dll+0x6dad3f]
V  [jvm.dll+0x6d3895]
V  [jvm.dll+0x5dd4a6]
C  [ucrtbase.dll+0x21bb2]
C  [KERNEL32.DLL+0x17034]
C  [ntdll.dll+0x52651]


---------------  P R O C E S S  ---------------

Threads class SMR info:
_java_thread_list=0x00000217a53959a0, length=143, elements={
0x000002178877b000, 0x00000217a2958000, 0x00000217a2960800, 0x00000217a29b2800,
0x00000217a29b3800, 0x00000217a29b8000, 0x00000217a29bd800, 0x00000217a29c3800,
0x00000217a3430800, 0x00000217a3474800, 0x00000217a4e35000, 0x00000217a48bc000,
0x00000217a46b9800, 0x00000217a4fdc800, 0x00000217a4fd9000, 0x00000217a4fdb000,
0x00000217a5afc800, 0x00000217a5b00800, 0x00000217a832a800, 0x00000217a8322800,
0x00000217a8320800, 0x00000217a8321800, 0x00000217a8323000, 0x00000217a8324000,
0x00000217a831e800, 0x00000217a8320000, 0x00000217a8325000, 0x00000217a831f000,
0x00000217a8327800, 0x00000217a832b800, 0x00000217a8325800, 0x00000217a832c000,
0x00000217a8328000, 0x00000217a8326800, 0x00000217a8329000, 0x00000217a832d000,
0x00000217a8329800, 0x00000217a5afd800, 0x00000217a5aff000, 0x00000217a5b04000,
0x00000217a5afe000, 0x00000217a5b06800, 0x00000217a5b07000, 0x00000217a5b04800,
0x00000217a5b08000, 0x00000217a5b09000, 0x00000217a5b09800, 0x00000217a5b0a800,
0x00000217a5b0b800, 0x00000217a5b05800, 0x00000217a4fda000, 0x00000217a4fdb800,
0x00000217a4fdd800, 0x00000217a4fd7800, 0x00000217a4fde000, 0x00000217a4fd8800,
0x00000217a61ef000, 0x00000217a61ec000, 0x00000217a61eb000, 0x00000217a61f0000,
0x00000217a61ec800, 0x00000217a61ed800, 0x00000217a61ee800, 0x00000217a61ea800,
0x00000217a61f3800, 0x00000217a61f4000, 0x00000217a61f5000, 0x00000217a61f2800,
0x00000217a61f5800, 0x00000217a61f6800, 0x00000217a61f1000, 0x00000217a61f7800,
0x00000217a61f1800, 0x00000217a61f8000, 0x00000217a61f9000, 0x00000217a7ef6000,
0x00000217a7ef5000, 0x00000217a7ef0000, 0x00000217a7ef2000, 0x00000217a7ef6800,
0x00000217a7ef1000, 0x00000217a7ef3800, 0x00000217a7ef7800, 0x00000217a7ef8800,
0x00000217a7ef2800, 0x00000217a7ef9000, 0x00000217a7efa000, 0x00000217a7ef4000,
0x00000217a7efa800, 0x00000217a7efd000, 0x00000217a7efb800, 0x00000217a7eff000,
0x00000217a7efc800, 0x00000217a7efe000, 0x00000217ae81f000, 0x00000217ae824000,
0x00000217ae820000, 0x00000217ae820800, 0x00000217ae822800, 0x00000217ae821800,
0x00000217ae823000, 0x00000217ae81e000, 0x00000217ae828000, 0x00000217ae82a800,
0x00000217ae829000, 0x00000217ae824800, 0x00000217ae829800, 0x00000217ae82b800,
0x00000217ae825800, 0x00000217ae82c000, 0x00000217ae826800, 0x00000217ae827000,
0x00000217ae82d000, 0x00000217a7d6a800, 0x00000217a7d6d000, 0x00000217a7d68800,
0x00000217a7d6a000, 0x00000217a7d6b800, 0x00000217a7d6e000, 0x00000217a7d6c800,
0x00000217a7d69000, 0x00000217a7d71800, 0x00000217a7d72000, 0x00000217a7d6f800,
0x00000217a7d73000, 0x00000217a7d73800, 0x00000217a7d74800, 0x00000217a7d6f000,
0x00000217a7d75800, 0x00000217a7d76000, 0x00000217a7d70800, 0x00000217a7d77000,
0x00000217a98cd800, 0x00000217a98cb800, 0x00000217a98cc800, 0x00000217a98ce000,
0x00000217a98cf000, 0x00000217a98c9000, 0x00000217a98cf800, 0x00000217a98ca000,
0x00000217a98cb000, 0x00000217a98d7000, 0x00000217a98d5800
}

Java Threads: ( => current thread )
  0x000002178877b000 JavaThread "main" [_thread_blocked, id=4180, stack(0x000000f121500000,0x000000f121600000)]
  0x00000217a2958000 JavaThread "Reference Handler" daemon [_thread_blocked, id=13780, stack(0x000000f121c00000,0x000000f121d00000)]
  0x00000217a2960800 JavaThread "Finalizer" daemon [_thread_blocked, id=15876, stack(0x000000f121d00000,0x000000f121e00000)]
  0x00000217a29b2800 JavaThread "Signal Dispatcher" daemon [_thread_blocked, id=17064, stack(0x000000f121e00000,0x000000f121f00000)]
  0x00000217a29b3800 JavaThread "Attach Listener" daemon [_thread_blocked, id=16776, stack(0x000000f121f00000,0x000000f122000000)]
=>0x00000217a29b8000 JavaThread "C2 CompilerThread0" daemon [_thread_in_native, id=5324, stack(0x000000f122000000,0x000000f122100000)]
  0x00000217a29bd800 JavaThread "C1 CompilerThread0" daemon [_thread_in_native, id=3080, stack(0x000000f122100000,0x000000f122200000)]
  0x00000217a29c3800 JavaThread "Sweeper thread" daemon [_thread_blocked, id=14380, stack(0x000000f122200000,0x000000f122300000)]
  0x00000217a3430800 JavaThread "Common-Cleaner" daemon [_thread_blocked, id=16216, stack(0x000000f122300000,0x000000f122400000)]
  0x00000217a3474800 JavaThread "Service Thread" daemon [_thread_blocked, id=7320, stack(0x000000f122400000,0x000000f122500000)]
  0x00000217a4e35000 JavaThread "Daemon health stats" [_thread_blocked, id=11468, stack(0x000000f122700000,0x000000f122800000)]
  0x00000217a48bc000 JavaThread "Incoming local TCP Connector on port 58537" [_thread_in_native, id=9324, stack(0x000000f122c00000,0x000000f122d00000)]
  0x00000217a46b9800 JavaThread "Daemon periodic checks" [_thread_blocked, id=8632, stack(0x000000f122e00000,0x000000f122f00000)]
  0x00000217a4fdc800 JavaThread "Cache worker for file hash cache (C:\Users\HISSOKA\.gradle\caches\6.7.1\fileHashes)" [_thread_blocked, id=5336, stack(0x000000f123500000,0x000000f123600000)]
  0x00000217a4fd9000 JavaThread "File lock request listener" [_thread_in_native, id=7656, stack(0x000000f123600000,0x000000f123700000)]
  0x00000217a4fdb000 JavaThread "Cache worker for journal cache (C:\Users\HISSOKA\.gradle\caches\journal-1)" [_thread_blocked, id=13604, stack(0x000000f123700000,0x000000f123800000)]
  0x00000217a5afc800 JavaThread "Cache worker for execution history cache (C:\Users\HISSOKA\.gradle\caches\6.7.1\executionHistory)" [_thread_blocked, id=15964, stack(0x000000f125100000,0x000000f125200000)]
  0x00000217a5b00800 JavaThread "Cache worker for file content cache (C:\Users\HISSOKA\.gradle\caches\6.7.1\fileContent)" [_thread_blocked, id=5092, stack(0x000000f125200000,0x000000f125300000)]
  0x00000217a832a800 JavaThread "Memory manager" [_thread_blocked, id=5476, stack(0x000000f12a400000,0x000000f12a500000)]
  0x00000217a8322800 JavaThread "Daemon Thread 2" [_thread_blocked, id=9600, stack(0x000000f121200000,0x000000f121300000)]
  0x00000217a8320800 JavaThread "Handler for socket connection from /127.0.0.1:58537 to /127.0.0.1:58814" [_thread_in_native, id=10000, stack(0x000000f121300000,0x000000f121400000)]
  0x00000217a8321800 JavaThread "Cancel handler" [_thread_blocked, id=10988, stack(0x000000f121400000,0x000000f121500000)]
  0x00000217a8323000 JavaThread "Daemon worker Thread 2" [_thread_blocked, id=17068, stack(0x000000f122a00000,0x000000f122b00000)]
  0x00000217a8324000 JavaThread "Asynchronous log dispatcher for DefaultDaemonConnection: socket connection from /127.0.0.1:58537 to /127.0.0.1:58814" [_thread_blocked, id=3540, stack(0x000000f122b00000,0x000000f122c00000)]
  0x00000217a831e800 JavaThread "Stdin handler" [_thread_blocked, id=16880, stack(0x000000f122d00000,0x000000f122e00000)]
  0x00000217a8320000 JavaThread "Thread-130" [_thread_blocked, id=17320, stack(0x000000f122f00000,0x000000f123000000)]
  0x00000217a8325000 JavaThread "Cache worker for file hash cache (C:\Users\HISSOKA\StudioProjects\Calculator\.gradle\6.7.1\fileHashes)" [_thread_blocked, id=6888, stack(0x000000f123000000,0x000000f123100000)]
  0x00000217a831f000 JavaThread "Cache worker for checksums cache (C:\Users\HISSOKA\StudioProjects\Calculator\.gradle\checksums)" [_thread_blocked, id=5456, stack(0x000000f123100000,0x000000f123200000)]
  0x00000217a8327800 JavaThread "Cache worker for cache directory md-supplier (C:\Users\HISSOKA\.gradle\caches\6.7.1\md-supplier)" [_thread_blocked, id=13292, stack(0x000000f123200000,0x000000f123300000)]
  0x00000217a832b800 JavaThread "Cache worker for cache directory md-rule (C:\Users\HISSOKA\.gradle\caches\6.7.1\md-rule)" [_thread_blocked, id=7992, stack(0x000000f123300000,0x000000f123400000)]
  0x00000217a8325800 JavaThread "Cache worker for Build Output Cleanup Cache (C:\Users\HISSOKA\StudioProjects\Calculator\.gradle\buildOutputCleanup)" [_thread_blocked, id=4364, stack(0x000000f123400000,0x000000f123500000)]
  0x00000217a832c000 JavaThread "Build operations" [_thread_blocked, id=3900, stack(0x000000f123800000,0x000000f123900000)]
  0x00000217a8328000 JavaThread "Build operations Thread 2" [_thread_blocked, id=11200, stack(0x000000f123900000,0x000000f123a00000)]
  0x00000217a8326800 JavaThread "Build operations Thread 3" [_thread_blocked, id=8116, stack(0x000000f123a00000,0x000000f123b00000)]
  0x00000217a8329000 JavaThread "Build operations Thread 4" [_thread_blocked, id=14764, stack(0x000000f123b00000,0x000000f123c00000)]
  0x00000217a832d000 JavaThread "jar transforms Thread 98" [_thread_blocked, id=12516, stack(0x000000f123c00000,0x000000f123d00000)]
  0x00000217a8329800 JavaThread "jar transforms Thread 99" [_thread_blocked, id=17076, stack(0x000000f123d00000,0x000000f123e00000)]
  0x00000217a5afd800 JavaThread "jar transforms Thread 100" [_thread_blocked, id=10564, stack(0x000000f123e00000,0x000000f123f00000)]
  0x00000217a5aff000 JavaThread "jar transforms Thread 101" [_thread_blocked, id=8940, stack(0x000000f123f00000,0x000000f124000000)]
  0x00000217a5b04000 JavaThread "jar transforms Thread 102" [_thread_blocked, id=8548, stack(0x000000f124000000,0x000000f124100000)]
  0x00000217a5afe000 JavaThread "jar transforms Thread 103" [_thread_blocked, id=5340, stack(0x000000f124100000,0x000000f124200000)]
  0x00000217a5b06800 JavaThread "jar transforms Thread 104" [_thread_blocked, id=10108, stack(0x000000f124200000,0x000000f124300000)]
  0x00000217a5b07000 JavaThread "jar transforms Thread 105" [_thread_blocked, id=6460, stack(0x000000f124300000,0x000000f124400000)]
  0x00000217a5b04800 JavaThread "jar transforms Thread 106" [_thread_blocked, id=17364, stack(0x000000f124400000,0x000000f124500000)]
  0x00000217a5b08000 JavaThread "jar transforms Thread 107" [_thread_blocked, id=15140, stack(0x000000f124500000,0x000000f124600000)]
  0x00000217a5b09000 JavaThread "jar transforms Thread 108" [_thread_blocked, id=15656, stack(0x000000f124600000,0x000000f124700000)]
  0x00000217a5b09800 JavaThread "jar transforms Thread 109" [_thread_blocked, id=9284, stack(0x000000f124700000,0x000000f124800000)]
  0x00000217a5b0a800 JavaThread "jar transforms Thread 110" [_thread_blocked, id=12016, stack(0x000000f124800000,0x000000f124900000)]
  0x00000217a5b0b800 JavaThread "jar transforms Thread 111" [_thread_blocked, id=2268, stack(0x000000f124900000,0x000000f124a00000)]
  0x00000217a5b05800 JavaThread "jar transforms Thread 112" [_thread_blocked, id=17296, stack(0x000000f124a00000,0x000000f124b00000)]
  0x00000217a4fda000 JavaThread "jar transforms Thread 113" [_thread_blocked, id=9296, stack(0x000000f124b00000,0x000000f124c00000)]
  0x00000217a4fdb800 JavaThread "jar transforms Thread 114" [_thread_blocked, id=2032, stack(0x000000f124c00000,0x000000f124d00000)]
  0x00000217a4fdd800 JavaThread "jar transforms Thread 115" [_thread_blocked, id=692, stack(0x000000f124d00000,0x000000f124e00000)]
  0x00000217a4fd7800 JavaThread "jar transforms Thread 116" [_thread_blocked, id=12668, stack(0x000000f124e00000,0x000000f124f00000)]
  0x00000217a4fde000 JavaThread "jar transforms Thread 117" [_thread_blocked, id=9532, stack(0x000000f124f00000,0x000000f125000000)]
  0x00000217a4fd8800 JavaThread "jar transforms Thread 118" [_thread_blocked, id=3304, stack(0x000000f125000000,0x000000f125100000)]
  0x00000217a61ef000 JavaThread "jar transforms Thread 119" [_thread_blocked, id=956, stack(0x000000f125300000,0x000000f125400000)]
  0x00000217a61ec000 JavaThread "jar transforms Thread 120" [_thread_blocked, id=14928, stack(0x000000f125400000,0x000000f125500000)]
  0x00000217a61eb000 JavaThread "jar transforms Thread 121" [_thread_blocked, id=9160, stack(0x000000f125500000,0x000000f125600000)]
  0x00000217a61f0000 JavaThread "jar transforms Thread 122" [_thread_blocked, id=1544, stack(0x000000f125600000,0x000000f125700000)]
  0x00000217a61ec800 JavaThread "jar transforms Thread 123" [_thread_blocked, id=10520, stack(0x000000f125700000,0x000000f125800000)]
  0x00000217a61ed800 JavaThread "jar transforms Thread 124" [_thread_blocked, id=5040, stack(0x000000f125800000,0x000000f125900000)]
  0x00000217a61ee800 JavaThread "jar transforms Thread 125" [_thread_blocked, id=9264, stack(0x000000f125900000,0x000000f125a00000)]
  0x00000217a61ea800 JavaThread "jar transforms Thread 126" [_thread_blocked, id=11472, stack(0x000000f125a00000,0x000000f125b00000)]
  0x00000217a61f3800 JavaThread "jar transforms Thread 127" [_thread_blocked, id=16324, stack(0x000000f125b00000,0x000000f125c00000)]
  0x00000217a61f4000 JavaThread "jar transforms Thread 128" [_thread_blocked, id=16508, stack(0x000000f125c00000,0x000000f125d00000)]
  0x00000217a61f5000 JavaThread "jar transforms Thread 129" [_thread_blocked, id=3632, stack(0x000000f125d00000,0x000000f125e00000)]
  0x00000217a61f2800 JavaThread "jar transforms Thread 130" [_thread_blocked, id=10100, stack(0x000000f125e00000,0x000000f125f00000)]
  0x00000217a61f5800 JavaThread "jar transforms Thread 131" [_thread_blocked, id=8420, stack(0x000000f125f00000,0x000000f126000000)]
  0x00000217a61f6800 JavaThread "jar transforms Thread 132" [_thread_blocked, id=16912, stack(0x000000f126000000,0x000000f126100000)]
  0x00000217a61f1000 JavaThread "jar transforms Thread 133" [_thread_blocked, id=588, stack(0x000000f126100000,0x000000f126200000)]
  0x00000217a61f7800 JavaThread "jar transforms Thread 134" [_thread_blocked, id=10096, stack(0x000000f126200000,0x000000f126300000)]
  0x00000217a61f1800 JavaThread "jar transforms Thread 135" [_thread_blocked, id=14404, stack(0x000000f126300000,0x000000f126400000)]
  0x00000217a61f8000 JavaThread "jar transforms Thread 136" [_thread_blocked, id=1792, stack(0x000000f126400000,0x000000f126500000)]
  0x00000217a61f9000 JavaThread "jar transforms Thread 137" [_thread_blocked, id=13400, stack(0x000000f126500000,0x000000f126600000)]
  0x00000217a7ef6000 JavaThread "jar transforms Thread 138" [_thread_blocked, id=1752, stack(0x000000f126600000,0x000000f126700000)]
  0x00000217a7ef5000 JavaThread "jar transforms Thread 139" [_thread_blocked, id=13112, stack(0x000000f126700000,0x000000f126800000)]
  0x00000217a7ef0000 JavaThread "jar transforms Thread 140" [_thread_blocked, id=11368, stack(0x000000f126800000,0x000000f126900000)]
  0x00000217a7ef2000 JavaThread "jar transforms Thread 141" [_thread_blocked, id=9576, stack(0x000000f126900000,0x000000f126a00000)]
  0x00000217a7ef6800 JavaThread "jar transforms Thread 142" [_thread_blocked, id=15896, stack(0x000000f126a00000,0x000000f126b00000)]
  0x00000217a7ef1000 JavaThread "jar transforms Thread 143" [_thread_blocked, id=5964, stack(0x000000f126b00000,0x000000f126c00000)]
  0x00000217a7ef3800 JavaThread "jar transforms Thread 144" [_thread_blocked, id=8200, stack(0x000000f126c00000,0x000000f126d00000)]
  0x00000217a7ef7800 JavaThread "jar transforms Thread 145" [_thread_blocked, id=8724, stack(0x000000f126d00000,0x000000f126e00000)]
  0x00000217a7ef8800 JavaThread "jar transforms Thread 146" [_thread_blocked, id=4608, stack(0x000000f126e00000,0x000000f126f00000)]
  0x00000217a7ef2800 JavaThread "jar transforms Thread 147" [_thread_blocked, id=12296, stack(0x000000f126f00000,0x000000f127000000)]
  0x00000217a7ef9000 JavaThread "jar transforms Thread 148" [_thread_blocked, id=12664, stack(0x000000f127000000,0x000000f127100000)]
  0x00000217a7efa000 JavaThread "jar transforms Thread 149" [_thread_blocked, id=16640, stack(0x000000f127100000,0x000000f127200000)]
  0x00000217a7ef4000 JavaThread "jar transforms Thread 150" [_thread_blocked, id=17400, stack(0x000000f127200000,0x000000f127300000)]
  0x00000217a7efa800 JavaThread "jar transforms Thread 151" [_thread_blocked, id=7612, stack(0x000000f127300000,0x000000f127400000)]
  0x00000217a7efd000 JavaThread "jar transforms Thread 152" [_thread_blocked, id=9060, stack(0x000000f127400000,0x000000f127500000)]
  0x00000217a7efb800 JavaThread "jar transforms Thread 153" [_thread_blocked, id=16524, stack(0x000000f127500000,0x000000f127600000)]
  0x00000217a7eff000 JavaThread "jar transforms Thread 154" [_thread_blocked, id=3204, stack(0x000000f127600000,0x000000f127700000)]
  0x00000217a7efc800 JavaThread "jar transforms Thread 155" [_thread_blocked, id=7908, stack(0x000000f127700000,0x000000f127800000)]
  0x00000217a7efe000 JavaThread "jar transforms Thread 156" [_thread_blocked, id=7708, stack(0x000000f127800000,0x000000f127900000)]
  0x00000217ae81f000 JavaThread "jar transforms Thread 157" [_thread_blocked, id=14020, stack(0x000000f127900000,0x000000f127a00000)]
  0x00000217ae824000 JavaThread "jar transforms Thread 158" [_thread_blocked, id=16668, stack(0x000000f127a00000,0x000000f127b00000)]
  0x00000217ae820000 JavaThread "jar transforms Thread 159" [_thread_blocked, id=17312, stack(0x000000f127b00000,0x000000f127c00000)]
  0x00000217ae820800 JavaThread "jar transforms Thread 160" [_thread_blocked, id=6372, stack(0x000000f127c00000,0x000000f127d00000)]
  0x00000217ae822800 JavaThread "jar transforms Thread 161" [_thread_blocked, id=7524, stack(0x000000f127d00000,0x000000f127e00000)]
  0x00000217ae821800 JavaThread "jar transforms Thread 162" [_thread_blocked, id=8372, stack(0x000000f127e00000,0x000000f127f00000)]
  0x00000217ae823000 JavaThread "jar transforms Thread 163" [_thread_blocked, id=14152, stack(0x000000f127f00000,0x000000f128000000)]
  0x00000217ae81e000 JavaThread "jar transforms Thread 164" [_thread_blocked, id=16168, stack(0x000000f128000000,0x000000f128100000)]
  0x00000217ae828000 JavaThread "jar transforms Thread 165" [_thread_blocked, id=11124, stack(0x000000f128100000,0x000000f128200000)]
  0x00000217ae82a800 JavaThread "jar transforms Thread 166" [_thread_blocked, id=9636, stack(0x000000f128200000,0x000000f128300000)]
  0x00000217ae829000 JavaThread "jar transforms Thread 167" [_thread_blocked, id=8364, stack(0x000000f128300000,0x000000f128400000)]
  0x00000217ae824800 JavaThread "jar transforms Thread 168" [_thread_blocked, id=10216, stack(0x000000f128400000,0x000000f128500000)]
  0x00000217ae829800 JavaThread "jar transforms Thread 169" [_thread_blocked, id=16552, stack(0x000000f128500000,0x000000f128600000)]
  0x00000217ae82b800 JavaThread "jar transforms Thread 170" [_thread_blocked, id=4060, stack(0x000000f128600000,0x000000f128700000)]
  0x00000217ae825800 JavaThread "jar transforms Thread 171" [_thread_blocked, id=15616, stack(0x000000f128700000,0x000000f128800000)]
  0x00000217ae82c000 JavaThread "jar transforms Thread 172" [_thread_blocked, id=6916, stack(0x000000f128800000,0x000000f128900000)]
  0x00000217ae826800 JavaThread "jar transforms Thread 173" [_thread_blocked, id=14080, stack(0x000000f128900000,0x000000f128a00000)]
  0x00000217ae827000 JavaThread "jar transforms Thread 174" [_thread_blocked, id=3028, stack(0x000000f128a00000,0x000000f128b00000)]
  0x00000217ae82d000 JavaThread "jar transforms Thread 175" [_thread_blocked, id=9148, stack(0x000000f128b00000,0x000000f128c00000)]
  0x00000217a7d6a800 JavaThread "jar transforms Thread 176" [_thread_blocked, id=2536, stack(0x000000f128c00000,0x000000f128d00000)]
  0x00000217a7d6d000 JavaThread "jar transforms Thread 177" [_thread_blocked, id=17336, stack(0x000000f128d00000,0x000000f128e00000)]
  0x00000217a7d68800 JavaThread "jar transforms Thread 178" [_thread_blocked, id=4768, stack(0x000000f128e00000,0x000000f128f00000)]
  0x00000217a7d6a000 JavaThread "jar transforms Thread 179" [_thread_blocked, id=16496, stack(0x000000f128f00000,0x000000f129000000)]
  0x00000217a7d6b800 JavaThread "jar transforms Thread 180" [_thread_blocked, id=16780, stack(0x000000f129000000,0x000000f129100000)]
  0x00000217a7d6e000 JavaThread "jar transforms Thread 181" [_thread_blocked, id=9860, stack(0x000000f129100000,0x000000f129200000)]
  0x00000217a7d6c800 JavaThread "jar transforms Thread 182" [_thread_blocked, id=16752, stack(0x000000f129200000,0x000000f129300000)]
  0x00000217a7d69000 JavaThread "jar transforms Thread 183" [_thread_blocked, id=15968, stack(0x000000f129300000,0x000000f129400000)]
  0x00000217a7d71800 JavaThread "jar transforms Thread 184" [_thread_blocked, id=14548, stack(0x000000f129400000,0x000000f129500000)]
  0x00000217a7d72000 JavaThread "jar transforms Thread 185" [_thread_blocked, id=14332, stack(0x000000f129500000,0x000000f129600000)]
  0x00000217a7d6f800 JavaThread "jar transforms Thread 186" [_thread_blocked, id=11244, stack(0x000000f129600000,0x000000f129700000)]
  0x00000217a7d73000 JavaThread "jar transforms Thread 187" [_thread_blocked, id=6404, stack(0x000000f129700000,0x000000f129800000)]
  0x00000217a7d73800 JavaThread "jar transforms Thread 188" [_thread_blocked, id=15940, stack(0x000000f129800000,0x000000f129900000)]
  0x00000217a7d74800 JavaThread "jar transforms Thread 189" [_thread_blocked, id=6796, stack(0x000000f129900000,0x000000f129a00000)]
  0x00000217a7d6f000 JavaThread "jar transforms Thread 190" [_thread_blocked, id=16824, stack(0x000000f129a00000,0x000000f129b00000)]
  0x00000217a7d75800 JavaThread "jar transforms Thread 191" [_thread_blocked, id=15180, stack(0x000000f129b00000,0x000000f129c00000)]
  0x00000217a7d76000 JavaThread "jar transforms Thread 192" [_thread_blocked, id=16348, stack(0x000000f129c00000,0x000000f129d00000)]
  0x00000217a7d70800 JavaThread "jar transforms Thread 193" [_thread_blocked, id=9080, stack(0x000000f129d00000,0x000000f129e00000)]
  0x00000217a7d77000 JavaThread "jar transforms Thread 194" [_thread_blocked, id=3960, stack(0x000000f129e00000,0x000000f129f00000)]
  0x00000217a98cd800 JavaThread "build event listener" [_thread_blocked, id=6728, stack(0x000000f12a000000,0x000000f12a100000)]
  0x00000217a98cb800 JavaThread "build event listener" [_thread_blocked, id=7268, stack(0x000000f12a100000,0x000000f12a200000)]
  0x00000217a98cc800 JavaThread "Execution worker for ':'" [_thread_blocked, id=16020, stack(0x000000f12a200000,0x000000f12a300000)]
  0x00000217a98ce000 JavaThread "Execution worker for ':' Thread 2" [_thread_in_native, id=16128, stack(0x000000f12a300000,0x000000f12a400000)]
  0x00000217a98cf000 JavaThread "Execution worker for ':' Thread 3" [_thread_blocked, id=16848, stack(0x000000f12a500000,0x000000f12a600000)]
  0x00000217a98c9000 JavaThread "Cache worker for execution history cache (C:\Users\HISSOKA\StudioProjects\Calculator\.gradle\6.7.1\executionHistory)" [_thread_blocked, id=2868, stack(0x000000f129f00000,0x000000f12a000000)]
  0x00000217a98cf800 JavaThread "WorkerExecutor Queue" [_thread_blocked, id=2756, stack(0x000000f12a700000,0x000000f12a800000)]
  0x00000217a98ca000 JavaThread "WorkerExecutor Queue Thread 2" [_thread_blocked, id=8120, stack(0x000000f12a800000,0x000000f12a900000)]
  0x00000217a98cb000 JavaThread "WorkerExecutor Queue Thread 3" [_thread_blocked, id=16720, stack(0x000000f12a600000,0x000000f12a700000)]
  0x00000217a98d7000 JavaThread "WorkerExecutor Queue Thread 4" [_thread_blocked, id=12020, stack(0x000000f12a900000,0x000000f12aa00000)]
  0x00000217a98d5800 JavaThread "Java2D Disposer" daemon [_thread_blocked, id=6672, stack(0x000000f12ad00000,0x000000f12ae00000)]

Other Threads:
  0x00000217a2952000 VMThread "VM Thread" [stack: 0x000000f121b00000,0x000000f121c00000] [id=12064]
  0x00000217a3476800 WatcherThread [stack: 0x000000f122500000,0x000000f122600000] [id=2376]
  0x0000021788793800 GCTaskThread "GC Thread#0" [stack: 0x000000f121600000,0x000000f121700000] [id=5924]
  0x00000217a3725800 GCTaskThread "GC Thread#1" [stack: 0x000000f122600000,0x000000f122700000] [id=11912]
  0x00000217a4ac2000 GCTaskThread "GC Thread#2" [stack: 0x000000f122800000,0x000000f122900000] [id=8600]
  0x00000217a4198000 GCTaskThread "GC Thread#3" [stack: 0x000000f122900000,0x000000f122a00000] [id=9912]
  0x00000217887c6000 ConcurrentGCThread "G1 Main Marker" [stack: 0x000000f121700000,0x000000f121800000] [id=2564]
  0x00000217887c8800 ConcurrentGCThread "G1 Conc#0" [stack: 0x000000f121800000,0x000000f121900000] [id=13816]
  0x0000021788821000 ConcurrentGCThread "G1 Refine#0" [stack: 0x000000f121900000,0x000000f121a00000] [id=14884]
  0x00000217a5da3000 ConcurrentGCThread "G1 Refine#1" [stack: 0x000000f12ae00000,0x000000f12af00000] [id=17008]
  0x0000021788822000 ConcurrentGCThread "G1 Young RemSet Sampling" [stack: 0x000000f121a00000,0x000000f121b00000] [id=1412]

Threads with active compile tasks:
C2 CompilerThread05075291 15414   !   4       org.apache.xerces.dom.CoreDocumentImpl::adoptNode (537 bytes)
C1 CompilerThread05075291 15417       3       com.google.common.base.Ticker$1::read (4 bytes)

VM state:not at safepoint (normal execution)

VM Mutex/Monitor currently owned by a thread:  ([mutex/lock_event])
[0x00000217887769b0] Heap_lock - owner thread: 0x00000217a98ce000

Heap address: 0x0000000080000000, size: 2048 MB, Compressed Oops mode: 32-bit
Narrow klass base: 0x0000000000000000, Narrow klass shift: 3
Compressed class space size: 1073741824 Address: 0x0000000100000000

Heap:
 garbage-first heap   total 220160K, used 153176K [0x0000000080000000, 0x0000000100000000)
  region size 1024K, 37 young (37888K), 11 survivors (11264K)
 Metaspace       used 113701K, capacity 116228K, committed 117500K, reserved 1150976K
  class space    used 13994K, capacity 14875K, committed 15180K, reserved 1048576K
Heap Regions: E=young(eden), S=young(survivor), O=old, HS=humongous(starts), HC=humongous(continues), CS=collection set, F=free, A=archive, TAMS=top-at-mark-start (previous, next)
|   0|0x0000000080000000, 0x0000000080100000, 0x0000000080100000|100%| O|  |TAMS 0x0000000080100000, 0x0000000080000000| Updating 
|   1|0x0000000080100000, 0x0000000080200000, 0x0000000080200000|100%| O|  |TAMS 0x0000000080200000, 0x0000000080100000| Updating 
|   2|0x0000000080200000, 0x0000000080300000, 0x0000000080300000|100%| O|  |TAMS 0x0000000080300000, 0x0000000080200000| Updating 
|   3|0x0000000080300000, 0x0000000080400000, 0x0000000080400000|100%|HS|  |TAMS 0x0000000080400000, 0x0000000080300000| Complete 
|   4|0x0000000080400000, 0x0000000080500000, 0x0000000080500000|100%|HC|  |TAMS 0x0000000080500000, 0x0000000080400000| Complete 
|   5|0x0000000080500000, 0x0000000080600000, 0x0000000080600000|100%|HC|  |TAMS 0x0000000080600000, 0x0000000080500000| Complete 
|   6|0x0000000080600000, 0x0000000080700000, 0x0000000080700000|100%| O|  |TAMS 0x0000000080700000, 0x0000000080600000| Updating 
|   7|0x0000000080700000, 0x0000000080800000, 0x0000000080800000|100%| O|  |TAMS 0x0000000080800000, 0x0000000080700000| Updating 
|   8|0x0000000080800000, 0x0000000080900000, 0x0000000080900000|100%| O|  |TAMS 0x0000000080900000, 0x0000000080800000| Updating 
|   9|0x0000000080900000, 0x0000000080a00000, 0x0000000080a00000|100%| O|  |TAMS 0x0000000080a00000, 0x0000000080900000| Updating 
|  10|0x0000000080a00000, 0x0000000080b00000, 0x0000000080b00000|100%| O|  |TAMS 0x0000000080b00000, 0x0000000080a00000| Updating 
|  11|0x0000000080b00000, 0x0000000080c00000, 0x0000000080c00000|100%| O|  |TAMS 0x0000000080c00000, 0x0000000080b00000| Updating 
|  12|0x0000000080c00000, 0x0000000080d00000, 0x0000000080d00000|100%| O|  |TAMS 0x0000000080d00000, 0x0000000080c00000| Updating 
|  13|0x0000000080d00000, 0x0000000080e00000, 0x0000000080e00000|100%| O|  |TAMS 0x0000000080e00000, 0x0000000080d00000| Updating 
|  14|0x0000000080e00000, 0x0000000080f00000, 0x0000000080f00000|100%| O|  |TAMS 0x0000000080f00000, 0x0000000080e00000| Updating 
|  15|0x0000000080f00000, 0x0000000081000000, 0x0000000081000000|100%|HS|  |TAMS 0x0000000081000000, 0x0000000080f00000| Complete 
|  16|0x0000000081000000, 0x0000000081100000, 0x0000000081100000|100%|HC|  |TAMS 0x0000000081100000, 0x0000000081000000| Complete 
|  17|0x0000000081100000, 0x0000000081200000, 0x0000000081200000|100%|HS|  |TAMS 0x0000000081200000, 0x0000000081100000| Complete 
|  18|0x0000000081200000, 0x0000000081300000, 0x0000000081300000|100%|HC|  |TAMS 0x0000000081300000, 0x0000000081200000| Complete 
|  19|0x0000000081300000, 0x0000000081400000, 0x0000000081400000|100%|HC|  |TAMS 0x0000000081400000, 0x0000000081300000| Complete 
|  20|0x0000000081400000, 0x0000000081500000, 0x0000000081500000|100%| O|  |TAMS 0x0000000081500000, 0x0000000081400000| Updating 
|  21|0x0000000081500000, 0x0000000081600000, 0x0000000081600000|100%| O|  |TAMS 0x0000000081600000, 0x0000000081500000| Updating 
|  22|0x0000000081600000, 0x0000000081700000, 0x0000000081700000|100%|HS|  |TAMS 0x0000000081700000, 0x0000000081600000| Complete 
|  23|0x0000000081700000, 0x0000000081800000, 0x0000000081800000|100%|HC|  |TAMS 0x0000000081800000, 0x0000000081700000| Complete 
|  24|0x0000000081800000, 0x0000000081900000, 0x0000000081900000|100%|HC|  |TAMS 0x0000000081900000, 0x0000000081800000| Complete 
|  25|0x0000000081900000, 0x0000000081a00000, 0x0000000081a00000|100%|HC|  |TAMS 0x0000000081a00000, 0x0000000081900000| Complete 
|  26|0x0000000081a00000, 0x0000000081b00000, 0x0000000081b00000|100%| O|  |TAMS 0x0000000081b00000, 0x0000000081a00000| Updating 
|  27|0x0000000081b00000, 0x0000000081c00000, 0x0000000081c00000|100%| O|  |TAMS 0x0000000081c00000, 0x0000000081b00000| Updating 
|  28|0x0000000081c00000, 0x0000000081d00000, 0x0000000081d00000|100%| O|  |TAMS 0x0000000081d00000, 0x0000000081c00000| Updating 
|  29|0x0000000081d00000, 0x0000000081e00000, 0x0000000081e00000|100%| O|  |TAMS 0x0000000081e00000, 0x0000000081d00000| Updating 
|  30|0x0000000081e00000, 0x0000000081f00000, 0x0000000081f00000|100%| O|  |TAMS 0x0000000081f00000, 0x0000000081e00000| Updating 
|  31|0x0000000081f00000, 0x0000000082000000, 0x0000000082000000|100%| O|  |TAMS 0x0000000082000000, 0x0000000081f00000| Updating 
|  32|0x0000000082000000, 0x0000000082100000, 0x0000000082100000|100%|HS|  |TAMS 0x0000000082100000, 0x0000000082000000| Complete 
|  33|0x0000000082100000, 0x0000000082200000, 0x0000000082200000|100%|HC|  |TAMS 0x0000000082200000, 0x0000000082100000| Complete 
|  34|0x0000000082200000, 0x0000000082300000, 0x0000000082300000|100%|HC|  |TAMS 0x0000000082300000, 0x0000000082200000| Complete 
|  35|0x0000000082300000, 0x0000000082400000, 0x0000000082400000|100%|HC|  |TAMS 0x0000000082400000, 0x0000000082300000| Complete 
|  36|0x0000000082400000, 0x0000000082500000, 0x0000000082500000|100%| O|  |TAMS 0x0000000082500000, 0x0000000082400000| Updating 
|  37|0x0000000082500000, 0x0000000082600000, 0x0000000082600000|100%| O|  |TAMS 0x0000000082600000, 0x0000000082500000| Updating 
|  38|0x0000000082600000, 0x0000000082700000, 0x0000000082700000|100%| O|  |TAMS 0x0000000082700000, 0x0000000082600000| Updating 
|  39|0x0000000082700000, 0x0000000082800000, 0x0000000082800000|100%|HS|  |TAMS 0x0000000082800000, 0x0000000082700000| Complete 
|  40|0x0000000082800000, 0x0000000082900000, 0x0000000082900000|100%|HC|  |TAMS 0x0000000082900000, 0x0000000082800000| Complete 
|  41|0x0000000082900000, 0x0000000082a00000, 0x0000000082a00000|100%|HC|  |TAMS 0x0000000082a00000, 0x0000000082900000| Complete 
|  42|0x0000000082a00000, 0x0000000082b00000, 0x0000000082b00000|100%| O|  |TAMS 0x0000000082b00000, 0x0000000082a00000| Updating 
|  43|0x0000000082b00000, 0x0000000082c00000, 0x0000000082c00000|100%| O|  |TAMS 0x0000000082c00000, 0x0000000082b00000| Updating 
|  44|0x0000000082c00000, 0x0000000082d00000, 0x0000000082d00000|100%| O|  |TAMS 0x0000000082d00000, 0x0000000082c00000| Updating 
|  45|0x0000000082d00000, 0x0000000082e00000, 0x0000000082e00000|100%| O|  |TAMS 0x0000000082e00000, 0x0000000082d00000| Updating 
|  46|0x0000000082e00000, 0x0000000082f00000, 0x0000000082f00000|100%| O|  |TAMS 0x0000000082f00000, 0x0000000082e00000| Updating 
|  47|0x0000000082f00000, 0x0000000083000000, 0x0000000083000000|100%| O|  |TAMS 0x0000000083000000, 0x0000000082f00000| Updating 
|  48|0x0000000083000000, 0x0000000083100000, 0x0000000083100000|100%| O|  |TAMS 0x0000000083100000, 0x0000000083000000| Updating 
|  49|0x0000000083100000, 0x0000000083200000, 0x0000000083200000|100%|HS|  |TAMS 0x0000000083200000, 0x0000000083100000| Complete 
|  50|0x0000000083200000, 0x0000000083300000, 0x0000000083300000|100%|HS|  |TAMS 0x0000000083300000, 0x0000000083200000| Complete 
|  51|0x0000000083300000, 0x0000000083400000, 0x0000000083400000|100%|HC|  |TAMS 0x0000000083400000, 0x0000000083300000| Complete 
|  52|0x0000000083400000, 0x0000000083500000, 0x0000000083500000|100%| O|  |TAMS 0x0000000083500000, 0x0000000083400000| Updating 
|  53|0x0000000083500000, 0x0000000083600000, 0x0000000083600000|100%| O|  |TAMS 0x0000000083600000, 0x0000000083500000| Updating 
|  54|0x0000000083600000, 0x0000000083700000, 0x0000000083700000|100%| O|  |TAMS 0x0000000083700000, 0x0000000083600000| Updating 
|  55|0x0000000083700000, 0x0000000083800000, 0x0000000083800000|100%| O|  |TAMS 0x0000000083800000, 0x0000000083700000| Updating 
|  56|0x0000000083800000, 0x0000000083900000, 0x0000000083900000|100%| O|  |TAMS 0x0000000083900000, 0x0000000083800000| Updating 
|  57|0x0000000083900000, 0x0000000083a00000, 0x0000000083a00000|100%| O|  |TAMS 0x0000000083a00000, 0x0000000083900000| Updating 
|  58|0x0000000083a00000, 0x0000000083b00000, 0x0000000083b00000|100%| O|  |TAMS 0x0000000083b00000, 0x0000000083a00000| Updating 
|  59|0x0000000083b00000, 0x0000000083c00000, 0x0000000083c00000|100%| O|  |TAMS 0x0000000083c00000, 0x0000000083b00000| Updating 
|  60|0x0000000083c00000, 0x0000000083d00000, 0x0000000083d00000|100%| O|  |TAMS 0x0000000083d00000, 0x0000000083c00000| Updating 
|  61|0x0000000083d00000, 0x0000000083e00000, 0x0000000083e00000|100%| O|  |TAMS 0x0000000083e00000, 0x0000000083d00000| Updating 
|  62|0x0000000083e00000, 0x0000000083f00000, 0x0000000083f00000|100%| O|  |TAMS 0x0000000083f00000, 0x0000000083e00000| Updating 
|  63|0x0000000083f00000, 0x0000000084000000, 0x0000000084000000|100%| O|  |TAMS 0x0000000084000000, 0x0000000083f00000| Updating 
|  64|0x0000000084000000, 0x0000000084100000, 0x0000000084100000|100%| O|  |TAMS 0x0000000084100000, 0x0000000084000000| Updating 
|  65|0x0000000084100000, 0x0000000084200000, 0x0000000084200000|100%| O|  |TAMS 0x0000000084200000, 0x0000000084100000| Updating 
|  66|0x0000000084200000, 0x0000000084300000, 0x0000000084300000|100%| O|  |TAMS 0x0000000084300000, 0x0000000084200000| Updating 
|  67|0x0000000084300000, 0x0000000084400000, 0x0000000084400000|100%| O|  |TAMS 0x0000000084400000, 0x0000000084300000| Updating 
|  68|0x0000000084400000, 0x0000000084500000, 0x0000000084500000|100%| O|  |TAMS 0x0000000084500000, 0x0000000084400000| Updating 
|  69|0x0000000084500000, 0x0000000084600000, 0x0000000084600000|100%| O|  |TAMS 0x0000000084600000, 0x0000000084500000| Updating 
|  70|0x0000000084600000, 0x0000000084700000, 0x0000000084700000|100%| O|  |TAMS 0x0000000084700000, 0x0000000084600000| Updating 
|  71|0x0000000084700000, 0x0000000084800000, 0x0000000084800000|100%| O|  |TAMS 0x0000000084800000, 0x0000000084700000| Updating 
|  72|0x0000000084800000, 0x0000000084900000, 0x0000000084900000|100%| O|  |TAMS 0x0000000084900000, 0x0000000084800000| Updating 
|  73|0x0000000084900000, 0x0000000084a00000, 0x0000000084a00000|100%| O|  |TAMS 0x0000000084a00000, 0x0000000084900000| Updating 
|  74|0x0000000084a00000, 0x0000000084b00000, 0x0000000084b00000|100%| O|  |TAMS 0x0000000084b00000, 0x0000000084a00000| Updating 
|  75|0x0000000084b00000, 0x0000000084c00000, 0x0000000084c00000|100%| O|  |TAMS 0x0000000084c00000, 0x0000000084b00000| Updating 
|  76|0x0000000084c00000, 0x0000000084d00000, 0x0000000084d00000|100%| O|  |TAMS 0x0000000084d00000, 0x0000000084c00000| Updating 
|  77|0x0000000084d00000, 0x0000000084e00000, 0x0000000084e00000|100%| O|  |TAMS 0x0000000084e00000, 0x0000000084d00000| Updating 
|  78|0x0000000084e00000, 0x0000000084f00000, 0x0000000084f00000|100%| O|  |TAMS 0x0000000084f00000, 0x0000000084e00000| Updating 
|  79|0x0000000084f00000, 0x0000000085000000, 0x0000000085000000|100%| O|  |TAMS 0x0000000085000000, 0x0000000084f00000| Updating 
|  80|0x0000000085000000, 0x0000000085100000, 0x0000000085100000|100%| O|  |TAMS 0x0000000085100000, 0x0000000085000000| Updating 
|  81|0x0000000085100000, 0x0000000085200000, 0x0000000085200000|100%| O|  |TAMS 0x0000000085200000, 0x0000000085100000| Updating 
|  82|0x0000000085200000, 0x0000000085300000, 0x0000000085300000|100%| O|  |TAMS 0x0000000085300000, 0x0000000085200000| Updating 
|  83|0x0000000085300000, 0x0000000085400000, 0x0000000085400000|100%| O|  |TAMS 0x0000000085400000, 0x0000000085300000| Updating 
|  84|0x0000000085400000, 0x0000000085500000, 0x0000000085500000|100%| O|  |TAMS 0x0000000085500000, 0x0000000085400000| Updating 
|  85|0x0000000085500000, 0x0000000085600000, 0x0000000085600000|100%| O|  |TAMS 0x0000000085600000, 0x0000000085500000| Updating 
|  86|0x0000000085600000, 0x0000000085700000, 0x0000000085700000|100%| O|  |TAMS 0x0000000085700000, 0x0000000085600000| Updating 
|  87|0x0000000085700000, 0x0000000085800000, 0x0000000085800000|100%| O|  |TAMS 0x0000000085800000, 0x0000000085700000| Updating 
|  88|0x0000000085800000, 0x0000000085900000, 0x0000000085900000|100%| O|  |TAMS 0x0000000085900000, 0x0000000085800000| Updating 
|  89|0x0000000085900000, 0x0000000085a00000, 0x0000000085a00000|100%| O|  |TAMS 0x0000000085a00000, 0x0000000085900000| Updating 
|  90|0x0000000085a00000, 0x0000000085b00000, 0x0000000085b00000|100%| O|  |TAMS 0x0000000085b00000, 0x0000000085a00000| Updating 
|  91|0x0000000085b00000, 0x0000000085c00000, 0x0000000085c00000|100%| O|  |TAMS 0x0000000085c00000, 0x0000000085b00000| Updating 
|  92|0x0000000085c00000, 0x0000000085d00000, 0x0000000085d00000|100%| O|  |TAMS 0x0000000085d00000, 0x0000000085c00000| Updating 
|  93|0x0000000085d00000, 0x0000000085e00000, 0x0000000085e00000|100%| O|  |TAMS 0x0000000085e00000, 0x0000000085d00000| Updating 
|  94|0x0000000085e00000, 0x0000000085f00000, 0x0000000085f00000|100%|HS|  |TAMS 0x0000000085e00000, 0x0000000085e00000| Complete 
|  95|0x0000000085f00000, 0x0000000086000000, 0x0000000086000000|100%|HS|  |TAMS 0x0000000085f00000, 0x0000000085f00000| Complete 
|  96|0x0000000086000000, 0x0000000086100000, 0x0000000086100000|100%|HS|  |TAMS 0x0000000086100000, 0x0000000086000000| Complete 
|  97|0x0000000086100000, 0x0000000086200000, 0x0000000086200000|100%| O|  |TAMS 0x0000000086200000, 0x0000000086100000| Updating 
|  98|0x0000000086200000, 0x0000000086300000, 0x0000000086300000|100%| O|  |TAMS 0x0000000086300000, 0x0000000086200000| Updating 
|  99|0x0000000086300000, 0x0000000086400000, 0x0000000086400000|100%| O|  |TAMS 0x0000000086400000, 0x0000000086300000| Updating 
| 100|0x0000000086400000, 0x0000000086500000, 0x0000000086500000|100%| O|  |TAMS 0x0000000086500000, 0x0000000086400000| Updating 
| 101|0x0000000086500000, 0x0000000086600000, 0x0000000086600000|100%| O|  |TAMS 0x0000000086600000, 0x0000000086500000| Updating 
| 102|0x0000000086600000, 0x0000000086700000, 0x0000000086700000|100%| O|  |TAMS 0x0000000086700000, 0x0000000086600000| Updating 
| 103|0x0000000086700000, 0x0000000086800000, 0x0000000086800000|100%| O|  |TAMS 0x0000000086800000, 0x0000000086700000| Updating 
| 104|0x0000000086800000, 0x0000000086900000, 0x0000000086900000|100%| O|  |TAMS 0x0000000086900000, 0x0000000086800000| Updating 
| 105|0x0000000086900000, 0x0000000086a00000, 0x0000000086a00000|100%| O|  |TAMS 0x0000000086a00000, 0x0000000086900000| Updating 
| 106|0x0000000086a00000, 0x0000000086b00000, 0x0000000086b00000|100%| O|  |TAMS 0x0000000086b00000, 0x0000000086a00000| Updating 
| 107|0x0000000086b00000, 0x0000000086c00000, 0x0000000086c00000|100%| O|  |TAMS 0x0000000086c00000, 0x0000000086b00000| Updating 
| 108|0x0000000086c00000, 0x0000000086d00000, 0x0000000086d00000|100%| O|  |TAMS 0x0000000086d00000, 0x0000000086c00000| Updating 
| 109|0x0000000086d00000, 0x0000000086d96000, 0x0000000086e00000| 58%| O|  |TAMS 0x0000000086d96000, 0x0000000086d00000| Updating 
| 110|0x0000000086e00000, 0x0000000086f00000, 0x0000000086f00000|100%|HS|  |TAMS 0x0000000086e00000, 0x0000000086e00000| Complete 
| 111|0x0000000086f00000, 0x0000000087000000, 0x0000000087000000|100%|HC|  |TAMS 0x0000000086f00000, 0x0000000086f00000| Complete 
| 112|0x0000000087000000, 0x0000000087100000, 0x0000000087100000|100%|HS|  |TAMS 0x0000000087000000, 0x0000000087000000| Complete 
| 113|0x0000000087100000, 0x0000000087200000, 0x0000000087200000|100%|HS|  |TAMS 0x0000000087100000, 0x0000000087100000| Complete 
| 114|0x0000000087200000, 0x0000000087200000, 0x0000000087300000|  0%| F|  |TAMS 0x0000000087200000, 0x0000000087200000| Untracked 
| 115|0x0000000087300000, 0x0000000087300000, 0x0000000087400000|  0%| F|  |TAMS 0x0000000087300000, 0x0000000087300000| Untracked 
| 116|0x0000000087400000, 0x0000000087400000, 0x0000000087500000|  0%| F|  |TAMS 0x0000000087400000, 0x0000000087400000| Untracked 
| 117|0x0000000087500000, 0x0000000087500000, 0x0000000087600000|  0%| F|  |TAMS 0x0000000087500000, 0x0000000087500000| Untracked 
| 118|0x0000000087600000, 0x0000000087600000, 0x0000000087700000|  0%| F|  |TAMS 0x0000000087600000, 0x0000000087600000| Untracked 
| 119|0x0000000087700000, 0x0000000087700000, 0x0000000087800000|  0%| F|  |TAMS 0x0000000087700000, 0x0000000087700000| Untracked 
| 120|0x0000000087800000, 0x0000000087800000, 0x0000000087900000|  0%| F|  |TAMS 0x0000000087800000, 0x0000000087800000| Untracked 
| 121|0x0000000087900000, 0x0000000087900000, 0x0000000087a00000|  0%| F|  |TAMS 0x0000000087900000, 0x0000000087900000| Untracked 
| 122|0x0000000087a00000, 0x0000000087a00000, 0x0000000087b00000|  0%| F|  |TAMS 0x0000000087a00000, 0x0000000087a00000| Untracked 
| 123|0x0000000087b00000, 0x0000000087b00000, 0x0000000087c00000|  0%| F|  |TAMS 0x0000000087b00000, 0x0000000087b00000| Untracked 
| 124|0x0000000087c00000, 0x0000000087c00000, 0x0000000087d00000|  0%| F|  |TAMS 0x0000000087c00000, 0x0000000087c00000| Untracked 
| 125|0x0000000087d00000, 0x0000000087d00000, 0x0000000087e00000|  0%| F|  |TAMS 0x0000000087d00000, 0x0000000087d00000| Untracked 
| 126|0x0000000087e00000, 0x0000000087e00000, 0x0000000087f00000|  0%| F|  |TAMS 0x0000000087e00000, 0x0000000087e00000| Untracked 
| 127|0x0000000087f00000, 0x0000000087f00000, 0x0000000088000000|  0%| F|  |TAMS 0x0000000087f00000, 0x0000000087f00000| Untracked 
| 128|0x0000000088000000, 0x0000000088000000, 0x0000000088100000|  0%| F|  |TAMS 0x0000000088000000, 0x0000000088000000| Untracked 
| 129|0x0000000088100000, 0x0000000088100000, 0x0000000088200000|  0%| F|  |TAMS 0x0000000088100000, 0x0000000088100000| Untracked 
| 130|0x0000000088200000, 0x0000000088200000, 0x0000000088300000|  0%| F|  |TAMS 0x0000000088200000, 0x0000000088200000| Untracked 
| 131|0x0000000088300000, 0x0000000088300000, 0x0000000088400000|  0%| F|  |TAMS 0x0000000088300000, 0x0000000088300000| Untracked 
| 132|0x0000000088400000, 0x0000000088400000, 0x0000000088500000|  0%| F|  |TAMS 0x0000000088400000, 0x0000000088400000| Untracked 
| 133|0x0000000088500000, 0x0000000088500000, 0x0000000088600000|  0%| F|  |TAMS 0x0000000088500000, 0x0000000088500000| Untracked 
| 134|0x0000000088600000, 0x0000000088600000, 0x0000000088700000|  0%| F|  |TAMS 0x0000000088600000, 0x0000000088600000| Untracked 
| 135|0x0000000088700000, 0x0000000088700000, 0x0000000088800000|  0%| F|  |TAMS 0x0000000088700000, 0x0000000088700000| Untracked 
| 136|0x0000000088800000, 0x0000000088800000, 0x0000000088900000|  0%| F|  |TAMS 0x0000000088800000, 0x0000000088800000| Untracked 
| 137|0x0000000088900000, 0x0000000088900000, 0x0000000088a00000|  0%| F|  |TAMS 0x0000000088900000, 0x0000000088900000| Untracked 
| 138|0x0000000088a00000, 0x0000000088a00000, 0x0000000088b00000|  0%| F|  |TAMS 0x0000000088a00000, 0x0000000088a00000| Untracked 
| 139|0x0000000088b00000, 0x0000000088c00000, 0x0000000088c00000|100%| E|CS|TAMS 0x0000000088b00000, 0x0000000088b00000| Complete 
| 140|0x0000000088c00000, 0x0000000088d00000, 0x0000000088d00000|100%| E|CS|TAMS 0x0000000088c00000, 0x0000000088c00000| Complete 
| 141|0x0000000088d00000, 0x0000000088e00000, 0x0000000088e00000|100%| E|CS|TAMS 0x0000000088d00000, 0x0000000088d00000| Complete 
| 142|0x0000000088e00000, 0x0000000088f00000, 0x0000000088f00000|100%| E|CS|TAMS 0x0000000088e00000, 0x0000000088e00000| Complete 
| 143|0x0000000088f00000, 0x0000000089000000, 0x0000000089000000|100%| E|CS|TAMS 0x0000000088f00000, 0x0000000088f00000| Complete 
| 144|0x0000000089000000, 0x0000000089100000, 0x0000000089100000|100%| E|CS|TAMS 0x0000000089000000, 0x0000000089000000| Complete 
| 145|0x0000000089100000, 0x0000000089200000, 0x0000000089200000|100%| E|CS|TAMS 0x0000000089100000, 0x0000000089100000| Complete 
| 146|0x0000000089200000, 0x0000000089300000, 0x0000000089300000|100%| E|CS|TAMS 0x0000000089200000, 0x0000000089200000| Complete 
| 147|0x0000000089300000, 0x0000000089400000, 0x0000000089400000|100%| E|CS|TAMS 0x0000000089300000, 0x0000000089300000| Complete 
| 148|0x0000000089400000, 0x0000000089500000, 0x0000000089500000|100%| E|CS|TAMS 0x0000000089400000, 0x0000000089400000| Complete 
| 149|0x0000000089500000, 0x0000000089600000, 0x0000000089600000|100%| E|CS|TAMS 0x0000000089500000, 0x0000000089500000| Complete 
| 150|0x0000000089600000, 0x0000000089600000, 0x0000000089700000|  0%| F|  |TAMS 0x0000000089600000, 0x0000000089600000| Untracked 
| 151|0x0000000089700000, 0x0000000089700000, 0x0000000089800000|  0%| F|  |TAMS 0x0000000089700000, 0x0000000089700000| Untracked 
| 152|0x0000000089800000, 0x0000000089800000, 0x0000000089900000|  0%| F|  |TAMS 0x0000000089800000, 0x0000000089800000| Untracked 
| 153|0x0000000089900000, 0x0000000089900000, 0x0000000089a00000|  0%| F|  |TAMS 0x0000000089900000, 0x0000000089900000| Untracked 
| 154|0x0000000089a00000, 0x0000000089a00000, 0x0000000089b00000|  0%| F|  |TAMS 0x0000000089a00000, 0x0000000089a00000| Untracked 
| 155|0x0000000089b00000, 0x0000000089b00000, 0x0000000089c00000|  0%| F|  |TAMS 0x0000000089b00000, 0x0000000089b00000| Untracked 
| 156|0x0000000089c00000, 0x0000000089c00000, 0x0000000089d00000|  0%| F|  |TAMS 0x0000000089c00000, 0x0000000089c00000| Untracked 
| 157|0x0000000089d00000, 0x0000000089d00000, 0x0000000089e00000|  0%| F|  |TAMS 0x0000000089d00000, 0x0000000089d00000| Untracked 
| 158|0x0000000089e00000, 0x0000000089e00000, 0x0000000089f00000|  0%| F|  |TAMS 0x0000000089e00000, 0x0000000089e00000| Untracked 
| 159|0x0000000089f00000, 0x0000000089f00000, 0x000000008a000000|  0%| F|  |TAMS 0x0000000089f00000, 0x0000000089f00000| Untracked 
| 160|0x000000008a000000, 0x000000008a000000, 0x000000008a100000|  0%| F|  |TAMS 0x000000008a000000, 0x000000008a000000| Untracked 
| 161|0x000000008a100000, 0x000000008a100000, 0x000000008a200000|  0%| F|  |TAMS 0x000000008a100000, 0x000000008a100000| Untracked 
| 162|0x000000008a200000, 0x000000008a200000, 0x000000008a300000|  0%| F|  |TAMS 0x000000008a200000, 0x000000008a200000| Untracked 
| 163|0x000000008a300000, 0x000000008a300000, 0x000000008a400000|  0%| F|  |TAMS 0x000000008a300000, 0x000000008a300000| Untracked 
| 164|0x000000008a400000, 0x000000008a400000, 0x000000008a500000|  0%| F|  |TAMS 0x000000008a400000, 0x000000008a400000| Untracked 
| 165|0x000000008a500000, 0x000000008a500000, 0x000000008a600000|  0%| F|  |TAMS 0x000000008a500000, 0x000000008a500000| Untracked 
| 166|0x000000008a600000, 0x000000008a600000, 0x000000008a700000|  0%| F|  |TAMS 0x000000008a600000, 0x000000008a600000| Untracked 
| 167|0x000000008a700000, 0x000000008a700000, 0x000000008a800000|  0%| F|  |TAMS 0x000000008a700000, 0x000000008a700000| Untracked 
| 168|0x000000008a800000, 0x000000008a800000, 0x000000008a900000|  0%| F|  |TAMS 0x000000008a800000, 0x000000008a800000| Untracked 
| 169|0x000000008a900000, 0x000000008a900000, 0x000000008aa00000|  0%| F|  |TAMS 0x000000008a900000, 0x000000008a900000| Untracked 
| 170|0x000000008aa00000, 0x000000008aa00000, 0x000000008ab00000|  0%| F|  |TAMS 0x000000008aa00000, 0x000000008aa00000| Untracked 
| 171|0x000000008ab00000, 0x000000008ab00000, 0x000000008ac00000|  0%| F|  |TAMS 0x000000008ab00000, 0x000000008ab00000| Untracked 
| 172|0x000000008ac00000, 0x000000008ac00000, 0x000000008ad00000|  0%| F|  |TAMS 0x000000008ac00000, 0x000000008ac00000| Untracked 
| 173|0x000000008ad00000, 0x000000008ad00000, 0x000000008ae00000|  0%| F|  |TAMS 0x000000008ad00000, 0x000000008ad00000| Untracked 
| 174|0x000000008ae00000, 0x000000008ae00000, 0x000000008af00000|  0%| F|  |TAMS 0x000000008ae00000, 0x000000008ae00000| Untracked 
| 175|0x000000008af00000, 0x000000008af00000, 0x000000008b000000|  0%| F|  |TAMS 0x000000008af00000, 0x000000008af00000| Untracked 
| 176|0x000000008b000000, 0x000000008b000000, 0x000000008b100000|  0%| F|  |TAMS 0x000000008b000000, 0x000000008b000000| Untracked 
| 177|0x000000008b100000, 0x000000008b100000, 0x000000008b200000|  0%| F|  |TAMS 0x000000008b100000, 0x000000008b100000| Untracked 
| 178|0x000000008b200000, 0x000000008b200000, 0x000000008b300000|  0%| F|  |TAMS 0x000000008b200000, 0x000000008b200000| Untracked 
| 179|0x000000008b300000, 0x000000008b300000, 0x000000008b400000|  0%| F|  |TAMS 0x000000008b300000, 0x000000008b300000| Untracked 
| 180|0x000000008b400000, 0x000000008b400000, 0x000000008b500000|  0%| F|  |TAMS 0x000000008b400000, 0x000000008b400000| Untracked 
| 181|0x000000008b500000, 0x000000008b500000, 0x000000008b600000|  0%| F|  |TAMS 0x000000008b500000, 0x000000008b500000| Untracked 
| 182|0x000000008b600000, 0x000000008b600000, 0x000000008b700000|  0%| F|  |TAMS 0x000000008b600000, 0x000000008b600000| Untracked 
| 183|0x000000008b700000, 0x000000008b700000, 0x000000008b800000|  0%| F|  |TAMS 0x000000008b700000, 0x000000008b700000| Untracked 
| 184|0x000000008b800000, 0x000000008b800000, 0x000000008b900000|  0%| F|  |TAMS 0x000000008b800000, 0x000000008b800000| Untracked 
| 185|0x000000008b900000, 0x000000008b900000, 0x000000008ba00000|  0%| F|  |TAMS 0x000000008b900000, 0x000000008b900000| Untracked 
| 186|0x000000008ba00000, 0x000000008ba00000, 0x000000008bb00000|  0%| F|  |TAMS 0x000000008ba00000, 0x000000008ba00000| Untracked 
| 187|0x000000008bb00000, 0x000000008bb7e760, 0x000000008bc00000| 49%| S|  |TAMS 0x000000008bb00000, 0x000000008bb00000| Complete 
| 188|0x000000008bc00000, 0x000000008bd00000, 0x000000008bd00000|100%| S|  |TAMS 0x000000008bc00000, 0x000000008bc00000| Complete 
| 189|0x000000008bd00000, 0x000000008be00000, 0x000000008be00000|100%| E|CS|TAMS 0x000000008bd00000, 0x000000008bd00000| Complete 
| 190|0x000000008be00000, 0x000000008bf00000, 0x000000008bf00000|100%| E|CS|TAMS 0x000000008be00000, 0x000000008be00000| Complete 
| 191|0x000000008bf00000, 0x000000008c000000, 0x000000008c000000|100%| E|CS|TAMS 0x000000008bf00000, 0x000000008bf00000| Complete 
| 192|0x000000008c000000, 0x000000008c100000, 0x000000008c100000|100%| E|CS|TAMS 0x000000008c000000, 0x000000008c000000| Complete 
| 193|0x000000008c100000, 0x000000008c200000, 0x000000008c200000|100%| E|CS|TAMS 0x000000008c100000, 0x000000008c100000| Complete 
| 194|0x000000008c200000, 0x000000008c300000, 0x000000008c300000|100%| E|CS|TAMS 0x000000008c200000, 0x000000008c200000| Complete 
| 195|0x000000008c300000, 0x000000008c400000, 0x000000008c400000|100%| E|CS|TAMS 0x000000008c300000, 0x000000008c300000| Complete 
| 196|0x000000008c400000, 0x000000008c500000, 0x000000008c500000|100%| E|CS|TAMS 0x000000008c400000, 0x000000008c400000| Complete 
| 197|0x000000008c500000, 0x000000008c600000, 0x000000008c600000|100%| E|CS|TAMS 0x000000008c500000, 0x000000008c500000| Complete 
| 198|0x000000008c600000, 0x000000008c700000, 0x000000008c700000|100%| E|CS|TAMS 0x000000008c600000, 0x000000008c600000| Complete 
| 199|0x000000008c700000, 0x000000008c800000, 0x000000008c800000|100%| E|CS|TAMS 0x000000008c700000, 0x000000008c700000| Complete 
| 200|0x000000008c800000, 0x000000008c900000, 0x000000008c900000|100%| E|CS|TAMS 0x000000008c800000, 0x000000008c800000| Complete 
| 201|0x000000008c900000, 0x000000008ca00000, 0x000000008ca00000|100%| E|CS|TAMS 0x000000008c900000, 0x000000008c900000| Complete 
| 202|0x000000008ca00000, 0x000000008cb00000, 0x000000008cb00000|100%| E|CS|TAMS 0x000000008ca00000, 0x000000008ca00000| Complete 
| 203|0x000000008cb00000, 0x000000008cc00000, 0x000000008cc00000|100%| E|CS|TAMS 0x000000008cb00000, 0x000000008cb00000| Complete 
| 204|0x000000008cc00000, 0x000000008cd00000, 0x000000008cd00000|100%| E|CS|TAMS 0x000000008cc00000, 0x000000008cc00000| Complete 
| 205|0x000000008cd00000, 0x000000008ce00000, 0x000000008ce00000|100%| E|CS|TAMS 0x000000008cd00000, 0x000000008cd00000| Complete 
| 206|0x000000008ce00000, 0x000000008cf00000, 0x000000008cf00000|100%| E|CS|TAMS 0x000000008ce00000, 0x000000008ce00000| Complete 
| 207|0x000000008cf00000, 0x000000008d000000, 0x000000008d000000|100%| E|CS|TAMS 0x000000008cf00000, 0x000000008cf00000| Complete 
| 208|0x000000008d000000, 0x000000008d100000, 0x000000008d100000|100%| E|CS|TAMS 0x000000008d000000, 0x000000008d000000| Complete 
| 209|0x000000008d100000, 0x000000008d200000, 0x000000008d200000|100%| E|CS|TAMS 0x000000008d100000, 0x000000008d100000| Complete 
| 210|0x000000008d200000, 0x000000008d300000, 0x000000008d300000|100%| E|CS|TAMS 0x000000008d200000, 0x000000008d200000| Complete 
| 211|0x000000008d300000, 0x000000008d400000, 0x000000008d400000|100%| E|CS|TAMS 0x000000008d300000, 0x000000008d300000| Complete 
| 212|0x000000008d400000, 0x000000008d500000, 0x000000008d500000|100%| E|CS|TAMS 0x000000008d400000, 0x000000008d400000| Complete 
| 213|0x000000008d500000, 0x000000008d600000, 0x000000008d600000|100%| E|CS|TAMS 0x000000008d500000, 0x000000008d500000| Complete 
| 214|0x000000008d600000, 0x000000008d700000, 0x000000008d700000|100%| E|CS|TAMS 0x000000008d600000, 0x000000008d600000| Complete 

Card table byte_map: [0x000002179bb50000,0x000002179bf50000] _byte_map_base: 0x000002179b750000

Marking Bits (Prev, Next): (CMBitMap*) 0x00000217887bd2d8, (CMBitMap*) 0x00000217887bd310
 Prev Bits: [0x000002179c350000, 0x000002179e350000)
 Next Bits: [0x000002179e350000, 0x00000217a0350000)

Polling page: 0x000002178c100000

Metaspace:

Usage:
  Non-class:     98.98 MB capacity,    97.37 MB ( 98%) used,     1.34 MB (  1%) free+waste,   274.75 KB ( <1%) overhead. 
      Class:     14.53 MB capacity,    13.67 MB ( 94%) used,   757.81 KB (  5%) free+waste,   122.44 KB ( <1%) overhead. 
       Both:    113.50 MB capacity,   111.04 MB ( 98%) used,     2.08 MB (  2%) free+waste,   397.19 KB ( <1%) overhead. 

Virtual space:
  Non-class space:      100.00 MB reserved,      99.92 MB (>99%) committed 
      Class space:        1.00 GB reserved,      14.82 MB (  1%) committed 
             Both:        1.10 GB reserved,     114.75 MB ( 10%) committed 

Chunk freelists:
   Non-Class:  967.00 KB
       Class:  293.00 KB
        Both:  1.23 MB

MaxMetaspaceSize: 17179869184.00 GB
CompressedClassSpaceSize: 1.00 GB

CodeHeap 'non-profiled nmethods': size=120064Kb used=8728Kb max_used=8728Kb free=111335Kb
 bounds [0x0000021793be0000, 0x0000021794470000, 0x000002179b120000]
CodeHeap 'profiled nmethods': size=120000Kb used=33118Kb max_used=33118Kb free=86881Kb
 bounds [0x000002178c6b0000, 0x000002178e710000, 0x0000021793be0000]
CodeHeap 'non-nmethods': size=5696Kb used=2413Kb max_used=2443Kb free=3282Kb
 bounds [0x000002178c120000, 0x000002178c390000, 0x000002178c6b0000]
 total_blobs=15784 nmethods=14716 adapters=978
 compilation: enabled
              stopped_count=0, restarted_count=0
 full_count=0

Compilation events (20 events):
Event: 5075.042 Thread 0x00000217a29b8000 15409       4       org.apache.xerces.dom.NamedNodeMapImpl::isReadOnly (15 bytes)
Event: 5075.043 Thread 0x00000217a29bd800 nmethod 15405 0x000002178e703790 code [0x000002178e703fa0, 0x000002178e707e48]
Event: 5075.043 Thread 0x00000217a29b8000 nmethod 15409 0x0000021794464f90 code [0x0000021794465120, 0x0000021794465198]
Event: 5075.043 Thread 0x00000217a29bd800 15408       3       com.android.ide.common.resources.NodeUtils::updateNamespace (161 bytes)
Event: 5075.044 Thread 0x00000217a29bd800 nmethod 15408 0x000002178e709410 code [0x000002178e7096c0, 0x000002178e70a338]
Event: 5075.045 Thread 0x00000217a29bd800 15406       3       com.google.common.cache.LocalCache::recordsAccess (5 bytes)
Event: 5075.045 Thread 0x00000217a29bd800 nmethod 15406 0x000002178e70a690 code [0x000002178e70a840, 0x000002178e70aa18]
Event: 5075.045 Thread 0x00000217a29bd800 15407       3       com.google.common.cache.LocalCache::refreshes (15 bytes)
Event: 5075.045 Thread 0x00000217a29bd800 nmethod 15407 0x000002178e70ab10 code [0x000002178e70acc0, 0x000002178e70ae38]
Event: 5075.051 Thread 0x00000217a29b8000 15410  s    4       java.util.Hashtable::isEmpty (13 bytes)
Event: 5075.052 Thread 0x00000217a29b8000 nmethod 15410 0x0000021794465210 code [0x00000217944653a0, 0x00000217944655b8]
Event: 5075.052 Thread 0x00000217a29b8000 15411       4       java.util.Hashtable$Enumerator::<init> (51 bytes)
Event: 5075.061 Thread 0x00000217a29b8000 nmethod 15411 0x0000021794465690 code [0x0000021794465820, 0x0000021794465a98]
Event: 5075.071 Thread 0x00000217a29bd800 15412       1       com.android.resources.ResourceFolderType::getName (5 bytes)
Event: 5075.072 Thread 0x00000217a29bd800 nmethod 15412 0x0000021794465b90 code [0x0000021794465d40, 0x0000021794465df8]
Event: 5075.074 Thread 0x00000217a29bd800 15413       1       org.apache.xerces.dom.CoreDocumentImpl::isXML11Version (5 bytes)
Event: 5075.074 Thread 0x00000217a29b8000 15414   !   4       org.apache.xerces.dom.CoreDocumentImpl::adoptNode (537 bytes)
Event: 5075.074 Thread 0x00000217a29bd800 nmethod 15413 0x0000021794465e90 code [0x0000021794466040, 0x00000217944660f8]
Event: 5075.086 Thread 0x00000217a29bd800 15416       1       com.google.common.cache.LocalCache$1::isActive (2 bytes)
Event: 5075.086 Thread 0x00000217a29bd800 nmethod 15416 0x0000021794466190 code [0x0000021794466340, 0x00000217944663f8]

GC Heap History (20 events):
Event: 19.109 GC heap before
{Heap before GC invocations=29 (full 0):
 garbage-first heap   total 183296K, used 142969K [0x0000000080000000, 0x0000000100000000)
  region size 1024K, 65 young (66560K), 6 survivors (6144K)
 Metaspace       used 92826K, capacity 94964K, committed 95228K, reserved 1132544K
  class space    used 11927K, capacity 12608K, committed 12620K, reserved 1048576K
}
Event: 19.128 GC heap after
{Heap after GC invocations=30 (full 0):
 garbage-first heap   total 183296K, used 88351K [0x0000000080000000, 0x0000000100000000)
  region size 1024K, 8 young (8192K), 8 survivors (8192K)
 Metaspace       used 92826K, capacity 94964K, committed 95228K, reserved 1132544K
  class space    used 11927K, capacity 12608K, committed 12620K, reserved 1048576K
}
Event: 29.530 GC heap before
{Heap before GC invocations=30 (full 0):
 garbage-first heap   total 183296K, used 147743K [0x0000000080000000, 0x0000000100000000)
  region size 1024K, 66 young (67584K), 8 survivors (8192K)
 Metaspace       used 98083K, capacity 100396K, committed 100604K, reserved 1136640K
  class space    used 12539K, capacity 13360K, committed 13388K, reserved 1048576K
}
Event: 29.544 GC heap after
{Heap after GC invocations=31 (full 0):
 garbage-first heap   total 183296K, used 91032K [0x0000000080000000, 0x0000000100000000)
  region size 1024K, 8 young (8192K), 8 survivors (8192K)
 Metaspace       used 98083K, capacity 100396K, committed 100604K, reserved 1136640K
  class space    used 12539K, capacity 13360K, committed 13388K, reserved 1048576K
}
Event: 31.421 GC heap before
{Heap before GC invocations=31 (full 0):
 garbage-first heap   total 183296K, used 148376K [0x0000000080000000, 0x0000000100000000)
  region size 1024K, 65 young (66560K), 8 survivors (8192K)
 Metaspace       used 98441K, capacity 100742K, committed 100860K, reserved 1136640K
  class space    used 12552K, capacity 13364K, committed 13388K, reserved 1048576K
}
Event: 31.434 GC heap after
{Heap after GC invocations=32 (full 0):
 garbage-first heap   total 183296K, used 92309K [0x0000000080000000, 0x0000000100000000)
  region size 1024K, 5 young (5120K), 5 survivors (5120K)
 Metaspace       used 98441K, capacity 100742K, committed 100860K, reserved 1136640K
  class space    used 12552K, capacity 13364K, committed 13388K, reserved 1048576K
}
Event: 35.851 GC heap before
{Heap before GC invocations=33 (full 0):
 garbage-first heap   total 183296K, used 150677K [0x0000000080000000, 0x0000000100000000)
  region size 1024K, 63 young (64512K), 5 survivors (5120K)
 Metaspace       used 102051K, capacity 104476K, committed 104700K, reserved 1140736K
  class space    used 12987K, capacity 13836K, committed 13900K, reserved 1048576K
}
Event: 35.898 GC heap after
{Heap after GC invocations=34 (full 0):
 garbage-first heap   total 183296K, used 94703K [0x0000000080000000, 0x0000000100000000)
  region size 1024K, 7 young (7168K), 7 survivors (7168K)
 Metaspace       used 102051K, capacity 104476K, committed 104700K, reserved 1140736K
  class space    used 12987K, capacity 13836K, committed 13900K, reserved 1048576K
}
Event: 37.026 GC heap before
{Heap before GC invocations=34 (full 0):
 garbage-first heap   total 183296K, used 108015K [0x0000000080000000, 0x0000000100000000)
  region size 1024K, 22 young (22528K), 7 survivors (7168K)
 Metaspace       used 102960K, capacity 105507K, committed 105724K, reserved 1140736K
  class space    used 13145K, capacity 14038K, committed 14156K, reserved 1048576K
}
Event: 37.057 GC heap after
{Heap after GC invocations=35 (full 0):
 garbage-first heap   total 220160K, used 95599K [0x0000000080000000, 0x0000000100000000)
  region size 1024K, 5 young (5120K), 5 survivors (5120K)
 Metaspace       used 102960K, capacity 105507K, committed 105724K, reserved 1140736K
  class space    used 13145K, capacity 14038K, committed 14156K, reserved 1048576K
}
Event: 1761.979 GC heap before
{Heap before GC invocations=36 (full 0):
 garbage-first heap   total 220160K, used 166255K [0x0000000080000000, 0x0000000100000000)
  region size 1024K, 74 young (75776K), 5 survivors (5120K)
 Metaspace       used 107570K, capacity 110292K, committed 110460K, reserved 1144832K
  class space    used 13463K, capacity 14410K, committed 14540K, reserved 1048576K
}
Event: 1762.395 GC heap after
{Heap after GC invocations=37 (full 0):
 garbage-first heap   total 220160K, used 96234K [0x0000000080000000, 0x0000000100000000)
  region size 1024K, 6 young (6144K), 6 survivors (6144K)
 Metaspace       used 107570K, capacity 110292K, committed 110460K, reserved 1144832K
  class space    used 13463K, capacity 14410K, committed 14540K, reserved 1048576K
}
Event: 4885.968 GC heap before
{Heap before GC invocations=37 (full 0):
 garbage-first heap   total 220160K, used 150506K [0x0000000080000000, 0x0000000100000000)
  region size 1024K, 59 young (60416K), 6 survivors (6144K)
 Metaspace       used 107632K, capacity 110356K, committed 110716K, reserved 1144832K
  class space    used 13467K, capacity 14410K, committed 14540K, reserved 1048576K
}
Event: 4886.140 GC heap after
{Heap after GC invocations=38 (full 0):
 garbage-first heap   total 220160K, used 96104K [0x0000000080000000, 0x0000000100000000)
  region size 1024K, 3 young (3072K), 3 survivors (3072K)
 Metaspace       used 107632K, capacity 110356K, committed 110716K, reserved 1144832K
  class space    used 13467K, capacity 14410K, committed 14540K, reserved 1048576K
}
Event: 5051.376 GC heap before
{Heap before GC invocations=38 (full 0):
 garbage-first heap   total 220160K, used 166760K [0x0000000080000000, 0x0000000100000000)
  region size 1024K, 73 young (74752K), 3 survivors (3072K)
 Metaspace       used 109630K, capacity 112615K, committed 112764K, reserved 1146880K
  class space    used 13708K, capacity 14712K, committed 14796K, reserved 1048576K
}
Event: 5051.448 GC heap after
{Heap after GC invocations=39 (full 0):
 garbage-first heap   total 220160K, used 100469K [0x0000000080000000, 0x0000000100000000)
  region size 1024K, 7 young (7168K), 7 survivors (7168K)
 Metaspace       used 109630K, capacity 112615K, committed 112764K, reserved 1146880K
  class space    used 13708K, capacity 14712K, committed 14796K, reserved 1048576K
}
Event: 5056.945 GC heap before
{Heap before GC invocations=39 (full 0):
 garbage-first heap   total 220160K, used 177269K [0x0000000080000000, 0x0000000100000000)
  region size 1024K, 83 young (84992K), 7 survivors (7168K)
 Metaspace       used 110965K, capacity 113873K, committed 114172K, reserved 1148928K
  class space    used 13824K, capacity 14825K, committed 14924K, reserved 1048576K
}
Event: 5057.051 GC heap after
{Heap after GC invocations=40 (full 0):
 garbage-first heap   total 220160K, used 107244K [0x0000000080000000, 0x0000000100000000)
  region size 1024K, 11 young (11264K), 11 survivors (11264K)
 Metaspace       used 110965K, capacity 113873K, committed 114172K, reserved 1148928K
  class space    used 13824K, capacity 14825K, committed 14924K, reserved 1048576K
}
Event: 5059.221 GC heap before
{Heap before GC invocations=40 (full 0):
 garbage-first heap   total 220160K, used 174828K [0x0000000080000000, 0x0000000100000000)
  region size 1024K, 76 young (77824K), 11 survivors (11264K)
 Metaspace       used 111943K, capacity 114868K, committed 114940K, reserved 1148928K
  class space    used 13897K, capacity 14880K, committed 14924K, reserved 1048576K
}
Event: 5059.643 GC heap after
{Heap after GC invocations=41 (full 0):
 garbage-first heap   total 220160K, used 121432K [0x0000000080000000, 0x0000000100000000)
  region size 1024K, 11 young (11264K), 11 survivors (11264K)
 Metaspace       used 111943K, capacity 114868K, committed 114940K, reserved 1148928K
  class space    used 13897K, capacity 14880K, committed 14924K, reserved 1048576K
}

Deoptimization events (20 events):
Event: 5065.460 Thread 0x00000217a98cb000 DEOPT PACKING pc=0x000002178e6ab32b sp=0x000000f12a6fd630
Event: 5065.460 Thread 0x00000217a98cb000 DEOPT UNPACKING pc=0x000002178c1472ce sp=0x000000f12a6fcc88 mode 0
Event: 5065.462 Thread 0x00000217a98cb000 DEOPT PACKING pc=0x000002178e6ab32b sp=0x000000f12a6fd630
Event: 5065.462 Thread 0x00000217a98cb000 DEOPT UNPACKING pc=0x000002178c1472ce sp=0x000000f12a6fcc88 mode 0
Event: 5066.702 Thread 0x00000217a98ce000 DEOPT PACKING pc=0x000002178e6e2939 sp=0x000000f12a3fa820
Event: 5066.702 Thread 0x00000217a98ce000 DEOPT UNPACKING pc=0x000002178c1472ce sp=0x000000f12a3f9d88 mode 0
Event: 5066.726 Thread 0x00000217a98ce000 DEOPT PACKING pc=0x000002178e6e2757 sp=0x000000f12a3fa820
Event: 5066.726 Thread 0x00000217a98ce000 DEOPT UNPACKING pc=0x000002178c1472ce sp=0x000000f12a3f9d88 mode 0
Event: 5075.033 Thread 0x00000217a98ce000 Uncommon trap: trap_request=0xffffffde fr.pc=0x0000021794435628 relative=0x0000000000003468
Event: 5075.033 Thread 0x00000217a98ce000 Uncommon trap: reason=class_check action=maybe_recompile pc=0x0000021794435628 method=org.apache.xerces.dom.NamedNodeMapImpl.item(I)Lorg/w3c/dom/Node; @ 30 c2
Event: 5075.033 Thread 0x00000217a98ce000 DEOPT PACKING pc=0x0000021794435628 sp=0x000000f12a3fab40
Event: 5075.033 Thread 0x00000217a98ce000 DEOPT UNPACKING pc=0x000002178c1474af sp=0x000000f12a3faa40 mode 2
Event: 5075.033 Thread 0x00000217a98ce000 Uncommon trap: trap_request=0xffffffde fr.pc=0x0000021794424a74 relative=0x0000000000000334
Event: 5075.033 Thread 0x00000217a98ce000 Uncommon trap: reason=class_check action=maybe_recompile pc=0x0000021794424a74 method=com.android.ide.common.resources.NodeUtils.processSingleNodeNamespace(Lorg/w3c/dom/Node;Lorg/w3c/dom/Document;)Z @ 100 c2
Event: 5075.033 Thread 0x00000217a98ce000 DEOPT PACKING pc=0x0000021794424a74 sp=0x000000f12a3faa70
Event: 5075.033 Thread 0x00000217a98ce000 DEOPT UNPACKING pc=0x000002178c1474af sp=0x000000f12a3faa08 mode 2
Event: 5075.036 Thread 0x00000217a98ce000 Uncommon trap: trap_request=0xffffffde fr.pc=0x000002179441ff80 relative=0x00000000000081c0
Event: 5075.036 Thread 0x00000217a98ce000 Uncommon trap: reason=class_check action=maybe_recompile pc=0x000002179441ff80 method=org.apache.xerces.dom.NamedNodeMapImpl.item(I)Lorg/w3c/dom/Node; @ 30 c2
Event: 5075.036 Thread 0x00000217a98ce000 DEOPT PACKING pc=0x000002179441ff80 sp=0x000000f12a3fa820
Event: 5075.036 Thread 0x00000217a98ce000 DEOPT UNPACKING pc=0x000002178c1474af sp=0x000000f12a3fa790 mode 2

Classes redefined (0 events):
No events

Internal exceptions (20 events):
Event: 5058.945 Thread 0x00000217a98ce000 Exception <a 'java/lang/NoSuchMethodError'{0x000000008a03b190}: <clinit>> (0x000000008a03b190) thrown at [./src/hotspot/share/prims/jni.cpp, line 1362]
Event: 5058.954 Thread 0x00000217a98ce000 Exception <a 'java/lang/NoSuchMethodError'{0x000000008a0499c0}: <clinit>> (0x000000008a0499c0) thrown at [./src/hotspot/share/prims/jni.cpp, line 1362]
Event: 5058.977 Thread 0x00000217a98ce000 Exception <a 'java/lang/NoSuchMethodError'{0x000000008a0b1078}: <clinit>> (0x000000008a0b1078) thrown at [./src/hotspot/share/prims/jni.cpp, line 1362]
Event: 5058.977 Thread 0x00000217a98ce000 Exception <a 'java/lang/NoSuchMethodError'{0x000000008a0b3998}: <clinit>> (0x000000008a0b3998) thrown at [./src/hotspot/share/prims/jni.cpp, line 1362]
Event: 5058.978 Thread 0x00000217a98ce000 Exception <a 'java/lang/NoSuchMethodError'{0x000000008a0b8018}: <clinit>> (0x000000008a0b8018) thrown at [./src/hotspot/share/prims/jni.cpp, line 1362]
Event: 5058.978 Thread 0x00000217a98ce000 Exception <a 'java/lang/NoSuchMethodError'{0x000000008a0c3050}: <clinit>> (0x000000008a0c3050) thrown at [./src/hotspot/share/prims/jni.cpp, line 1362]
Event: 5058.996 Thread 0x00000217a98ce000 Exception <a 'java/lang/NoSuchMethodError'{0x0000000089f0ab70}: <clinit>> (0x0000000089f0ab70) thrown at [./src/hotspot/share/prims/jni.cpp, line 1362]
Event: 5059.014 Thread 0x00000217a98ce000 Exception <a 'java/lang/NoSuchMethodError'{0x0000000089f3e248}: <clinit>> (0x0000000089f3e248) thrown at [./src/hotspot/share/prims/jni.cpp, line 1362]
Event: 5059.020 Thread 0x00000217a98ce000 Exception <a 'java/lang/NoSuchMethodError'{0x0000000089f700e0}: <clinit>> (0x0000000089f700e0) thrown at [./src/hotspot/share/prims/jni.cpp, line 1362]
Event: 5059.020 Thread 0x00000217a98ce000 Exception <a 'java/lang/NoSuchMethodError'{0x0000000089f737c0}: <clinit>> (0x0000000089f737c0) thrown at [./src/hotspot/share/prims/jni.cpp, line 1362]
Event: 5059.020 Thread 0x00000217a98ce000 Exception <a 'java/lang/NoSuchMethodError'{0x0000000089f76430}: <clinit>> (0x0000000089f76430) thrown at [./src/hotspot/share/prims/jni.cpp, line 1362]
Event: 5059.021 Thread 0x00000217a98ce000 Exception <a 'java/lang/NoSuchMethodError'{0x0000000089f8e440}: <clinit>> (0x0000000089f8e440) thrown at [./src/hotspot/share/prims/jni.cpp, line 1362]
Event: 5059.023 Thread 0x00000217a98ce000 Exception <a 'java/lang/NoSuchMethodError'{0x0000000089fa5760}: <clinit>> (0x0000000089fa5760) thrown at [./src/hotspot/share/prims/jni.cpp, line 1362]
Event: 5059.025 Thread 0x00000217a98ce000 Exception <a 'java/lang/NoSuchMethodError'{0x0000000089fc3d08}: <clinit>> (0x0000000089fc3d08) thrown at [./src/hotspot/share/prims/jni.cpp, line 1362]
Event: 5059.027 Thread 0x00000217a98ce000 Exception <a 'java/lang/NoSuchMethodError'{0x0000000089fd4cf8}: <clinit>> (0x0000000089fd4cf8) thrown at [./src/hotspot/share/prims/jni.cpp, line 1362]
Event: 5059.073 Thread 0x00000217a98ce000 Exception <a 'java/lang/NoSuchMethodError'{0x0000000089d5ee10}: <clinit>> (0x0000000089d5ee10) thrown at [./src/hotspot/share/prims/jni.cpp, line 1362]
Event: 5059.187 Thread 0x00000217a98ce000 Implicit null exception at 0x000002179417a00f to 0x000002179417a4bc
Event: 5060.120 Thread 0x00000217a98d7000 Exception <a 'java/lang/ClassNotFoundException'{0x000000008d60ca28}: sun/awt/resources/spi/awtProvider> (0x000000008d60ca28) thrown at [./src/hotspot/share/classfile/systemDictionary.cpp, line 231]
Event: 5061.347 Thread 0x00000217a98d7000 Exception <a 'java/io/FileNotFoundException'{0x000000008d3ba208}> (0x000000008d3ba208) thrown at [./src/hotspot/share/prims/jni.cpp, line 615]
Event: 5061.381 Thread 0x00000217a98d7000 Exception <a 'java/io/FileNotFoundException'{0x000000008d3be1b8}> (0x000000008d3be1b8) thrown at [./src/hotspot/share/prims/jni.cpp, line 615]

Events (20 events):
Event: 5074.999 Executing VM operation: RevokeBias
Event: 5075.008 Executing VM operation: RevokeBias done
Event: 5075.008 Executing VM operation: RevokeBias
Event: 5075.030 Executing VM operation: RevokeBias done
Event: 5075.031 Executing VM operation: RevokeBias
Event: 5075.056 Executing VM operation: RevokeBias done
Event: 5075.057 Executing VM operation: RevokeBias
Event: 5075.067 Executing VM operation: RevokeBias done
Event: 5075.070 Executing VM operation: RevokeBias
Event: 5075.071 Executing VM operation: RevokeBias done
Event: 5075.072 Executing VM operation: RevokeBias
Event: 5075.075 Executing VM operation: RevokeBias done
Event: 5075.075 Executing VM operation: RevokeBias
Event: 5075.076 Executing VM operation: RevokeBias done
Event: 5075.076 Executing VM operation: RevokeBias
Event: 5075.078 Executing VM operation: RevokeBias done
Event: 5075.078 Executing VM operation: RevokeBias
Event: 5075.087 Executing VM operation: RevokeBias done
Event: 5075.088 Executing VM operation: RevokeBias
Event: 5075.090 Executing VM operation: RevokeBias done


Dynamic libraries:
0x00007ff61bd30000 - 0x00007ff61bd3a000 	C:\Program Files\Android\Android Studio\jre\bin\java.exe
0x00007ffd09a50000 - 0x00007ffd09c45000 	C:\WINDOWS\SYSTEM32\ntdll.dll
0x00007ffd08350000 - 0x00007ffd0840d000 	C:\WINDOWS\System32\KERNEL32.DLL
0x00007ffd07190000 - 0x00007ffd07458000 	C:\WINDOWS\System32\KERNELBASE.dll
0x00007ffd076c0000 - 0x00007ffd077c0000 	C:\WINDOWS\System32\ucrtbase.dll
0x00007ffcf05f0000 - 0x00007ffcf0607000 	C:\Program Files\Android\Android Studio\jre\bin\VCRUNTIME140.dll
0x00007ffcc47b0000 - 0x00007ffcc47c9000 	C:\Program Files\Android\Android Studio\jre\bin\jli.dll
0x00007ffd08c00000 - 0x00007ffd08da0000 	C:\WINDOWS\System32\USER32.dll
0x00007ffd07460000 - 0x00007ffd07482000 	C:\WINDOWS\System32\win32u.dll
0x00007ffd08040000 - 0x00007ffd0806a000 	C:\WINDOWS\System32\GDI32.dll
0x00007ffd075b0000 - 0x00007ffd076bb000 	C:\WINDOWS\System32\gdi32full.dll
0x00007ffd07490000 - 0x00007ffd0752d000 	C:\WINDOWS\System32\msvcp_win.dll
0x00007ffcf08d0000 - 0x00007ffcf0b6a000 	C:\WINDOWS\WinSxS\amd64_microsoft.windows.common-controls_6595b64144ccf1df_6.0.19041.844_none_ca00b6081b84eb1d\COMCTL32.dll
0x00007ffd08da0000 - 0x00007ffd08e3e000 	C:\WINDOWS\System32\msvcrt.dll
0x00007ffd08e40000 - 0x00007ffd08e70000 	C:\WINDOWS\System32\IMM32.DLL
0x00007ffcb6ca0000 - 0x00007ffcb6d3d000 	C:\Program Files\Android\Android Studio\jre\bin\msvcp140.dll
0x00007ffc9b320000 - 0x00007ffc9bddc000 	C:\Program Files\Android\Android Studio\jre\bin\server\jvm.dll
0x00007ffd094a0000 - 0x00007ffd0954c000 	C:\WINDOWS\System32\ADVAPI32.dll
0x00007ffd08e70000 - 0x00007ffd08f0b000 	C:\WINDOWS\System32\sechost.dll
0x00007ffd07b90000 - 0x00007ffd07cbb000 	C:\WINDOWS\System32\RPCRT4.dll
0x00007ffd08bf0000 - 0x00007ffd08bf8000 	C:\WINDOWS\System32\PSAPI.DLL
0x00007ffcff850000 - 0x00007ffcff859000 	C:\WINDOWS\SYSTEM32\WSOCK32.dll
0x00007ffce7ca0000 - 0x00007ffce7cc7000 	C:\WINDOWS\SYSTEM32\WINMM.dll
0x00007ffcf9970000 - 0x00007ffcf997a000 	C:\WINDOWS\SYSTEM32\VERSION.dll
0x00007ffd07d70000 - 0x00007ffd07ddb000 	C:\WINDOWS\System32\WS2_32.dll
0x00007ffd05a60000 - 0x00007ffd05a72000 	C:\WINDOWS\SYSTEM32\kernel.appcore.dll
0x00007ffcff830000 - 0x00007ffcff841000 	C:\Program Files\Android\Android Studio\jre\bin\verify.dll
0x00007ffd050b0000 - 0x00007ffd05294000 	C:\WINDOWS\SYSTEM32\DBGHELP.DLL
0x00007ffce7c40000 - 0x00007ffce7c6c000 	C:\WINDOWS\SYSTEM32\dbgcore.DLL
0x00007ffd07530000 - 0x00007ffd075b0000 	C:\WINDOWS\System32\bcryptPrimitives.dll
0x00007ffcfc630000 - 0x00007ffcfc659000 	C:\Program Files\Android\Android Studio\jre\bin\java.dll
0x00007ffcff800000 - 0x00007ffcff80b000 	C:\Program Files\Android\Android Studio\jre\bin\jimage.dll
0x00007ffcf4680000 - 0x00007ffcf4698000 	C:\Program Files\Android\Android Studio\jre\bin\zip.dll
0x00007ffd08430000 - 0x00007ffd08b72000 	C:\WINDOWS\System32\SHELL32.dll
0x00007ffd052a0000 - 0x00007ffd05a30000 	C:\WINDOWS\SYSTEM32\windows.storage.dll
0x00007ffd096b0000 - 0x00007ffd09a05000 	C:\WINDOWS\System32\combase.dll
0x00007ffd06b30000 - 0x00007ffd06b5c000 	C:\WINDOWS\SYSTEM32\Wldp.dll
0x00007ffd09380000 - 0x00007ffd0942e000 	C:\WINDOWS\System32\SHCORE.dll
0x00007ffd09440000 - 0x00007ffd09495000 	C:\WINDOWS\System32\shlwapi.dll
0x00007ffd070d0000 - 0x00007ffd070ef000 	C:\WINDOWS\SYSTEM32\profapi.dll
0x00007ffcf4590000 - 0x00007ffcf45aa000 	C:\Program Files\Android\Android Studio\jre\bin\net.dll
0x00007ffcf1d20000 - 0x00007ffcf1e2b000 	C:\WINDOWS\SYSTEM32\WINHTTP.dll
0x00007ffd068a0000 - 0x00007ffd0690a000 	C:\WINDOWS\system32\mswsock.dll
0x00007ffcf4570000 - 0x00007ffcf4584000 	C:\Program Files\Android\Android Studio\jre\bin\nio.dll
0x00007ffcfc660000 - 0x00007ffcfc686000 	C:\Users\HISSOKA\.gradle\native\fdc75f09e3144964f2cf3f50f0aa648679c211496f362492102eb8c894070792\windows-amd64\native-platform.dll
0x00007ffca76a0000 - 0x00007ffca7831000 	C:\Users\HISSOKA\.gradle\native\12488b8bf47d2d4c9fbf2f6322a914ad602e24e48041cd04a747c6da556b65c4\windows-amd64\native-platform-file-events.dll
0x00007ffcff7f0000 - 0x00007ffcff7fa000 	C:\Program Files\Android\Android Studio\jre\bin\management.dll
0x00007ffcfd780000 - 0x00007ffcfd78c000 	C:\Program Files\Android\Android Studio\jre\bin\management_ext.dll
0x00007ffd06a70000 - 0x00007ffd06a88000 	C:\WINDOWS\SYSTEM32\CRYPTSP.dll
0x00007ffd06240000 - 0x00007ffd06274000 	C:\WINDOWS\system32\rsaenh.dll
0x00007ffd078d0000 - 0x00007ffd078f7000 	C:\WINDOWS\System32\bcrypt.dll
0x00007ffd07050000 - 0x00007ffd0707e000 	C:\WINDOWS\SYSTEM32\USERENV.dll
0x00007ffd06a90000 - 0x00007ffd06a9c000 	C:\WINDOWS\SYSTEM32\CRYPTBASE.dll
0x00007ffd06590000 - 0x00007ffd065cb000 	C:\WINDOWS\SYSTEM32\IPHLPAPI.DLL
0x00007ffd09430000 - 0x00007ffd09438000 	C:\WINDOWS\System32\NSI.dll
0x00007ffcf84d0000 - 0x00007ffcf84e7000 	C:\WINDOWS\SYSTEM32\dhcpcsvc6.DLL
0x00007ffcf9bd0000 - 0x00007ffcf9bed000 	C:\WINDOWS\SYSTEM32\dhcpcsvc.DLL
0x00007ffd065d0000 - 0x00007ffd0669c000 	C:\WINDOWS\SYSTEM32\DNSAPI.dll
0x00007ffcfaf60000 - 0x00007ffcfaf6b000 	C:\WINDOWS\SYSTEM32\WINNSI.DLL
0x00007ffcf0630000 - 0x00007ffcf0657000 	C:\Program Files\Android\Android Studio\jre\bin\sunec.dll
0x00007ffcf1cc0000 - 0x00007ffcf1cca000 	C:\Windows\System32\rasadhlp.dll
0x00007ffcf1e30000 - 0x00007ffcf1eaf000 	C:\WINDOWS\System32\fwpuclnt.dll
0x00007ffcaf9f0000 - 0x00007ffcafb92000 	C:\Program Files\Android\Android Studio\jre\bin\awt.dll
0x00007ffd095e0000 - 0x00007ffd096ad000 	C:\WINDOWS\System32\OLEAUT32.dll
0x00007ffd018b0000 - 0x00007ffd018df000 	C:\WINDOWS\SYSTEM32\dwmapi.dll
0x00007ffd01500000 - 0x00007ffd01590000 	C:\WINDOWS\SYSTEM32\apphelp.dll
0x00007ffd016c0000 - 0x00007ffd0175e000 	C:\WINDOWS\system32\uxtheme.dll

dbghelp: loaded successfully - version: 4.0.5 - missing functions: none
symbol engine: initialized successfully - sym options: 0x614 - pdb path: .;C:\Program Files\Android\Android Studio\jre\bin;C:\WINDOWS\SYSTEM32;C:\WINDOWS\WinSxS\amd64_microsoft.windows.common-controls_6595b64144ccf1df_6.0.19041.844_none_ca00b6081b84eb1d;C:\Program Files\Android\Android Studio\jre\bin\server;C:\Users\HISSOKA\.gradle\native\fdc75f09e3144964f2cf3f50f0aa648679c211496f362492102eb8c894070792\windows-amd64;C:\Users\HISSOKA\.gradle\native\12488b8bf47d2d4c9fbf2f6322a914ad602e24e48041cd04a747c6da556b65c4\windows-amd64

VM Arguments:
jvm_args: --add-opens=java.base/java.util=ALL-UNNAMED --add-opens=java.base/java.lang=ALL-UNNAMED --add-opens=java.base/java.lang.invoke=ALL-UNNAMED --add-opens=java.prefs/java.util.prefs=ALL-UNNAMED -Xmx2048m -Dfile.encoding=UTF-8 -Duser.country=US -Duser.language=en -Duser.variant 
java_command: org.gradle.launcher.daemon.bootstrap.GradleDaemon 6.7.1
java_class_path (initial): C:\Users\HISSOKA\.gradle\wrapper\dists\gradle-6.7.1-bin\bwlcbys1h7rz3272sye1xwiv6\gradle-6.7.1\lib\gradle-launcher-6.7.1.jar
Launcher Type: SUN_STANDARD

[Global flags]
     intx CICompilerCount                          = 3                                         {product} {ergonomic}
     uint ConcGCThreads                            = 1                                         {product} {ergonomic}
     uint G1ConcRefinementThreads                  = 4                                         {product} {ergonomic}
   size_t G1HeapRegionSize                         = 1048576                                   {product} {ergonomic}
    uintx GCDrainStackTargetSize                   = 64                                        {product} {ergonomic}
   size_t InitialHeapSize                          = 67108864                                  {product} {ergonomic}
   size_t MarkStackSize                            = 4194304                                   {product} {ergonomic}
   size_t MaxHeapSize                              = 2147483648                                {product} {command line}
   size_t MaxNewSize                               = 1287651328                                {product} {ergonomic}
   size_t MinHeapDeltaBytes                        = 1048576                                   {product} {ergonomic}
    uintx NonNMethodCodeHeapSize                   = 5830732                                {pd product} {ergonomic}
    uintx NonProfiledCodeHeapSize                  = 122913754                              {pd product} {ergonomic}
    uintx ProfiledCodeHeapSize                     = 122913754                              {pd product} {ergonomic}
    uintx ReservedCodeCacheSize                    = 251658240                              {pd product} {ergonomic}
     bool SegmentedCodeCache                       = true                                      {product} {ergonomic}
     bool UseCompressedClassPointers               = true                                 {lp64_product} {ergonomic}
     bool UseCompressedOops                        = true                                 {lp64_product} {ergonomic}
     bool UseG1GC                                  = true                                      {product} {ergonomic}
     bool UseLargePagesIndividualAllocation        = false                                  {pd product} {ergonomic}

Logging:
Log output configuration:
 #0: stdout all=warning uptime,level,tags
 #1: stderr all=off uptime,level,tags

Environment Variables:
PATH=C:\Program Files\Common Files\Oracle\Java\javapath;C:\WINDOWS\system32;C:\WINDOWS;C:\WINDOWS\System32\Wbem;C:\WINDOWS\System32\WindowsPowerShell\v1.0\;C:\WINDOWS\System32\OpenSSH\;C:\laragon\bin\php\php-7.2.19-Win32-VC15-x64;C:\composer;C:\Program Files\Git\cmd;C:\Program Files\dotnet\;C:\Program Files\Microsoft SQL Server\130\Tools\Binn\;C:\Program Files\Microsoft SQL Server\Client SDK\ODBC\170\Tools\Binn\;C:\Program Files (x86)\Microsoft SQL Server\150\DTS\Binn\;C:\Program Files\Azure Data Studio\bin;C:\Program Files (x86)\Microsoft SQL Server\150\Tools\Binn\;C:\Program Files\Microsoft SQL Server\150\Tools\Binn\;C:\Program Files\Microsoft SQL Server\150\DTS\Binn\;C:\Users\HISSOKA\AppData\Local\Microsoft\WindowsApps;C:\Users\HISSOKA\AppData\Local\Programs\Microsoft VS Code\bin;C:\Program Files\JetBrains\IntelliJ IDEA Community Edition 2021.1.1\bin;;C:\Users\HISSOKA\AppData\Roaming\Composer\vendor\bin;C:\Program Files\Dart\dart-sdk\bin;C:\Users\HISSOKA\flutter\bin;C:\Users\HISSOKA\.dotnet\tools;C:\Program Files\Azure Data Studio\bin
USERNAME=HISSOKA
OS=Windows_NT
PROCESSOR_IDENTIFIER=Intel64 Family 6 Model 78 Stepping 3, GenuineIntel



---------------  S Y S T E M  ---------------

OS: Windows 10 , 64 bit Build 19041 (10.0.19041.928)
OS uptime: 3 days 10:00 hours

CPU:total 4 (initial active 4) (2 cores per cpu, 2 threads per core) family 6 model 78 stepping 3, cmov, cx8, fxsr, mmx, sse, sse2, sse3, ssse3, sse4.1, sse4.2, popcnt, avx, avx2, aes, clmul, erms, 3dnowpref, lzcnt, ht, tsc, tscinvbit, bmi1, bmi2, adx, fma

Memory: 4k page, system-wide physical 3976M (101M free)
TotalPageFile size 16264M (AvailPageFile size 0M)
current process WorkingSet (physical memory assigned to process): 197M, peak: 392M
current process commit charge ("private bytes"): 523M, peak: 544M

vm_info: OpenJDK 64-Bit Server VM (11.0.8+10-b944.6842174) for windows-amd64 JRE (11.0.8+10-b944.6842174), built on Sep 19 2020 01:11:42 by "builder" with MS VC++ 14.0 (VS2015)

END.
