#
# There is insufficient memory for the Java Runtime Environment to continue.
# Native memory allocation (malloc) failed to allocate 1203936 bytes for Chunk::new
# Possible reasons:
#   The system is out of physical RAM or swap space
#   The process is running with CompressedOops enabled, and the Java Heap may be blocking the growth of the native heap
# Possible solutions:
#   Reduce memory load on the system
#   Increase physical memory or swap space
#   Check if swap backing store is full
#   Decrease Java heap size (-Xmx/-Xms)
#   Decrease number of Java threads
#   Decrease Java thread stack sizes (-Xss)
#   Set larger code cache with -XX:ReservedCodeCacheSize=
#   JVM is running with Unscaled Compressed Oops mode in which the Java heap is
#     placed in the first 4GB address space. The Java Heap base address is the
#     maximum limit for the native heap growth. Please use -XX:HeapBaseMinAddress
#     to set the Java Heap base and to place the Java Heap above 4GB virtual address.
# This output file may be truncated or incomplete.
#
#  Out of Memory Error (./src/hotspot/share/memory/arena.cpp:197), pid=16928, tid=3912
#
# JRE version: OpenJDK Runtime Environment (11.0.8+10) (build 11.0.8+10-b944.6842174)
# Java VM: OpenJDK 64-Bit Server VM (11.0.8+10-b944.6842174, mixed mode, tiered, compressed oops, g1 gc, windows-amd64)
# No core dump will be written. Minidumps are not enabled by default on client versions of Windows
#

---------------  S U M M A R Y ------------

Command Line: --add-opens=java.base/java.util=ALL-UNNAMED --add-opens=java.base/java.lang=ALL-UNNAMED --add-opens=java.base/java.lang.invoke=ALL-UNNAMED --add-opens=java.prefs/java.util.prefs=ALL-UNNAMED -Xmx2048m -Dfile.encoding=UTF-8 -Duser.country=US -Duser.language=en -Duser.variant org.gradle.launcher.daemon.bootstrap.GradleDaemon 6.7.1

Host: Intel(R) Core(TM) i7-6500U CPU @ 2.50GHz, 4 cores, 3G,  Windows 10 , 64 bit Build 19041 (10.0.19041.928)
Time: Sun May 23 02:15:10 2021 Morocco Daylight Time elapsed time: 99 seconds (0d 0h 1m 39s)

---------------  T H R E A D  ---------------

Current thread (0x000001cdb6698800):  JavaThread "C2 CompilerThread0" daemon [_thread_in_native, id=3912, stack(0x0000009d1ee00000,0x0000009d1ef00000)]


Current CompileTask:
C2:  99395 13638       4       org.gradle.internal.snapshot.SnapshotUtil::getSnapshotFromChild (41 bytes)

Stack: [0x0000009d1ee00000,0x0000009d1ef00000]
Native frames: (J=compiled Java code, j=interpreted, Vv=VM code, C=native code)
V  [jvm.dll+0x5de50a]
V  [jvm.dll+0x7122f5]
V  [jvm.dll+0x71384d]
V  [jvm.dll+0x713f03]
V  [jvm.dll+0x23e728]
V  [jvm.dll+0xb899c]
V  [jvm.dll+0xb8e9c]
V  [jvm.dll+0x2b20e4]
V  [jvm.dll+0x502098]
V  [jvm.dll+0x1ff393]
V  [jvm.dll+0x1f917c]
V  [jvm.dll+0x1f685f]
V  [jvm.dll+0x17f32c]
V  [jvm.dll+0x205047]
V  [jvm.dll+0x203891]
V  [jvm.dll+0x6dad3f]
V  [jvm.dll+0x6d3895]
V  [jvm.dll+0x5dd4a6]
C  [ucrtbase.dll+0x21bb2]
C  [KERNEL32.DLL+0x17034]
C  [ntdll.dll+0x52651]


---------------  P R O C E S S  ---------------

Threads class SMR info:
_java_thread_list=0x000001cdbd5fe9b0, length=143, elements={
0x000001cd9ac8b000, 0x000001cdb6637800, 0x000001cdb6645800, 0x000001cdb6692800,
0x000001cdb6693800, 0x000001cdb6698800, 0x000001cdb669d800, 0x000001cdb66a2000,
0x000001cdb70ff800, 0x000001cdb7112000, 0x000001cdb8eac800, 0x000001cdb8939800,
0x000001cdba71f000, 0x000001cdb8402000, 0x000001cdb967a800, 0x000001cdb9678000,
0x000001cdb9677800, 0x000001cdb9675800, 0x000001cdb9673000, 0x000001cdbb121000,
0x000001cdbaa3d800, 0x000001cdbaa45000, 0x000001cdbe212000, 0x000001cdbe20e000,
0x000001cdbe20f000, 0x000001cdbe211000, 0x000001cdbe20f800, 0x000001cdbe20c800,
0x000001cdbe213000, 0x000001cdbe20d000, 0x000001cdbe215800, 0x000001cdbe210800,
0x000001cdbe217000, 0x000001cdbaa3c000, 0x000001cdbaa3e800, 0x000001cdbaa3f800,
0x000001cdbaa3d000, 0x000001cdbaa41000, 0x000001cdbaa40000, 0x000001cdbaa3b000,
0x000001cdbaa43800, 0x000001cdbaa42000, 0x000001cdbaa46000, 0x000001cdbaa46800,
0x000001cdbaa42800, 0x000001cdbaa4a000, 0x000001cdbaa47800, 0x000001cdbaa48800,
0x000001cdbaa49000, 0x000001cdbb11f800, 0x000001cdbb11c000, 0x000001cdbb122800,
0x000001cdbb11d000, 0x000001cdbb123800, 0x000001cdbb11e000, 0x000001cdbb129000,
0x000001cdbb127800, 0x000001cdbb128800, 0x000001cdbb12a000, 0x000001cdbb124800,
0x000001cdbb126000, 0x000001cdbb127000, 0x000001cdbb12b000, 0x000001cdbb125000,
0x000001cdbe217800, 0x000001cdbe213800, 0x000001cdbe21a000, 0x000001cdbe218800,
0x000001cdbe214800, 0x000001cdbe21b000, 0x000001cdbe216000, 0x000001cdbe219800,
0x000001cdb9676800, 0x000001cdb9672800, 0x000001cdb9679000, 0x000001cdb9674000,
0x000001cdb9675000, 0x000001cdb9912800, 0x000001cdb9913800, 0x000001cdb9911800,
0x000001cdb990e800, 0x000001cdb990d800, 0x000001cdb9914000, 0x000001cdb9915000,
0x000001cdb990f000, 0x000001cdb9916000, 0x000001cdb9910000, 0x000001cdb9916800,
0x000001cdb9911000, 0x000001cdb9918000, 0x000001cdb991c800, 0x000001cdb9917800,
0x000001cdb9919000, 0x000001cdb991b800, 0x000001cdb991a000, 0x000001cdb991a800,
0x000001cdb86d0800, 0x000001cdb86d3800, 0x000001cdb86d2000, 0x000001cdb86d5800,
0x000001cdb86d4800, 0x000001cdb86cf800, 0x000001cdb86d3000, 0x000001cdb86d6000,
0x000001cdb86d7000, 0x000001cdb86d1000, 0x000001cdb86dc000, 0x000001cdb86db000,
0x000001cdb86d7800, 0x000001cdb86dc800, 0x000001cdb86dd800, 0x000001cdb86d9800,
0x000001cdb86da000, 0x000001cdb86d8800, 0x000001cdb86de800, 0x000001cdb9a14000,
0x000001cdb9a17000, 0x000001cdb9a15800, 0x000001cdb9a11800, 0x000001cdb9a16800,
0x000001cdb9a12800, 0x000001cdb9a15000, 0x000001cdb9a19000, 0x000001cdb9a18000,
0x000001cdb9a13000, 0x000001cdb9a19800, 0x000001cdb9a1b800, 0x000001cdb9a1d000,
0x000001cdb9a1f800, 0x000001cdb9a1e800, 0x000001cdb9a20000, 0x000001cdb9a1a800,
0x000001cdb9a1c000, 0x000001cdb9a1e000, 0x000001cdb7e66800, 0x000001cdb7e65000,
0x000001cdb7e67800, 0x000001cdb7e6a000, 0x000001cdb7e64800, 0x000001cdb7e6e000,
0x000001cdb7e68800, 0x000001cdb7e6b800, 0x000001cdb7e6c800
}

Java Threads: ( => current thread )
  0x000001cd9ac8b000 JavaThread "main" [_thread_blocked, id=16792, stack(0x0000009d1e300000,0x0000009d1e400000)]
  0x000001cdb6637800 JavaThread "Reference Handler" daemon [_thread_blocked, id=15936, stack(0x0000009d1ea00000,0x0000009d1eb00000)]
  0x000001cdb6645800 JavaThread "Finalizer" daemon [_thread_blocked, id=10344, stack(0x0000009d1eb00000,0x0000009d1ec00000)]
  0x000001cdb6692800 JavaThread "Signal Dispatcher" daemon [_thread_blocked, id=12436, stack(0x0000009d1ec00000,0x0000009d1ed00000)]
  0x000001cdb6693800 JavaThread "Attach Listener" daemon [_thread_blocked, id=4160, stack(0x0000009d1ed00000,0x0000009d1ee00000)]
=>0x000001cdb6698800 JavaThread "C2 CompilerThread0" daemon [_thread_in_native, id=3912, stack(0x0000009d1ee00000,0x0000009d1ef00000)]
  0x000001cdb669d800 JavaThread "C1 CompilerThread0" daemon [_thread_blocked, id=9140, stack(0x0000009d1ef00000,0x0000009d1f000000)]
  0x000001cdb66a2000 JavaThread "Sweeper thread" daemon [_thread_blocked, id=3148, stack(0x0000009d1f000000,0x0000009d1f100000)]
  0x000001cdb70ff800 JavaThread "Common-Cleaner" daemon [_thread_blocked, id=8100, stack(0x0000009d1f100000,0x0000009d1f200000)]
  0x000001cdb7112000 JavaThread "Service Thread" daemon [_thread_blocked, id=12440, stack(0x0000009d1f200000,0x0000009d1f300000)]
  0x000001cdb8eac800 JavaThread "Daemon health stats" [_thread_blocked, id=9960, stack(0x0000009d1f600000,0x0000009d1f700000)]
  0x000001cdb8939800 JavaThread "Incoming local TCP Connector on port 58841" [_thread_in_native, id=11920, stack(0x0000009d1fa00000,0x0000009d1fb00000)]
  0x000001cdba71f000 JavaThread "Daemon periodic checks" [_thread_blocked, id=7652, stack(0x0000009d1fb00000,0x0000009d1fc00000)]
  0x000001cdb8402000 JavaThread "Daemon" [_thread_blocked, id=16176, stack(0x0000009d1fc00000,0x0000009d1fd00000)]
  0x000001cdb967a800 JavaThread "Daemon worker" [_thread_blocked, id=6584, stack(0x0000009d20000000,0x0000009d20100000)]
  0x000001cdb9678000 JavaThread "Cache worker for file hash cache (C:\Users\HISSOKA\.gradle\caches\6.7.1\fileHashes)" [_thread_blocked, id=804, stack(0x0000009d20400000,0x0000009d20500000)]
  0x000001cdb9677800 JavaThread "File lock request listener" [_thread_in_native, id=972, stack(0x0000009d20500000,0x0000009d20600000)]
  0x000001cdb9675800 JavaThread "Cache worker for journal cache (C:\Users\HISSOKA\.gradle\caches\journal-1)" [_thread_in_native, id=16760, stack(0x0000009d1fe00000,0x0000009d1ff00000)]
  0x000001cdb9673000 JavaThread "Cache worker for execution history cache (C:\Users\HISSOKA\.gradle\caches\6.7.1\executionHistory)" [_thread_blocked, id=12848, stack(0x0000009d20a00000,0x0000009d20b00000)]
  0x000001cdbb121000 JavaThread "Cache worker for file content cache (C:\Users\HISSOKA\.gradle\caches\6.7.1\fileContent)" [_thread_blocked, id=9188, stack(0x0000009d20d00000,0x0000009d20e00000)]
  0x000001cdbaa3d800 JavaThread "jar transforms Thread 97" [_thread_blocked, id=14124, stack(0x0000009d27100000,0x0000009d27200000)]
  0x000001cdbaa45000 JavaThread "Memory manager" [_thread_blocked, id=16724, stack(0x0000009d27200000,0x0000009d27300000)]
  0x000001cdbe212000 JavaThread "Java2D Disposer" daemon [_thread_blocked, id=15536, stack(0x0000009d27d00000,0x0000009d27e00000)]
  0x000001cdbe20e000 JavaThread "Handler for socket connection from /127.0.0.1:58841 to /127.0.0.1:58892" [_thread_in_native, id=8120, stack(0x0000009d1e000000,0x0000009d1e100000)]
  0x000001cdbe20f000 JavaThread "Cancel handler" [_thread_blocked, id=3184, stack(0x0000009d1e100000,0x0000009d1e200000)]
  0x000001cdbe211000 JavaThread "Asynchronous log dispatcher for DefaultDaemonConnection: socket connection from /127.0.0.1:58841 to /127.0.0.1:58892" [_thread_blocked, id=3104, stack(0x0000009d1e200000,0x0000009d1e300000)]
  0x000001cdbe20f800 JavaThread "Stdin handler" [_thread_blocked, id=11196, stack(0x0000009d1fd00000,0x0000009d1fe00000)]
  0x000001cdbe20c800 JavaThread "Thread-134" [_thread_blocked, id=3176, stack(0x0000009d1ff00000,0x0000009d20000000)]
  0x000001cdbe213000 JavaThread "Cache worker for file hash cache (C:\Users\HISSOKA\StudioProjects\Calculator\.gradle\6.7.1\fileHashes)" [_thread_blocked, id=15684, stack(0x0000009d20100000,0x0000009d20200000)]
  0x000001cdbe20d000 JavaThread "Cache worker for checksums cache (C:\Users\HISSOKA\StudioProjects\Calculator\.gradle\checksums)" [_thread_blocked, id=16796, stack(0x0000009d20200000,0x0000009d20300000)]
  0x000001cdbe215800 JavaThread "Cache worker for cache directory md-supplier (C:\Users\HISSOKA\.gradle\caches\6.7.1\md-supplier)" [_thread_blocked, id=17388, stack(0x0000009d20300000,0x0000009d20400000)]
  0x000001cdbe210800 JavaThread "Cache worker for cache directory md-rule (C:\Users\HISSOKA\.gradle\caches\6.7.1\md-rule)" [_thread_blocked, id=5760, stack(0x0000009d20600000,0x0000009d20700000)]
  0x000001cdbe217000 JavaThread "Cache worker for Build Output Cleanup Cache (C:\Users\HISSOKA\StudioProjects\Calculator\.gradle\buildOutputCleanup)" [_thread_blocked, id=13356, stack(0x0000009d20700000,0x0000009d20800000)]
  0x000001cdbaa3c000 JavaThread "Build operations" [_thread_in_native, id=16088, stack(0x0000009d20800000,0x0000009d20900000)]
  0x000001cdbaa3e800 JavaThread "Build operations Thread 2" [_thread_in_native, id=10356, stack(0x0000009d20900000,0x0000009d20a00000)]
  0x000001cdbaa3f800 JavaThread "Build operations Thread 3" [_thread_in_vm, id=9720, stack(0x0000009d20b00000,0x0000009d20c00000)]
  0x000001cdbaa3d000 JavaThread "Build operations Thread 4" [_thread_in_native, id=15728, stack(0x0000009d20c00000,0x0000009d20d00000)]
  0x000001cdbaa41000 JavaThread "jar transforms Thread 98" [_thread_blocked, id=6580, stack(0x0000009d20e00000,0x0000009d20f00000)]
  0x000001cdbaa40000 JavaThread "jar transforms Thread 99" [_thread_blocked, id=13104, stack(0x0000009d20f00000,0x0000009d21000000)]
  0x000001cdbaa3b000 JavaThread "jar transforms Thread 100" [_thread_blocked, id=16692, stack(0x0000009d21000000,0x0000009d21100000)]
  0x000001cdbaa43800 JavaThread "jar transforms Thread 101" [_thread_blocked, id=1800, stack(0x0000009d21100000,0x0000009d21200000)]
  0x000001cdbaa42000 JavaThread "jar transforms Thread 102" [_thread_blocked, id=8568, stack(0x0000009d21200000,0x0000009d21300000)]
  0x000001cdbaa46000 JavaThread "jar transforms Thread 103" [_thread_blocked, id=6156, stack(0x0000009d21300000,0x0000009d21400000)]
  0x000001cdbaa46800 JavaThread "jar transforms Thread 104" [_thread_blocked, id=14972, stack(0x0000009d21400000,0x0000009d21500000)]
  0x000001cdbaa42800 JavaThread "jar transforms Thread 105" [_thread_blocked, id=14624, stack(0x0000009d21500000,0x0000009d21600000)]
  0x000001cdbaa4a000 JavaThread "jar transforms Thread 106" [_thread_blocked, id=4048, stack(0x0000009d21600000,0x0000009d21700000)]
  0x000001cdbaa47800 JavaThread "jar transforms Thread 107" [_thread_blocked, id=5064, stack(0x0000009d21700000,0x0000009d21800000)]
  0x000001cdbaa48800 JavaThread "jar transforms Thread 108" [_thread_blocked, id=16300, stack(0x0000009d21800000,0x0000009d21900000)]
  0x000001cdbaa49000 JavaThread "jar transforms Thread 109" [_thread_blocked, id=3244, stack(0x0000009d21900000,0x0000009d21a00000)]
  0x000001cdbb11f800 JavaThread "jar transforms Thread 110" [_thread_blocked, id=12820, stack(0x0000009d21a00000,0x0000009d21b00000)]
  0x000001cdbb11c000 JavaThread "jar transforms Thread 111" [_thread_blocked, id=9364, stack(0x0000009d21b00000,0x0000009d21c00000)]
  0x000001cdbb122800 JavaThread "jar transforms Thread 112" [_thread_blocked, id=6904, stack(0x0000009d21c00000,0x0000009d21d00000)]
  0x000001cdbb11d000 JavaThread "jar transforms Thread 113" [_thread_blocked, id=4908, stack(0x0000009d21d00000,0x0000009d21e00000)]
  0x000001cdbb123800 JavaThread "jar transforms Thread 114" [_thread_blocked, id=7968, stack(0x0000009d21e00000,0x0000009d21f00000)]
  0x000001cdbb11e000 JavaThread "jar transforms Thread 115" [_thread_blocked, id=1832, stack(0x0000009d21f00000,0x0000009d22000000)]
  0x000001cdbb129000 JavaThread "jar transforms Thread 116" [_thread_blocked, id=17160, stack(0x0000009d22000000,0x0000009d22100000)]
  0x000001cdbb127800 JavaThread "jar transforms Thread 117" [_thread_blocked, id=14060, stack(0x0000009d22100000,0x0000009d22200000)]
  0x000001cdbb128800 JavaThread "jar transforms Thread 118" [_thread_blocked, id=13164, stack(0x0000009d22200000,0x0000009d22300000)]
  0x000001cdbb12a000 JavaThread "jar transforms Thread 119" [_thread_blocked, id=16728, stack(0x0000009d22300000,0x0000009d22400000)]
  0x000001cdbb124800 JavaThread "jar transforms Thread 120" [_thread_blocked, id=824, stack(0x0000009d22400000,0x0000009d22500000)]
  0x000001cdbb126000 JavaThread "jar transforms Thread 121" [_thread_blocked, id=6820, stack(0x0000009d22500000,0x0000009d22600000)]
  0x000001cdbb127000 JavaThread "jar transforms Thread 122" [_thread_blocked, id=17120, stack(0x0000009d22600000,0x0000009d22700000)]
  0x000001cdbb12b000 JavaThread "jar transforms Thread 123" [_thread_blocked, id=908, stack(0x0000009d22700000,0x0000009d22800000)]
  0x000001cdbb125000 JavaThread "jar transforms Thread 124" [_thread_blocked, id=6220, stack(0x0000009d22800000,0x0000009d22900000)]
  0x000001cdbe217800 JavaThread "jar transforms Thread 125" [_thread_blocked, id=7360, stack(0x0000009d22900000,0x0000009d22a00000)]
  0x000001cdbe213800 JavaThread "jar transforms Thread 126" [_thread_blocked, id=16420, stack(0x0000009d22a00000,0x0000009d22b00000)]
  0x000001cdbe21a000 JavaThread "jar transforms Thread 127" [_thread_blocked, id=17240, stack(0x0000009d22b00000,0x0000009d22c00000)]
  0x000001cdbe218800 JavaThread "jar transforms Thread 128" [_thread_blocked, id=16584, stack(0x0000009d22c00000,0x0000009d22d00000)]
  0x000001cdbe214800 JavaThread "jar transforms Thread 129" [_thread_blocked, id=14812, stack(0x0000009d22d00000,0x0000009d22e00000)]
  0x000001cdbe21b000 JavaThread "jar transforms Thread 130" [_thread_blocked, id=2388, stack(0x0000009d22e00000,0x0000009d22f00000)]
  0x000001cdbe216000 JavaThread "jar transforms Thread 131" [_thread_blocked, id=2764, stack(0x0000009d22f00000,0x0000009d23000000)]
  0x000001cdbe219800 JavaThread "jar transforms Thread 132" [_thread_blocked, id=8136, stack(0x0000009d23000000,0x0000009d23100000)]
  0x000001cdb9676800 JavaThread "jar transforms Thread 133" [_thread_blocked, id=12828, stack(0x0000009d23100000,0x0000009d23200000)]
  0x000001cdb9672800 JavaThread "jar transforms Thread 134" [_thread_blocked, id=13088, stack(0x0000009d23200000,0x0000009d23300000)]
  0x000001cdb9679000 JavaThread "jar transforms Thread 135" [_thread_blocked, id=9156, stack(0x0000009d23300000,0x0000009d23400000)]
  0x000001cdb9674000 JavaThread "jar transforms Thread 136" [_thread_blocked, id=6656, stack(0x0000009d23400000,0x0000009d23500000)]
  0x000001cdb9675000 JavaThread "jar transforms Thread 137" [_thread_blocked, id=7056, stack(0x0000009d23500000,0x0000009d23600000)]
  0x000001cdb9912800 JavaThread "jar transforms Thread 138" [_thread_blocked, id=16788, stack(0x0000009d23600000,0x0000009d23700000)]
  0x000001cdb9913800 JavaThread "jar transforms Thread 139" [_thread_blocked, id=3948, stack(0x0000009d23700000,0x0000009d23800000)]
  0x000001cdb9911800 JavaThread "jar transforms Thread 140" [_thread_blocked, id=14056, stack(0x0000009d23800000,0x0000009d23900000)]
  0x000001cdb990e800 JavaThread "jar transforms Thread 141" [_thread_blocked, id=17116, stack(0x0000009d23900000,0x0000009d23a00000)]
  0x000001cdb990d800 JavaThread "jar transforms Thread 142" [_thread_blocked, id=6488, stack(0x0000009d23a00000,0x0000009d23b00000)]
  0x000001cdb9914000 JavaThread "jar transforms Thread 143" [_thread_blocked, id=17404, stack(0x0000009d23b00000,0x0000009d23c00000)]
  0x000001cdb9915000 JavaThread "jar transforms Thread 144" [_thread_blocked, id=4972, stack(0x0000009d23c00000,0x0000009d23d00000)]
  0x000001cdb990f000 JavaThread "jar transforms Thread 145" [_thread_blocked, id=11816, stack(0x0000009d23d00000,0x0000009d23e00000)]
  0x000001cdb9916000 JavaThread "jar transforms Thread 146" [_thread_blocked, id=6016, stack(0x0000009d23e00000,0x0000009d23f00000)]
  0x000001cdb9910000 JavaThread "jar transforms Thread 147" [_thread_blocked, id=16972, stack(0x0000009d23f00000,0x0000009d24000000)]
  0x000001cdb9916800 JavaThread "jar transforms Thread 148" [_thread_blocked, id=12944, stack(0x0000009d24000000,0x0000009d24100000)]
  0x000001cdb9911000 JavaThread "jar transforms Thread 149" [_thread_blocked, id=11632, stack(0x0000009d24100000,0x0000009d24200000)]
  0x000001cdb9918000 JavaThread "jar transforms Thread 150" [_thread_blocked, id=16236, stack(0x0000009d24200000,0x0000009d24300000)]
  0x000001cdb991c800 JavaThread "jar transforms Thread 151" [_thread_blocked, id=8416, stack(0x0000009d24300000,0x0000009d24400000)]
  0x000001cdb9917800 JavaThread "jar transforms Thread 152" [_thread_blocked, id=8312, stack(0x0000009d24400000,0x0000009d24500000)]
  0x000001cdb9919000 JavaThread "jar transforms Thread 153" [_thread_blocked, id=1576, stack(0x0000009d24500000,0x0000009d24600000)]
  0x000001cdb991b800 JavaThread "jar transforms Thread 154" [_thread_blocked, id=14448, stack(0x0000009d24600000,0x0000009d24700000)]
  0x000001cdb991a000 JavaThread "jar transforms Thread 155" [_thread_blocked, id=16504, stack(0x0000009d24700000,0x0000009d24800000)]
  0x000001cdb991a800 JavaThread "jar transforms Thread 156" [_thread_blocked, id=13828, stack(0x0000009d24800000,0x0000009d24900000)]
  0x000001cdb86d0800 JavaThread "jar transforms Thread 157" [_thread_blocked, id=1360, stack(0x0000009d24900000,0x0000009d24a00000)]
  0x000001cdb86d3800 JavaThread "jar transforms Thread 158" [_thread_blocked, id=6216, stack(0x0000009d24a00000,0x0000009d24b00000)]
  0x000001cdb86d2000 JavaThread "jar transforms Thread 159" [_thread_blocked, id=3844, stack(0x0000009d24b00000,0x0000009d24c00000)]
  0x000001cdb86d5800 JavaThread "jar transforms Thread 160" [_thread_blocked, id=11136, stack(0x0000009d24c00000,0x0000009d24d00000)]
  0x000001cdb86d4800 JavaThread "jar transforms Thread 161" [_thread_blocked, id=32, stack(0x0000009d24d00000,0x0000009d24e00000)]
  0x000001cdb86cf800 JavaThread "jar transforms Thread 162" [_thread_blocked, id=14876, stack(0x0000009d24e00000,0x0000009d24f00000)]
  0x000001cdb86d3000 JavaThread "jar transforms Thread 163" [_thread_blocked, id=7080, stack(0x0000009d24f00000,0x0000009d25000000)]
  0x000001cdb86d6000 JavaThread "jar transforms Thread 164" [_thread_blocked, id=3928, stack(0x0000009d25000000,0x0000009d25100000)]
  0x000001cdb86d7000 JavaThread "jar transforms Thread 165" [_thread_blocked, id=8284, stack(0x0000009d25100000,0x0000009d25200000)]
  0x000001cdb86d1000 JavaThread "jar transforms Thread 166" [_thread_blocked, id=1040, stack(0x0000009d25200000,0x0000009d25300000)]
  0x000001cdb86dc000 JavaThread "jar transforms Thread 167" [_thread_blocked, id=11832, stack(0x0000009d25300000,0x0000009d25400000)]
  0x000001cdb86db000 JavaThread "jar transforms Thread 168" [_thread_blocked, id=10836, stack(0x0000009d25400000,0x0000009d25500000)]
  0x000001cdb86d7800 JavaThread "jar transforms Thread 169" [_thread_blocked, id=11848, stack(0x0000009d25500000,0x0000009d25600000)]
  0x000001cdb86dc800 JavaThread "jar transforms Thread 170" [_thread_blocked, id=12728, stack(0x0000009d25600000,0x0000009d25700000)]
  0x000001cdb86dd800 JavaThread "jar transforms Thread 171" [_thread_blocked, id=8952, stack(0x0000009d25700000,0x0000009d25800000)]
  0x000001cdb86d9800 JavaThread "jar transforms Thread 172" [_thread_blocked, id=10548, stack(0x0000009d25800000,0x0000009d25900000)]
  0x000001cdb86da000 JavaThread "jar transforms Thread 173" [_thread_blocked, id=4816, stack(0x0000009d25900000,0x0000009d25a00000)]
  0x000001cdb86d8800 JavaThread "jar transforms Thread 174" [_thread_blocked, id=9428, stack(0x0000009d25a00000,0x0000009d25b00000)]
  0x000001cdb86de800 JavaThread "jar transforms Thread 175" [_thread_blocked, id=12284, stack(0x0000009d25b00000,0x0000009d25c00000)]
  0x000001cdb9a14000 JavaThread "jar transforms Thread 176" [_thread_blocked, id=11896, stack(0x0000009d25c00000,0x0000009d25d00000)]
  0x000001cdb9a17000 JavaThread "jar transforms Thread 177" [_thread_blocked, id=9820, stack(0x0000009d25d00000,0x0000009d25e00000)]
  0x000001cdb9a15800 JavaThread "jar transforms Thread 178" [_thread_blocked, id=14696, stack(0x0000009d25e00000,0x0000009d25f00000)]
  0x000001cdb9a11800 JavaThread "jar transforms Thread 179" [_thread_blocked, id=16404, stack(0x0000009d25f00000,0x0000009d26000000)]
  0x000001cdb9a16800 JavaThread "jar transforms Thread 180" [_thread_blocked, id=5548, stack(0x0000009d26000000,0x0000009d26100000)]
  0x000001cdb9a12800 JavaThread "jar transforms Thread 181" [_thread_blocked, id=15500, stack(0x0000009d26100000,0x0000009d26200000)]
  0x000001cdb9a15000 JavaThread "jar transforms Thread 182" [_thread_blocked, id=9168, stack(0x0000009d26200000,0x0000009d26300000)]
  0x000001cdb9a19000 JavaThread "jar transforms Thread 183" [_thread_blocked, id=7608, stack(0x0000009d26300000,0x0000009d26400000)]
  0x000001cdb9a18000 JavaThread "jar transforms Thread 184" [_thread_blocked, id=672, stack(0x0000009d26400000,0x0000009d26500000)]
  0x000001cdb9a13000 JavaThread "jar transforms Thread 185" [_thread_blocked, id=7024, stack(0x0000009d26500000,0x0000009d26600000)]
  0x000001cdb9a19800 JavaThread "jar transforms Thread 186" [_thread_blocked, id=232, stack(0x0000009d26600000,0x0000009d26700000)]
  0x000001cdb9a1b800 JavaThread "jar transforms Thread 187" [_thread_blocked, id=6192, stack(0x0000009d26700000,0x0000009d26800000)]
  0x000001cdb9a1d000 JavaThread "jar transforms Thread 188" [_thread_blocked, id=15208, stack(0x0000009d26800000,0x0000009d26900000)]
  0x000001cdb9a1f800 JavaThread "jar transforms Thread 189" [_thread_blocked, id=2116, stack(0x0000009d26900000,0x0000009d26a00000)]
  0x000001cdb9a1e800 JavaThread "jar transforms Thread 190" [_thread_blocked, id=2472, stack(0x0000009d26a00000,0x0000009d26b00000)]
  0x000001cdb9a20000 JavaThread "jar transforms Thread 191" [_thread_blocked, id=372, stack(0x0000009d26b00000,0x0000009d26c00000)]
  0x000001cdb9a1a800 JavaThread "jar transforms Thread 192" [_thread_blocked, id=9248, stack(0x0000009d26c00000,0x0000009d26d00000)]
  0x000001cdb9a1c000 JavaThread "jar transforms Thread 193" [_thread_blocked, id=14820, stack(0x0000009d26d00000,0x0000009d26e00000)]
  0x000001cdb9a1e000 JavaThread "build event listener" [_thread_blocked, id=11312, stack(0x0000009d26e00000,0x0000009d26f00000)]
  0x000001cdb7e66800 JavaThread "build event listener" [_thread_blocked, id=3296, stack(0x0000009d26f00000,0x0000009d27000000)]
  0x000001cdb7e65000 JavaThread "Execution worker for ':'" [_thread_blocked, id=15044, stack(0x0000009d27000000,0x0000009d27100000)]
  0x000001cdb7e67800 JavaThread "Execution worker for ':' Thread 2" [_thread_blocked, id=14536, stack(0x0000009d27300000,0x0000009d27400000)]
  0x000001cdb7e6a000 JavaThread "Execution worker for ':' Thread 3" [_thread_blocked, id=4392, stack(0x0000009d27400000,0x0000009d27500000)]
  0x000001cdb7e64800 JavaThread "Cache worker for execution history cache (C:\Users\HISSOKA\StudioProjects\Calculator\.gradle\6.7.1\executionHistory)" [_thread_blocked, id=6032, stack(0x0000009d27500000,0x0000009d27600000)]
  0x000001cdb7e6e000 JavaThread "WorkerExecutor Queue" [_thread_blocked, id=12980, stack(0x0000009d27600000,0x0000009d27700000)]
  0x000001cdb7e68800 JavaThread "WorkerExecutor Queue Thread 2" [_thread_blocked, id=4460, stack(0x0000009d27700000,0x0000009d27800000)]
  0x000001cdb7e6b800 JavaThread "WorkerExecutor Queue Thread 3" [_thread_blocked, id=16900, stack(0x0000009d27800000,0x0000009d27900000)]
  0x000001cdb7e6c800 JavaThread "WorkerExecutor Queue Thread 4" [_thread_blocked, id=14396, stack(0x0000009d27900000,0x0000009d27a00000)]

Other Threads:
  0x000001cdb6632000 VMThread "VM Thread" [stack: 0x0000009d1e900000,0x0000009d1ea00000] [id=14800]
  0x000001cdb7113800 WatcherThread [stack: 0x0000009d1f300000,0x0000009d1f400000] [id=6168]
  0x000001cd9aca3800 GCTaskThread "GC Thread#0" [stack: 0x0000009d1e400000,0x0000009d1e500000] [id=1788]
  0x000001cdb741f000 GCTaskThread "GC Thread#1" [stack: 0x0000009d1f500000,0x0000009d1f600000] [id=17204]
  0x000001cdb8d85800 GCTaskThread "GC Thread#2" [stack: 0x0000009d1f700000,0x0000009d1f800000] [id=8188]
  0x000001cdb8d03800 GCTaskThread "GC Thread#3" [stack: 0x0000009d1f800000,0x0000009d1f900000] [id=6096]
  0x000001cd9acd6000 ConcurrentGCThread "G1 Main Marker" [stack: 0x0000009d1e500000,0x0000009d1e600000] [id=11000]
  0x000001cd9acd8800 ConcurrentGCThread "G1 Conc#0" [stack: 0x0000009d1e600000,0x0000009d1e700000] [id=8972]
  0x000001cd9ad30000 ConcurrentGCThread "G1 Refine#0" [stack: 0x0000009d1e700000,0x0000009d1e800000] [id=4672]
  0x000001cd9ad31000 ConcurrentGCThread "G1 Young RemSet Sampling" [stack: 0x0000009d1e800000,0x0000009d1e900000] [id=12508]

Threads with active compile tasks:
C2 CompilerThread0  99509 13638       4       org.gradle.internal.snapshot.SnapshotUtil::getSnapshotFromChild (41 bytes)

VM state:not at safepoint (normal execution)

VM Mutex/Monitor currently owned by a thread: None

Heap address: 0x0000000080000000, size: 2048 MB, Compressed Oops mode: 32-bit
Narrow klass base: 0x0000000000000000, Narrow klass shift: 3
Compressed class space size: 1073741824 Address: 0x0000000100000000

Heap:
 garbage-first heap   total 245760K, used 109389K [0x0000000080000000, 0x0000000100000000)
  region size 1024K, 16 young (16384K), 1 survivors (1024K)
 Metaspace       used 93833K, capacity 96080K, committed 96256K, reserved 1132544K
  class space    used 11477K, capacity 12230K, committed 12288K, reserved 1048576K
Heap Regions: E=young(eden), S=young(survivor), O=old, HS=humongous(starts), HC=humongous(continues), CS=collection set, F=free, A=archive, TAMS=top-at-mark-start (previous, next)
|   0|0x0000000080000000, 0x0000000080100000, 0x0000000080100000|100%| O|  |TAMS 0x0000000080100000, 0x0000000080000000| Untracked 
|   1|0x0000000080100000, 0x0000000080200000, 0x0000000080200000|100%| O|  |TAMS 0x0000000080200000, 0x0000000080100000| Untracked 
|   2|0x0000000080200000, 0x0000000080300000, 0x0000000080300000|100%| O|  |TAMS 0x0000000080300000, 0x0000000080200000| Untracked 
|   3|0x0000000080300000, 0x0000000080400000, 0x0000000080400000|100%|HS|  |TAMS 0x0000000080400000, 0x0000000080300000| Complete 
|   4|0x0000000080400000, 0x0000000080500000, 0x0000000080500000|100%|HC|  |TAMS 0x0000000080500000, 0x0000000080400000| Complete 
|   5|0x0000000080500000, 0x0000000080600000, 0x0000000080600000|100%|HC|  |TAMS 0x0000000080600000, 0x0000000080500000| Complete 
|   6|0x0000000080600000, 0x0000000080700000, 0x0000000080700000|100%| O|  |TAMS 0x0000000080700000, 0x0000000080600000| Untracked 
|   7|0x0000000080700000, 0x0000000080800000, 0x0000000080800000|100%| O|  |TAMS 0x0000000080800000, 0x0000000080700000| Untracked 
|   8|0x0000000080800000, 0x0000000080900000, 0x0000000080900000|100%| O|  |TAMS 0x0000000080900000, 0x0000000080800000| Untracked 
|   9|0x0000000080900000, 0x0000000080a00000, 0x0000000080a00000|100%| O|  |TAMS 0x0000000080a00000, 0x0000000080900000| Untracked 
|  10|0x0000000080a00000, 0x0000000080b00000, 0x0000000080b00000|100%| O|  |TAMS 0x0000000080b00000, 0x0000000080a00000| Untracked 
|  11|0x0000000080b00000, 0x0000000080c00000, 0x0000000080c00000|100%| O|  |TAMS 0x0000000080c00000, 0x0000000080b00000| Untracked 
|  12|0x0000000080c00000, 0x0000000080d00000, 0x0000000080d00000|100%| O|  |TAMS 0x0000000080d00000, 0x0000000080c00000| Untracked 
|  13|0x0000000080d00000, 0x0000000080e00000, 0x0000000080e00000|100%| O|  |TAMS 0x0000000080e00000, 0x0000000080d00000| Untracked 
|  14|0x0000000080e00000, 0x0000000080f00000, 0x0000000080f00000|100%| O|  |TAMS 0x0000000080f00000, 0x0000000080e00000| Untracked 
|  15|0x0000000080f00000, 0x0000000081000000, 0x0000000081000000|100%| O|  |TAMS 0x0000000081000000, 0x0000000080f00000| Untracked 
|  16|0x0000000081000000, 0x0000000081100000, 0x0000000081100000|100%| O|  |TAMS 0x0000000081100000, 0x0000000081000000| Untracked 
|  17|0x0000000081100000, 0x0000000081200000, 0x0000000081200000|100%| O|  |TAMS 0x0000000081200000, 0x0000000081100000| Untracked 
|  18|0x0000000081200000, 0x0000000081300000, 0x0000000081300000|100%| O|  |TAMS 0x0000000081300000, 0x0000000081200000| Untracked 
|  19|0x0000000081300000, 0x0000000081400000, 0x0000000081400000|100%| O|  |TAMS 0x0000000081400000, 0x0000000081300000| Untracked 
|  20|0x0000000081400000, 0x0000000081500000, 0x0000000081500000|100%| O|  |TAMS 0x0000000081500000, 0x0000000081400000| Untracked 
|  21|0x0000000081500000, 0x0000000081600000, 0x0000000081600000|100%| O|  |TAMS 0x0000000081600000, 0x0000000081500000| Untracked 
|  22|0x0000000081600000, 0x0000000081700000, 0x0000000081700000|100%| O|  |TAMS 0x0000000081700000, 0x0000000081600000| Untracked 
|  23|0x0000000081700000, 0x0000000081800000, 0x0000000081800000|100%| O|  |TAMS 0x0000000081800000, 0x0000000081700000| Untracked 
|  24|0x0000000081800000, 0x0000000081900000, 0x0000000081900000|100%|HS|  |TAMS 0x0000000081900000, 0x0000000081800000| Complete 
|  25|0x0000000081900000, 0x0000000081a00000, 0x0000000081a00000|100%|HS|  |TAMS 0x0000000081a00000, 0x0000000081900000| Complete 
|  26|0x0000000081a00000, 0x0000000081b00000, 0x0000000081b00000|100%|HC|  |TAMS 0x0000000081b00000, 0x0000000081a00000| Complete 
|  27|0x0000000081b00000, 0x0000000081c00000, 0x0000000081c00000|100%| O|  |TAMS 0x0000000081c00000, 0x0000000081b00000| Untracked 
|  28|0x0000000081c00000, 0x0000000081d00000, 0x0000000081d00000|100%| O|  |TAMS 0x0000000081d00000, 0x0000000081c00000| Untracked 
|  29|0x0000000081d00000, 0x0000000081e00000, 0x0000000081e00000|100%| O|  |TAMS 0x0000000081e00000, 0x0000000081d00000| Untracked 
|  30|0x0000000081e00000, 0x0000000081f00000, 0x0000000081f00000|100%| O|  |TAMS 0x0000000081f00000, 0x0000000081e00000| Untracked 
|  31|0x0000000081f00000, 0x0000000082000000, 0x0000000082000000|100%| O|  |TAMS 0x0000000082000000, 0x0000000081f00000| Untracked 
|  32|0x0000000082000000, 0x0000000082100000, 0x0000000082100000|100%| O|  |TAMS 0x0000000082100000, 0x0000000082000000| Untracked 
|  33|0x0000000082100000, 0x0000000082200000, 0x0000000082200000|100%| O|  |TAMS 0x0000000082200000, 0x0000000082100000| Untracked 
|  34|0x0000000082200000, 0x0000000082300000, 0x0000000082300000|100%| O|  |TAMS 0x0000000082300000, 0x0000000082200000| Untracked 
|  35|0x0000000082300000, 0x0000000082400000, 0x0000000082400000|100%| O|  |TAMS 0x0000000082400000, 0x0000000082300000| Untracked 
|  36|0x0000000082400000, 0x0000000082500000, 0x0000000082500000|100%| O|  |TAMS 0x0000000082500000, 0x0000000082400000| Untracked 
|  37|0x0000000082500000, 0x0000000082600000, 0x0000000082600000|100%| O|  |TAMS 0x0000000082600000, 0x0000000082500000| Untracked 
|  38|0x0000000082600000, 0x0000000082700000, 0x0000000082700000|100%| O|  |TAMS 0x0000000082700000, 0x0000000082600000| Untracked 
|  39|0x0000000082700000, 0x0000000082800000, 0x0000000082800000|100%| O|  |TAMS 0x0000000082800000, 0x0000000082700000| Untracked 
|  40|0x0000000082800000, 0x0000000082900000, 0x0000000082900000|100%| O|  |TAMS 0x0000000082900000, 0x0000000082800000| Untracked 
|  41|0x0000000082900000, 0x0000000082a00000, 0x0000000082a00000|100%| O|  |TAMS 0x0000000082a00000, 0x0000000082900000| Untracked 
|  42|0x0000000082a00000, 0x0000000082b00000, 0x0000000082b00000|100%| O|  |TAMS 0x0000000082b00000, 0x0000000082a00000| Untracked 
|  43|0x0000000082b00000, 0x0000000082c00000, 0x0000000082c00000|100%| O|  |TAMS 0x0000000082c00000, 0x0000000082b00000| Untracked 
|  44|0x0000000082c00000, 0x0000000082d00000, 0x0000000082d00000|100%| O|  |TAMS 0x0000000082d00000, 0x0000000082c00000| Untracked 
|  45|0x0000000082d00000, 0x0000000082e00000, 0x0000000082e00000|100%| O|  |TAMS 0x0000000082e00000, 0x0000000082d00000| Untracked 
|  46|0x0000000082e00000, 0x0000000082f00000, 0x0000000082f00000|100%| O|  |TAMS 0x0000000082f00000, 0x0000000082e00000| Untracked 
|  47|0x0000000082f00000, 0x0000000083000000, 0x0000000083000000|100%| O|  |TAMS 0x0000000083000000, 0x0000000082f00000| Untracked 
|  48|0x0000000083000000, 0x0000000083100000, 0x0000000083100000|100%| O|  |TAMS 0x0000000083100000, 0x0000000083000000| Untracked 
|  49|0x0000000083100000, 0x0000000083200000, 0x0000000083200000|100%| O|  |TAMS 0x0000000083200000, 0x0000000083100000| Untracked 
|  50|0x0000000083200000, 0x0000000083300000, 0x0000000083300000|100%| O|  |TAMS 0x0000000083300000, 0x0000000083200000| Untracked 
|  51|0x0000000083300000, 0x0000000083400000, 0x0000000083400000|100%| O|  |TAMS 0x0000000083400000, 0x0000000083300000| Untracked 
|  52|0x0000000083400000, 0x0000000083500000, 0x0000000083500000|100%| O|  |TAMS 0x0000000083500000, 0x0000000083400000| Untracked 
|  53|0x0000000083500000, 0x0000000083600000, 0x0000000083600000|100%| O|  |TAMS 0x0000000083600000, 0x0000000083500000| Untracked 
|  54|0x0000000083600000, 0x0000000083700000, 0x0000000083700000|100%| O|  |TAMS 0x0000000083700000, 0x0000000083600000| Untracked 
|  55|0x0000000083700000, 0x0000000083800000, 0x0000000083800000|100%| O|  |TAMS 0x0000000083700000, 0x0000000083700000| Untracked 
|  56|0x0000000083800000, 0x0000000083900000, 0x0000000083900000|100%| O|  |TAMS 0x0000000083900000, 0x0000000083800000| Untracked 
|  57|0x0000000083900000, 0x0000000083a00000, 0x0000000083a00000|100%| O|  |TAMS 0x0000000083900000, 0x0000000083900000| Untracked 
|  58|0x0000000083a00000, 0x0000000083a00000, 0x0000000083b00000|  0%| F|  |TAMS 0x0000000083a00000, 0x0000000083a00000| Untracked 
|  59|0x0000000083b00000, 0x0000000083c00000, 0x0000000083c00000|100%| O|  |TAMS 0x0000000083c00000, 0x0000000083b00000| Untracked 
|  60|0x0000000083c00000, 0x0000000083d00000, 0x0000000083d00000|100%| O|  |TAMS 0x0000000083c00000, 0x0000000083c00000| Untracked 
|  61|0x0000000083d00000, 0x0000000083e00000, 0x0000000083e00000|100%| O|  |TAMS 0x0000000083d00000, 0x0000000083d00000| Untracked 
|  62|0x0000000083e00000, 0x0000000083f00000, 0x0000000083f00000|100%| O|  |TAMS 0x0000000083e00000, 0x0000000083e00000| Untracked 
|  63|0x0000000083f00000, 0x0000000084000000, 0x0000000084000000|100%| O|  |TAMS 0x0000000083f00000, 0x0000000083f00000| Untracked 
|  64|0x0000000084000000, 0x0000000084000000, 0x0000000084100000|  0%| F|  |TAMS 0x0000000084000000, 0x0000000084000000| Untracked 
|  65|0x0000000084100000, 0x0000000084200000, 0x0000000084200000|100%| O|  |TAMS 0x0000000084100000, 0x0000000084100000| Untracked 
|  66|0x0000000084200000, 0x00000000842d3400, 0x0000000084300000| 82%| O|  |TAMS 0x0000000084200000, 0x0000000084200000| Untracked 
|  67|0x0000000084300000, 0x0000000084300000, 0x0000000084400000|  0%| F|  |TAMS 0x0000000084300000, 0x0000000084300000| Untracked 
|  68|0x0000000084400000, 0x0000000084400000, 0x0000000084500000|  0%| F|  |TAMS 0x0000000084400000, 0x0000000084400000| Untracked 
|  69|0x0000000084500000, 0x0000000084500000, 0x0000000084600000|  0%| F|  |TAMS 0x0000000084500000, 0x0000000084500000| Untracked 
|  70|0x0000000084600000, 0x0000000084600000, 0x0000000084700000|  0%| F|  |TAMS 0x0000000084600000, 0x0000000084600000| Untracked 
|  71|0x0000000084700000, 0x0000000084700000, 0x0000000084800000|  0%| F|  |TAMS 0x0000000084700000, 0x0000000084700000| Untracked 
|  72|0x0000000084800000, 0x0000000084900000, 0x0000000084900000|100%| O|  |TAMS 0x0000000084900000, 0x0000000084800000| Untracked 
|  73|0x0000000084900000, 0x0000000084a00000, 0x0000000084a00000|100%| O|  |TAMS 0x0000000084a00000, 0x0000000084900000| Untracked 
|  74|0x0000000084a00000, 0x0000000084a00000, 0x0000000084b00000|  0%| F|  |TAMS 0x0000000084a00000, 0x0000000084a00000| Untracked 
|  75|0x0000000084b00000, 0x0000000084b00000, 0x0000000084c00000|  0%| F|  |TAMS 0x0000000084b00000, 0x0000000084b00000| Untracked 
|  76|0x0000000084c00000, 0x0000000084c00000, 0x0000000084d00000|  0%| F|  |TAMS 0x0000000084c00000, 0x0000000084c00000| Untracked 
|  77|0x0000000084d00000, 0x0000000084d00000, 0x0000000084e00000|  0%| F|  |TAMS 0x0000000084d00000, 0x0000000084d00000| Untracked 
|  78|0x0000000084e00000, 0x0000000084e00000, 0x0000000084f00000|  0%| F|  |TAMS 0x0000000084e00000, 0x0000000084e00000| Untracked 
|  79|0x0000000084f00000, 0x0000000084f00000, 0x0000000085000000|  0%| F|  |TAMS 0x0000000084f00000, 0x0000000084f00000| Untracked 
|  80|0x0000000085000000, 0x0000000085000000, 0x0000000085100000|  0%| F|  |TAMS 0x0000000085000000, 0x0000000085000000| Untracked 
|  81|0x0000000085100000, 0x0000000085100000, 0x0000000085200000|  0%| F|  |TAMS 0x0000000085100000, 0x0000000085100000| Untracked 
|  82|0x0000000085200000, 0x0000000085200000, 0x0000000085300000|  0%| F|  |TAMS 0x0000000085200000, 0x0000000085200000| Untracked 
|  83|0x0000000085300000, 0x0000000085400000, 0x0000000085400000|100%| O|  |TAMS 0x0000000085400000, 0x0000000085300000| Untracked 
|  84|0x0000000085400000, 0x0000000085500000, 0x0000000085500000|100%| O|  |TAMS 0x0000000085500000, 0x0000000085400000| Untracked 
|  85|0x0000000085500000, 0x0000000085500000, 0x0000000085600000|  0%| F|  |TAMS 0x0000000085500000, 0x0000000085500000| Untracked 
|  86|0x0000000085600000, 0x0000000085600000, 0x0000000085700000|  0%| F|  |TAMS 0x0000000085600000, 0x0000000085600000| Untracked 
|  87|0x0000000085700000, 0x0000000085800000, 0x0000000085800000|100%|HS|  |TAMS 0x0000000085800000, 0x0000000085700000| Complete 
|  88|0x0000000085800000, 0x0000000085900000, 0x0000000085900000|100%| O|  |TAMS 0x0000000085900000, 0x0000000085800000| Untracked 
|  89|0x0000000085900000, 0x0000000085a00000, 0x0000000085a00000|100%| O|  |TAMS 0x0000000085a00000, 0x0000000085900000| Untracked 
|  90|0x0000000085a00000, 0x0000000085b00000, 0x0000000085b00000|100%| O|  |TAMS 0x0000000085b00000, 0x0000000085a00000| Untracked 
|  91|0x0000000085b00000, 0x0000000085c00000, 0x0000000085c00000|100%| O|  |TAMS 0x0000000085c00000, 0x0000000085b00000| Untracked 
|  92|0x0000000085c00000, 0x0000000085d00000, 0x0000000085d00000|100%| O|  |TAMS 0x0000000085d00000, 0x0000000085c00000| Untracked 
|  93|0x0000000085d00000, 0x0000000085e00000, 0x0000000085e00000|100%| O|  |TAMS 0x0000000085e00000, 0x0000000085d00000| Untracked 
|  94|0x0000000085e00000, 0x0000000085f00000, 0x0000000085f00000|100%| O|  |TAMS 0x0000000085f00000, 0x0000000085e00000| Untracked 
|  95|0x0000000085f00000, 0x0000000086000000, 0x0000000086000000|100%| O|  |TAMS 0x0000000086000000, 0x0000000085f00000| Untracked 
|  96|0x0000000086000000, 0x0000000086100000, 0x0000000086100000|100%| O|  |TAMS 0x0000000086100000, 0x0000000086000000| Untracked 
|  97|0x0000000086100000, 0x0000000086200000, 0x0000000086200000|100%| O|  |TAMS 0x0000000086200000, 0x0000000086100000| Untracked 
|  98|0x0000000086200000, 0x0000000086300000, 0x0000000086300000|100%| O|  |TAMS 0x0000000086300000, 0x0000000086200000| Untracked 
|  99|0x0000000086300000, 0x0000000086400000, 0x0000000086400000|100%| O|  |TAMS 0x0000000086400000, 0x0000000086300000| Untracked 
| 100|0x0000000086400000, 0x0000000086400000, 0x0000000086500000|  0%| F|  |TAMS 0x0000000086400000, 0x0000000086400000| Untracked 
| 101|0x0000000086500000, 0x0000000086500000, 0x0000000086600000|  0%| F|  |TAMS 0x0000000086500000, 0x0000000086500000| Untracked 
| 102|0x0000000086600000, 0x0000000086600000, 0x0000000086700000|  0%| F|  |TAMS 0x0000000086600000, 0x0000000086600000| Untracked 
| 103|0x0000000086700000, 0x0000000086700000, 0x0000000086800000|  0%| F|  |TAMS 0x0000000086700000, 0x0000000086700000| Untracked 
| 104|0x0000000086800000, 0x0000000086800000, 0x0000000086900000|  0%| F|  |TAMS 0x0000000086800000, 0x0000000086800000| Untracked 
| 105|0x0000000086900000, 0x0000000086900000, 0x0000000086a00000|  0%| F|  |TAMS 0x0000000086900000, 0x0000000086900000| Untracked 
| 106|0x0000000086a00000, 0x0000000086a00000, 0x0000000086b00000|  0%| F|  |TAMS 0x0000000086a00000, 0x0000000086a00000| Untracked 
| 107|0x0000000086b00000, 0x0000000086c00000, 0x0000000086c00000|100%| O|  |TAMS 0x0000000086c00000, 0x0000000086b00000| Untracked 
| 108|0x0000000086c00000, 0x0000000086d00000, 0x0000000086d00000|100%| O|  |TAMS 0x0000000086d00000, 0x0000000086c00000| Untracked 
| 109|0x0000000086d00000, 0x0000000086e00000, 0x0000000086e00000|100%| O|  |TAMS 0x0000000086e00000, 0x0000000086d00000| Untracked 
| 110|0x0000000086e00000, 0x0000000086f00000, 0x0000000086f00000|100%| O|  |TAMS 0x0000000086f00000, 0x0000000086e00000| Untracked 
| 111|0x0000000086f00000, 0x0000000087000000, 0x0000000087000000|100%| O|  |TAMS 0x0000000087000000, 0x0000000086f00000| Untracked 
| 112|0x0000000087000000, 0x0000000087100000, 0x0000000087100000|100%| O|  |TAMS 0x0000000087100000, 0x0000000087000000| Untracked 
| 113|0x0000000087100000, 0x0000000087200000, 0x0000000087200000|100%| O|  |TAMS 0x0000000087200000, 0x0000000087100000| Untracked 
| 114|0x0000000087200000, 0x0000000087300000, 0x0000000087300000|100%| O|  |TAMS 0x0000000087300000, 0x0000000087200000| Untracked 
| 115|0x0000000087300000, 0x0000000087400000, 0x0000000087400000|100%| O|  |TAMS 0x0000000087400000, 0x0000000087300000| Untracked 
| 116|0x0000000087400000, 0x0000000087500000, 0x0000000087500000|100%| O|  |TAMS 0x00000000874c7400, 0x0000000087400000| Untracked 
| 117|0x0000000087500000, 0x0000000087500000, 0x0000000087600000|  0%| F|  |TAMS 0x0000000087500000, 0x0000000087500000| Untracked 
| 118|0x0000000087600000, 0x0000000087600000, 0x0000000087700000|  0%| F|  |TAMS 0x0000000087600000, 0x0000000087600000| Untracked 
| 119|0x0000000087700000, 0x0000000087700000, 0x0000000087800000|  0%| F|  |TAMS 0x0000000087700000, 0x0000000087700000| Untracked 
| 120|0x0000000087800000, 0x0000000087800000, 0x0000000087900000|  0%| F|  |TAMS 0x0000000087800000, 0x0000000087800000| Untracked 
| 121|0x0000000087900000, 0x0000000087900000, 0x0000000087a00000|  0%| F|  |TAMS 0x0000000087900000, 0x0000000087900000| Untracked 
| 122|0x0000000087a00000, 0x0000000087a00000, 0x0000000087b00000|  0%| F|  |TAMS 0x0000000087a00000, 0x0000000087a00000| Untracked 
| 123|0x0000000087b00000, 0x0000000087b00000, 0x0000000087c00000|  0%| F|  |TAMS 0x0000000087b00000, 0x0000000087b00000| Untracked 
| 124|0x0000000087c00000, 0x0000000087c00000, 0x0000000087d00000|  0%| F|  |TAMS 0x0000000087c00000, 0x0000000087c00000| Untracked 
| 125|0x0000000087d00000, 0x0000000087d00000, 0x0000000087e00000|  0%| F|  |TAMS 0x0000000087d00000, 0x0000000087d00000| Untracked 
| 126|0x0000000087e00000, 0x0000000087e00000, 0x0000000087f00000|  0%| F|  |TAMS 0x0000000087e00000, 0x0000000087e00000| Untracked 
| 127|0x0000000087f00000, 0x0000000087f00000, 0x0000000088000000|  0%| F|  |TAMS 0x0000000087f00000, 0x0000000087f00000| Untracked 
| 128|0x0000000088000000, 0x0000000088000000, 0x0000000088100000|  0%| F|  |TAMS 0x0000000088000000, 0x0000000088000000| Untracked 
| 129|0x0000000088100000, 0x0000000088100000, 0x0000000088200000|  0%| F|  |TAMS 0x0000000088100000, 0x0000000088100000| Untracked 
| 130|0x0000000088200000, 0x0000000088200000, 0x0000000088300000|  0%| F|  |TAMS 0x0000000088200000, 0x0000000088200000| Untracked 
| 131|0x0000000088300000, 0x0000000088300000, 0x0000000088400000|  0%| F|  |TAMS 0x0000000088300000, 0x0000000088300000| Untracked 
| 132|0x0000000088400000, 0x0000000088400000, 0x0000000088500000|  0%| F|  |TAMS 0x0000000088400000, 0x0000000088400000| Untracked 
| 133|0x0000000088500000, 0x0000000088500000, 0x0000000088600000|  0%| F|  |TAMS 0x0000000088500000, 0x0000000088500000| Untracked 
| 134|0x0000000088600000, 0x0000000088600000, 0x0000000088700000|  0%| F|  |TAMS 0x0000000088600000, 0x0000000088600000| Untracked 
| 135|0x0000000088700000, 0x0000000088700000, 0x0000000088800000|  0%| F|  |TAMS 0x0000000088700000, 0x0000000088700000| Untracked 
| 136|0x0000000088800000, 0x0000000088800000, 0x0000000088900000|  0%| F|  |TAMS 0x0000000088800000, 0x0000000088800000| Untracked 
| 137|0x0000000088900000, 0x0000000088900000, 0x0000000088a00000|  0%| F|  |TAMS 0x0000000088900000, 0x0000000088900000| Untracked 
| 138|0x0000000088a00000, 0x0000000088a00000, 0x0000000088b00000|  0%| F|  |TAMS 0x0000000088a00000, 0x0000000088a00000| Untracked 
| 139|0x0000000088b00000, 0x0000000088b00000, 0x0000000088c00000|  0%| F|  |TAMS 0x0000000088b00000, 0x0000000088b00000| Untracked 
| 140|0x0000000088c00000, 0x0000000088c00000, 0x0000000088d00000|  0%| F|  |TAMS 0x0000000088c00000, 0x0000000088c00000| Untracked 
| 141|0x0000000088d00000, 0x0000000088d00000, 0x0000000088e00000|  0%| F|  |TAMS 0x0000000088d00000, 0x0000000088d00000| Untracked 
| 142|0x0000000088e00000, 0x0000000088e00000, 0x0000000088f00000|  0%| F|  |TAMS 0x0000000088e00000, 0x0000000088e00000| Untracked 
| 143|0x0000000088f00000, 0x0000000088f00000, 0x0000000089000000|  0%| F|  |TAMS 0x0000000088f00000, 0x0000000088f00000| Untracked 
| 144|0x0000000089000000, 0x0000000089000000, 0x0000000089100000|  0%| F|  |TAMS 0x0000000089000000, 0x0000000089000000| Untracked 
| 145|0x0000000089100000, 0x0000000089100000, 0x0000000089200000|  0%| F|  |TAMS 0x0000000089100000, 0x0000000089100000| Untracked 
| 146|0x0000000089200000, 0x0000000089200000, 0x0000000089300000|  0%| F|  |TAMS 0x0000000089200000, 0x0000000089200000| Untracked 
| 147|0x0000000089300000, 0x0000000089300000, 0x0000000089400000|  0%| F|  |TAMS 0x0000000089300000, 0x0000000089300000| Untracked 
| 148|0x0000000089400000, 0x0000000089400000, 0x0000000089500000|  0%| F|  |TAMS 0x0000000089400000, 0x0000000089400000| Untracked 
| 149|0x0000000089500000, 0x0000000089500000, 0x0000000089600000|  0%| F|  |TAMS 0x0000000089500000, 0x0000000089500000| Untracked 
| 150|0x0000000089600000, 0x0000000089600000, 0x0000000089700000|  0%| F|  |TAMS 0x0000000089600000, 0x0000000089600000| Untracked 
| 151|0x0000000089700000, 0x0000000089700000, 0x0000000089800000|  0%| F|  |TAMS 0x0000000089700000, 0x0000000089700000| Untracked 
| 152|0x0000000089800000, 0x0000000089800000, 0x0000000089900000|  0%| F|  |TAMS 0x0000000089800000, 0x0000000089800000| Untracked 
| 153|0x0000000089900000, 0x0000000089900000, 0x0000000089a00000|  0%| F|  |TAMS 0x0000000089900000, 0x0000000089900000| Untracked 
| 154|0x0000000089a00000, 0x0000000089a00000, 0x0000000089b00000|  0%| F|  |TAMS 0x0000000089a00000, 0x0000000089a00000| Untracked 
| 155|0x0000000089b00000, 0x0000000089b00000, 0x0000000089c00000|  0%| F|  |TAMS 0x0000000089b00000, 0x0000000089b00000| Untracked 
| 156|0x0000000089c00000, 0x0000000089c00000, 0x0000000089d00000|  0%| F|  |TAMS 0x0000000089c00000, 0x0000000089c00000| Untracked 
| 157|0x0000000089d00000, 0x0000000089d00000, 0x0000000089e00000|  0%| F|  |TAMS 0x0000000089d00000, 0x0000000089d00000| Untracked 
| 158|0x0000000089e00000, 0x0000000089e00000, 0x0000000089f00000|  0%| F|  |TAMS 0x0000000089e00000, 0x0000000089e00000| Untracked 
| 159|0x0000000089f00000, 0x0000000089f00000, 0x000000008a000000|  0%| F|  |TAMS 0x0000000089f00000, 0x0000000089f00000| Untracked 
| 160|0x000000008a000000, 0x000000008a000000, 0x000000008a100000|  0%| F|  |TAMS 0x000000008a000000, 0x000000008a000000| Untracked 
| 161|0x000000008a100000, 0x000000008a100000, 0x000000008a200000|  0%| F|  |TAMS 0x000000008a100000, 0x000000008a100000| Untracked 
| 162|0x000000008a200000, 0x000000008a200000, 0x000000008a300000|  0%| F|  |TAMS 0x000000008a200000, 0x000000008a200000| Untracked 
| 163|0x000000008a300000, 0x000000008a300000, 0x000000008a400000|  0%| F|  |TAMS 0x000000008a300000, 0x000000008a300000| Untracked 
| 164|0x000000008a400000, 0x000000008a400000, 0x000000008a500000|  0%| F|  |TAMS 0x000000008a400000, 0x000000008a400000| Untracked 
| 165|0x000000008a500000, 0x000000008a500000, 0x000000008a600000|  0%| F|  |TAMS 0x000000008a500000, 0x000000008a500000| Untracked 
| 166|0x000000008a600000, 0x000000008a600000, 0x000000008a700000|  0%| F|  |TAMS 0x000000008a600000, 0x000000008a600000| Untracked 
| 167|0x000000008a700000, 0x000000008a700000, 0x000000008a800000|  0%| F|  |TAMS 0x000000008a700000, 0x000000008a700000| Untracked 
| 168|0x000000008a800000, 0x000000008a800000, 0x000000008a900000|  0%| F|  |TAMS 0x000000008a800000, 0x000000008a800000| Untracked 
| 169|0x000000008a900000, 0x000000008a900000, 0x000000008aa00000|  0%| F|  |TAMS 0x000000008a900000, 0x000000008a900000| Untracked 
| 170|0x000000008aa00000, 0x000000008aa00000, 0x000000008ab00000|  0%| F|  |TAMS 0x000000008aa00000, 0x000000008aa00000| Untracked 
| 171|0x000000008ab00000, 0x000000008ab00000, 0x000000008ac00000|  0%| F|  |TAMS 0x000000008ab00000, 0x000000008ab00000| Untracked 
| 172|0x000000008ac00000, 0x000000008ac00000, 0x000000008ad00000|  0%| F|  |TAMS 0x000000008ac00000, 0x000000008ac00000| Untracked 
| 173|0x000000008ad00000, 0x000000008ad00000, 0x000000008ae00000|  0%| F|  |TAMS 0x000000008ad00000, 0x000000008ad00000| Untracked 
| 174|0x000000008ae00000, 0x000000008ae00000, 0x000000008af00000|  0%| F|  |TAMS 0x000000008ae00000, 0x000000008ae00000| Untracked 
| 175|0x000000008af00000, 0x000000008af00000, 0x000000008b000000|  0%| F|  |TAMS 0x000000008af00000, 0x000000008af00000| Untracked 
| 176|0x000000008b000000, 0x000000008b000000, 0x000000008b100000|  0%| F|  |TAMS 0x000000008b000000, 0x000000008b000000| Untracked 
| 177|0x000000008b100000, 0x000000008b100000, 0x000000008b200000|  0%| F|  |TAMS 0x000000008b100000, 0x000000008b100000| Untracked 
| 178|0x000000008b200000, 0x000000008b200000, 0x000000008b300000|  0%| F|  |TAMS 0x000000008b200000, 0x000000008b200000| Untracked 
| 179|0x000000008b300000, 0x000000008b300000, 0x000000008b400000|  0%| F|  |TAMS 0x000000008b300000, 0x000000008b300000| Untracked 
| 180|0x000000008b400000, 0x000000008b400000, 0x000000008b500000|  0%| F|  |TAMS 0x000000008b400000, 0x000000008b400000| Untracked 
| 181|0x000000008b500000, 0x000000008b500000, 0x000000008b600000|  0%| F|  |TAMS 0x000000008b500000, 0x000000008b500000| Untracked 
| 182|0x000000008b600000, 0x000000008b600000, 0x000000008b700000|  0%| F|  |TAMS 0x000000008b600000, 0x000000008b600000| Untracked 
| 183|0x000000008b700000, 0x000000008b700000, 0x000000008b800000|  0%| F|  |TAMS 0x000000008b700000, 0x000000008b700000| Untracked 
| 184|0x000000008b800000, 0x000000008b800000, 0x000000008b900000|  0%| F|  |TAMS 0x000000008b800000, 0x000000008b800000| Untracked 
| 185|0x000000008b900000, 0x000000008b900000, 0x000000008ba00000|  0%| F|  |TAMS 0x000000008b900000, 0x000000008b900000| Untracked 
| 186|0x000000008ba00000, 0x000000008ba00000, 0x000000008bb00000|  0%| F|  |TAMS 0x000000008ba00000, 0x000000008ba00000| Untracked 
| 187|0x000000008bb00000, 0x000000008bb00000, 0x000000008bc00000|  0%| F|  |TAMS 0x000000008bb00000, 0x000000008bb00000| Untracked 
| 188|0x000000008bc00000, 0x000000008bc00000, 0x000000008bd00000|  0%| F|  |TAMS 0x000000008bc00000, 0x000000008bc00000| Untracked 
| 189|0x000000008bd00000, 0x000000008bd00000, 0x000000008be00000|  0%| F|  |TAMS 0x000000008bd00000, 0x000000008bd00000| Untracked 
| 190|0x000000008be00000, 0x000000008be00000, 0x000000008bf00000|  0%| F|  |TAMS 0x000000008be00000, 0x000000008be00000| Untracked 
| 191|0x000000008bf00000, 0x000000008bf00000, 0x000000008c000000|  0%| F|  |TAMS 0x000000008bf00000, 0x000000008bf00000| Untracked 
| 192|0x000000008c000000, 0x000000008c000000, 0x000000008c100000|  0%| F|  |TAMS 0x000000008c000000, 0x000000008c000000| Untracked 
| 193|0x000000008c100000, 0x000000008c100000, 0x000000008c200000|  0%| F|  |TAMS 0x000000008c100000, 0x000000008c100000| Untracked 
| 194|0x000000008c200000, 0x000000008c200000, 0x000000008c300000|  0%| F|  |TAMS 0x000000008c200000, 0x000000008c200000| Untracked 
| 195|0x000000008c300000, 0x000000008c300000, 0x000000008c400000|  0%| F|  |TAMS 0x000000008c300000, 0x000000008c300000| Untracked 
| 196|0x000000008c400000, 0x000000008c400000, 0x000000008c500000|  0%| F|  |TAMS 0x000000008c400000, 0x000000008c400000| Untracked 
| 197|0x000000008c500000, 0x000000008c500000, 0x000000008c600000|  0%| F|  |TAMS 0x000000008c500000, 0x000000008c500000| Untracked 
| 198|0x000000008c600000, 0x000000008c600000, 0x000000008c700000|  0%| F|  |TAMS 0x000000008c600000, 0x000000008c600000| Untracked 
| 199|0x000000008c700000, 0x000000008c700000, 0x000000008c800000|  0%| F|  |TAMS 0x000000008c700000, 0x000000008c700000| Untracked 
| 200|0x000000008c800000, 0x000000008c800000, 0x000000008c900000|  0%| F|  |TAMS 0x000000008c800000, 0x000000008c800000| Untracked 
| 201|0x000000008c900000, 0x000000008c900000, 0x000000008ca00000|  0%| F|  |TAMS 0x000000008c900000, 0x000000008c900000| Untracked 
| 202|0x000000008ca00000, 0x000000008ca00000, 0x000000008cb00000|  0%| F|  |TAMS 0x000000008ca00000, 0x000000008ca00000| Untracked 
| 203|0x000000008cb00000, 0x000000008cb00000, 0x000000008cc00000|  0%| F|  |TAMS 0x000000008cb00000, 0x000000008cb00000| Untracked 
| 204|0x000000008cc00000, 0x000000008cc00000, 0x000000008cd00000|  0%| F|  |TAMS 0x000000008cc00000, 0x000000008cc00000| Untracked 
| 205|0x000000008cd00000, 0x000000008cd00000, 0x000000008ce00000|  0%| F|  |TAMS 0x000000008cd00000, 0x000000008cd00000| Untracked 
| 206|0x000000008ce00000, 0x000000008ce00000, 0x000000008cf00000|  0%| F|  |TAMS 0x000000008ce00000, 0x000000008ce00000| Untracked 
| 207|0x000000008cf00000, 0x000000008cf00000, 0x000000008d000000|  0%| F|  |TAMS 0x000000008cf00000, 0x000000008cf00000| Untracked 
| 208|0x000000008d000000, 0x000000008d000000, 0x000000008d100000|  0%| F|  |TAMS 0x000000008d000000, 0x000000008d000000| Untracked 
| 209|0x000000008d100000, 0x000000008d100000, 0x000000008d200000|  0%| F|  |TAMS 0x000000008d100000, 0x000000008d100000| Untracked 
| 210|0x000000008d200000, 0x000000008d200000, 0x000000008d300000|  0%| F|  |TAMS 0x000000008d200000, 0x000000008d200000| Untracked 
| 211|0x000000008d300000, 0x000000008d300000, 0x000000008d400000|  0%| F|  |TAMS 0x000000008d300000, 0x000000008d300000| Untracked 
| 212|0x000000008d400000, 0x000000008d400000, 0x000000008d500000|  0%| F|  |TAMS 0x000000008d400000, 0x000000008d400000| Untracked 
| 213|0x000000008d500000, 0x000000008d500000, 0x000000008d600000|  0%| F|  |TAMS 0x000000008d500000, 0x000000008d500000| Untracked 
| 214|0x000000008d600000, 0x000000008d600000, 0x000000008d700000|  0%| F|  |TAMS 0x000000008d600000, 0x000000008d600000| Untracked 
| 215|0x000000008d700000, 0x000000008d700000, 0x000000008d800000|  0%| F|  |TAMS 0x000000008d700000, 0x000000008d700000| Untracked 
| 216|0x000000008d800000, 0x000000008d800000, 0x000000008d900000|  0%| F|  |TAMS 0x000000008d800000, 0x000000008d800000| Untracked 
| 217|0x000000008d900000, 0x000000008d900000, 0x000000008da00000|  0%| F|  |TAMS 0x000000008d900000, 0x000000008d900000| Untracked 
| 218|0x000000008da00000, 0x000000008da00000, 0x000000008db00000|  0%| F|  |TAMS 0x000000008da00000, 0x000000008da00000| Untracked 
| 219|0x000000008db00000, 0x000000008db00000, 0x000000008dc00000|  0%| F|  |TAMS 0x000000008db00000, 0x000000008db00000| Untracked 
| 220|0x000000008dc00000, 0x000000008dc00000, 0x000000008dd00000|  0%| F|  |TAMS 0x000000008dc00000, 0x000000008dc00000| Untracked 
| 221|0x000000008dd00000, 0x000000008dd00000, 0x000000008de00000|  0%| F|  |TAMS 0x000000008dd00000, 0x000000008dd00000| Untracked 
| 222|0x000000008de00000, 0x000000008de00000, 0x000000008df00000|  0%| F|  |TAMS 0x000000008de00000, 0x000000008de00000| Untracked 
| 223|0x000000008df00000, 0x000000008df00000, 0x000000008e000000|  0%| F|  |TAMS 0x000000008df00000, 0x000000008df00000| Untracked 
| 224|0x000000008e000000, 0x000000008e0eff80, 0x000000008e100000| 93%| E|  |TAMS 0x000000008e000000, 0x000000008e000000| Complete 
| 225|0x000000008e100000, 0x000000008e200000, 0x000000008e200000|100%| E|CS|TAMS 0x000000008e100000, 0x000000008e100000| Complete 
| 226|0x000000008e200000, 0x000000008e300000, 0x000000008e300000|100%| E|CS|TAMS 0x000000008e200000, 0x000000008e200000| Complete 
| 227|0x000000008e300000, 0x000000008e400000, 0x000000008e400000|100%| E|CS|TAMS 0x000000008e300000, 0x000000008e300000| Complete 
| 228|0x000000008e400000, 0x000000008e500000, 0x000000008e500000|100%| E|CS|TAMS 0x000000008e400000, 0x000000008e400000| Complete 
| 229|0x000000008e500000, 0x000000008e600000, 0x000000008e600000|100%| S|CS|TAMS 0x000000008e500000, 0x000000008e500000| Complete 
| 230|0x000000008e600000, 0x000000008e700000, 0x000000008e700000|100%| E|CS|TAMS 0x000000008e600000, 0x000000008e600000| Complete 
| 231|0x000000008e700000, 0x000000008e800000, 0x000000008e800000|100%| E|CS|TAMS 0x000000008e700000, 0x000000008e700000| Complete 
| 232|0x000000008e800000, 0x000000008e900000, 0x000000008e900000|100%| E|CS|TAMS 0x000000008e800000, 0x000000008e800000| Complete 
| 233|0x000000008e900000, 0x000000008ea00000, 0x000000008ea00000|100%| E|CS|TAMS 0x000000008e900000, 0x000000008e900000| Complete 
| 234|0x000000008ea00000, 0x000000008eb00000, 0x000000008eb00000|100%| E|CS|TAMS 0x000000008ea00000, 0x000000008ea00000| Complete 
| 235|0x000000008eb00000, 0x000000008ec00000, 0x000000008ec00000|100%| E|CS|TAMS 0x000000008eb00000, 0x000000008eb00000| Complete 
| 236|0x000000008ec00000, 0x000000008ed00000, 0x000000008ed00000|100%| E|CS|TAMS 0x000000008ec00000, 0x000000008ec00000| Complete 
| 237|0x000000008ed00000, 0x000000008ee00000, 0x000000008ee00000|100%| E|CS|TAMS 0x000000008ed00000, 0x000000008ed00000| Complete 
| 238|0x000000008ee00000, 0x000000008ef00000, 0x000000008ef00000|100%| E|CS|TAMS 0x000000008ee00000, 0x000000008ee00000| Complete 
| 239|0x000000008ef00000, 0x000000008f000000, 0x000000008f000000|100%| E|CS|TAMS 0x000000008ef00000, 0x000000008ef00000| Complete 

Card table byte_map: [0x000001cdaf820000,0x000001cdafc20000] _byte_map_base: 0x000001cdaf420000

Marking Bits (Prev, Next): (CMBitMap*) 0x000001cd9accd1f0, (CMBitMap*) 0x000001cd9accd1b8
 Prev Bits: [0x000001cdb2020000, 0x000001cdb4020000)
 Next Bits: [0x000001cdb0020000, 0x000001cdb2020000)

Polling page: 0x000001cd9ad70000

Metaspace:

Usage:
  Non-class:     81.89 MB capacity,    80.43 MB ( 98%) used,     1.23 MB (  1%) free+waste,   237.06 KB ( <1%) overhead. 
      Class:     11.94 MB capacity,    11.21 MB ( 94%) used,   648.30 KB (  5%) free+waste,   104.00 KB ( <1%) overhead. 
       Both:     93.83 MB capacity,    91.63 MB ( 98%) used,     1.86 MB (  2%) free+waste,   341.06 KB ( <1%) overhead. 

Virtual space:
  Non-class space:       82.00 MB reserved,      82.00 MB (100%) committed 
      Class space:        1.00 GB reserved,      12.00 MB (  1%) committed 
             Both:        1.08 GB reserved,      94.00 MB (  8%) committed 

Chunk freelists:
   Non-Class:  0 bytes
       Class:  26.00 KB
        Both:  26.00 KB

MaxMetaspaceSize: 17179869184.00 GB
CompressedClassSpaceSize: 1.00 GB

CodeHeap 'non-profiled nmethods': size=120064Kb used=7148Kb max_used=7148Kb free=112915Kb
 bounds [0x000001cda78c0000, 0x000001cda7fc0000, 0x000001cdaee00000]
CodeHeap 'profiled nmethods': size=120000Kb used=27845Kb max_used=27845Kb free=92154Kb
 bounds [0x000001cda0390000, 0x000001cda1ed0000, 0x000001cda78c0000]
CodeHeap 'non-nmethods': size=5696Kb used=2336Kb max_used=2389Kb free=3359Kb
 bounds [0x000001cd9fe00000, 0x000001cda0070000, 0x000001cda0390000]
 total_blobs=14135 nmethods=13164 adapters=882
 compilation: enabled
              stopped_count=0, restarted_count=0
 full_count=0

Compilation events (20 events):
Event: 99.300 Thread 0x000001cdb669d800 nmethod 13655 0x000001cda1e98290 code [0x000001cda1e98460, 0x000001cda1e986a8]
Event: 99.300 Thread 0x000001cdb669d800 13656       3       org.gradle.internal.execution.steps.SkipEmptyWorkStep::execute (62 bytes)
Event: 99.305 Thread 0x000001cdb669d800 nmethod 13656 0x000001cda1e98790 code [0x000001cda1e98c80, 0x000001cda1e9bb98]
Event: 99.306 Thread 0x000001cdb669d800 13657       3       org.gradle.internal.execution.steps.SkipEmptyWorkStep$$Lambda$575/0x0000000100a08040::get$Lambda (10 bytes)
Event: 99.306 Thread 0x000001cdb669d800 nmethod 13657 0x000001cda1e9c910 code [0x000001cda1e9cae0, 0x000001cda1e9cd98]
Event: 99.306 Thread 0x000001cdb669d800 13658       3       org.gradle.internal.execution.steps.SkipEmptyWorkStep$$Lambda$575/0x0000000100a08040::<init> (15 bytes)
Event: 99.306 Thread 0x000001cdb669d800 nmethod 13658 0x000001cda1e9ce90 code [0x000001cda1e9d040, 0x000001cda1e9d258]
Event: 99.340 Thread 0x000001cdb669d800 13659       3       org.gradle.internal.execution.steps.ResolveChangesStep$1::getAfterPreviousExecutionState (10 bytes)
Event: 99.340 Thread 0x000001cdb669d800 nmethod 13659 0x000001cda1e9d310 code [0x000001cda1e9d4c0, 0x000001cda1e9d688]
Event: 99.341 Thread 0x000001cdb669d800 13660       3       org.gradle.internal.execution.steps.ResolveChangesStep$1::getChanges (8 bytes)
Event: 99.342 Thread 0x000001cdb669d800 nmethod 13660 0x000001cda1e9d790 code [0x000001cda1e9d9a0, 0x000001cda1e9dee8]
Event: 99.344 Thread 0x000001cdb669d800 13661   !   3       java.util.concurrent.ConcurrentHashMap::replaceNode (437 bytes)
Event: 99.347 Thread 0x000001cdb669d800 nmethod 13661 0x000001cda1e9e110 code [0x000001cda1e9e4c0, 0x000001cda1ea0558]
Event: 99.358 Thread 0x000001cdb669d800 13662       3       org.gradle.internal.execution.steps.ValidateStep::execute (181 bytes)
Event: 99.363 Thread 0x000001cdb669d800 nmethod 13662 0x000001cda1ea1390 code [0x000001cda1ea1920, 0x000001cda1ea47a8]
Event: 99.363 Thread 0x000001cdb669d800 13664       3       org.gradle.internal.execution.steps.CaptureStateBeforeExecutionStep$$Lambda$584/0x0000000100a0fc40::apply (16 bytes)
Event: 99.363 Thread 0x000001cdb669d800 nmethod 13664 0x000001cda1ea5690 code [0x000001cda1ea5880, 0x000001cda1ea5c08]
Event: 99.363 Thread 0x000001cdb669d800 13665       3       org.gradle.internal.execution.steps.CaptureStateBeforeExecutionStep::lambda$captureExecutionStateOp$1 (17 bytes)
Event: 99.364 Thread 0x000001cdb669d800 nmethod 13665 0x000001cda1ea5d90 code [0x000001cda1ea5f60, 0x000001cda1ea6148]
Event: 99.364 Thread 0x000001cdb669d800 13666       3       org.gradle.internal.execution.steps.CaptureStateBeforeExecutionStep::captureExecutionState (275 bytes)

GC Heap History (20 events):
Event: 24.533 GC heap before
{Heap before GC invocations=57 (full 0):
 garbage-first heap   total 193536K, used 137216K [0x0000000080000000, 0x0000000100000000)
  region size 1024K, 42 young (43008K), 4 survivors (4096K)
 Metaspace       used 83815K, capacity 85791K, committed 86144K, reserved 1124352K
  class space    used 10569K, capacity 11265K, committed 11392K, reserved 1048576K
}
Event: 24.559 GC heap after
{Heap after GC invocations=58 (full 0):
 garbage-first heap   total 193536K, used 85072K [0x0000000080000000, 0x0000000100000000)
  region size 1024K, 5 young (5120K), 5 survivors (5120K)
 Metaspace       used 83815K, capacity 85791K, committed 86144K, reserved 1124352K
  class space    used 10569K, capacity 11265K, committed 11392K, reserved 1048576K
}
Event: 25.282 GC heap before
{Heap before GC invocations=58 (full 0):
 garbage-first heap   total 193536K, used 134224K [0x0000000080000000, 0x0000000100000000)
  region size 1024K, 54 young (55296K), 5 survivors (5120K)
 Metaspace       used 84344K, capacity 86335K, committed 86656K, reserved 1124352K
  class space    used 10593K, capacity 11297K, committed 11392K, reserved 1048576K
}
Event: 25.304 GC heap after
{Heap after GC invocations=59 (full 0):
 garbage-first heap   total 193536K, used 90853K [0x0000000080000000, 0x0000000100000000)
  region size 1024K, 6 young (6144K), 6 survivors (6144K)
 Metaspace       used 84344K, capacity 86335K, committed 86656K, reserved 1124352K
  class space    used 10593K, capacity 11297K, committed 11392K, reserved 1048576K
}
Event: 26.772 GC heap before
{Heap before GC invocations=59 (full 0):
 garbage-first heap   total 193536K, used 137957K [0x0000000080000000, 0x0000000100000000)
  region size 1024K, 53 young (54272K), 6 survivors (6144K)
 Metaspace       used 86213K, capacity 88283K, committed 88448K, reserved 1126400K
  class space    used 10797K, capacity 11533K, committed 11648K, reserved 1048576K
}
Event: 26.801 GC heap after
{Heap after GC invocations=60 (full 0):
 garbage-first heap   total 193536K, used 88656K [0x0000000080000000, 0x0000000100000000)
  region size 1024K, 2 young (2048K), 2 survivors (2048K)
 Metaspace       used 86213K, capacity 88283K, committed 88448K, reserved 1126400K
  class space    used 10797K, capacity 11533K, committed 11648K, reserved 1048576K
}
Event: 76.024 GC heap before
{Heap before GC invocations=60 (full 0):
 garbage-first heap   total 193536K, used 138832K [0x0000000080000000, 0x0000000100000000)
  region size 1024K, 52 young (53248K), 2 survivors (2048K)
 Metaspace       used 90109K, capacity 92290K, committed 92544K, reserved 1130496K
  class space    used 11095K, capacity 11827K, committed 11904K, reserved 1048576K
}
Event: 76.156 GC heap after
{Heap after GC invocations=61 (full 0):
 garbage-first heap   total 245760K, used 91570K [0x0000000080000000, 0x0000000100000000)
  region size 1024K, 5 young (5120K), 5 survivors (5120K)
 Metaspace       used 90109K, capacity 92290K, committed 92544K, reserved 1130496K
  class space    used 11095K, capacity 11827K, committed 11904K, reserved 1048576K
}
Event: 82.162 GC heap before
{Heap before GC invocations=61 (full 0):
 garbage-first heap   total 245760K, used 158130K [0x0000000080000000, 0x0000000100000000)
  region size 1024K, 71 young (72704K), 5 survivors (5120K)
 Metaspace       used 90476K, capacity 92602K, committed 92800K, reserved 1130496K
  class space    used 11100K, capacity 11831K, committed 11904K, reserved 1048576K
}
Event: 82.281 GC heap after
{Heap after GC invocations=62 (full 0):
 garbage-first heap   total 245760K, used 96951K [0x0000000080000000, 0x0000000100000000)
  region size 1024K, 9 young (9216K), 9 survivors (9216K)
 Metaspace       used 90476K, capacity 92602K, committed 92800K, reserved 1130496K
  class space    used 11100K, capacity 11831K, committed 11904K, reserved 1048576K
}
Event: 84.298 GC heap before
{Heap before GC invocations=62 (full 0):
 garbage-first heap   total 245760K, used 175799K [0x0000000080000000, 0x0000000100000000)
  region size 1024K, 83 young (84992K), 9 survivors (9216K)
 Metaspace       used 90558K, capacity 92734K, committed 92800K, reserved 1130496K
  class space    used 11104K, capacity 11869K, committed 11904K, reserved 1048576K
}
Event: 84.408 GC heap after
{Heap after GC invocations=63 (full 0):
 garbage-first heap   total 245760K, used 110683K [0x0000000080000000, 0x0000000100000000)
  region size 1024K, 11 young (11264K), 11 survivors (11264K)
 Metaspace       used 90558K, capacity 92734K, committed 92800K, reserved 1130496K
  class space    used 11104K, capacity 11869K, committed 11904K, reserved 1048576K
}
Event: 88.335 GC heap before
{Heap before GC invocations=63 (full 0):
 garbage-first heap   total 245760K, used 160859K [0x0000000080000000, 0x0000000100000000)
  region size 1024K, 53 young (54272K), 11 survivors (11264K)
 Metaspace       used 90716K, capacity 92890K, committed 93056K, reserved 1130496K
  class space    used 11107K, capacity 11874K, committed 11904K, reserved 1048576K
}
Event: 88.561 GC heap after
{Heap after GC invocations=64 (full 0):
 garbage-first heap   total 245760K, used 122643K [0x0000000080000000, 0x0000000100000000)
  region size 1024K, 9 young (9216K), 9 survivors (9216K)
 Metaspace       used 90716K, capacity 92890K, committed 93056K, reserved 1130496K
  class space    used 11107K, capacity 11874K, committed 11904K, reserved 1048576K
}
Event: 92.742 GC heap before
{Heap before GC invocations=64 (full 0):
 garbage-first heap   total 245760K, used 176915K [0x0000000080000000, 0x0000000100000000)
  region size 1024K, 64 young (65536K), 9 survivors (9216K)
 Metaspace       used 90759K, capacity 92948K, committed 93056K, reserved 1130496K
  class space    used 11107K, capacity 11873K, committed 11904K, reserved 1048576K
}
Event: 92.863 GC heap after
{Heap after GC invocations=65 (full 0):
 garbage-first heap   total 245760K, used 110592K [0x0000000080000000, 0x0000000100000000)
  region size 1024K, 8 young (8192K), 8 survivors (8192K)
 Metaspace       used 90759K, capacity 92948K, committed 93056K, reserved 1130496K
  class space    used 11107K, capacity 11873K, committed 11904K, reserved 1048576K
}
Event: 96.988 GC heap before
{Heap before GC invocations=66 (full 0):
 garbage-first heap   total 245760K, used 175104K [0x0000000080000000, 0x0000000100000000)
  region size 1024K, 72 young (73728K), 8 survivors (8192K)
 Metaspace       used 92228K, capacity 94498K, committed 94592K, reserved 1132544K
  class space    used 11302K, capacity 12069K, committed 12160K, reserved 1048576K
}
Event: 97.024 GC heap after
{Heap after GC invocations=67 (full 0):
 garbage-first heap   total 245760K, used 106150K [0x0000000080000000, 0x0000000100000000)
  region size 1024K, 2 young (2048K), 2 survivors (2048K)
 Metaspace       used 92228K, capacity 94498K, committed 94592K, reserved 1132544K
  class space    used 11302K, capacity 12069K, committed 12160K, reserved 1048576K
}
Event: 97.740 GC heap before
{Heap before GC invocations=67 (full 0):
 garbage-first heap   total 245760K, used 115366K [0x0000000080000000, 0x0000000100000000)
  region size 1024K, 12 young (12288K), 2 survivors (2048K)
 Metaspace       used 93267K, capacity 95522K, committed 95744K, reserved 1132544K
  class space    used 11432K, capacity 12197K, committed 12288K, reserved 1048576K
}
Event: 97.790 GC heap after
{Heap after GC invocations=68 (full 0):
 garbage-first heap   total 245760K, used 95053K [0x0000000080000000, 0x0000000100000000)
  region size 1024K, 1 young (1024K), 1 survivors (1024K)
 Metaspace       used 93267K, capacity 95522K, committed 95744K, reserved 1132544K
  class space    used 11432K, capacity 12197K, committed 12288K, reserved 1048576K
}

Deoptimization events (20 events):
Event: 98.575 Thread 0x000001cdb7e65000 DEOPT PACKING pc=0x000001cda7cc3d38 sp=0x0000009d270fb1c0
Event: 98.575 Thread 0x000001cdb7e65000 DEOPT UNPACKING pc=0x000001cd9fe274af sp=0x0000009d270fb150 mode 2
Event: 98.587 Thread 0x000001cdb7e6c800 Uncommon trap: trap_request=0xfffffff4 fr.pc=0x000001cda7dec3b8 relative=0x0000000000000dd8
Event: 98.588 Thread 0x000001cdb7e6c800 Uncommon trap: reason=null_check action=make_not_entrant pc=0x000001cda7dec3b8 method=org.gradle.cache.internal.DefaultCrossBuildInMemoryCacheFactory$DefaultCrossBuildInMemoryCache.maybeGetRetainedValue(Ljava/lang/Object;)Ljava/lang/Object; @ 10 c2
Event: 98.588 Thread 0x000001cdb7e6c800 DEOPT PACKING pc=0x000001cda7dec3b8 sp=0x0000009d279fdfc0
Event: 98.588 Thread 0x000001cdb7e6c800 DEOPT UNPACKING pc=0x000001cd9fe274af sp=0x0000009d279fdf48 mode 2
Event: 98.851 Thread 0x000001cdb7e6c800 Uncommon trap: trap_request=0xffffffde fr.pc=0x000001cda7ef0f48 relative=0x0000000000000108
Event: 98.851 Thread 0x000001cdb7e6c800 Uncommon trap: reason=class_check action=maybe_recompile pc=0x000001cda7ef0f48 method=org.apache.xerces.dom.ElementImpl.getTagName()Ljava/lang/String; @ 8 c2
Event: 98.851 Thread 0x000001cdb7e6c800 DEOPT PACKING pc=0x000001cda7ef0f48 sp=0x0000009d279fdaf0
Event: 98.851 Thread 0x000001cdb7e6c800 DEOPT UNPACKING pc=0x000001cd9fe274af sp=0x0000009d279fdab0 mode 2
Event: 98.978 Thread 0x000001cdb967a800 Uncommon trap: trap_request=0xffffff4d fr.pc=0x000001cda7ddb82c relative=0x0000000000001b8c
Event: 98.978 Thread 0x000001cdb967a800 Uncommon trap: reason=unstable_if action=reinterpret pc=0x000001cda7ddb82c method=org.gradle.internal.snapshot.SearchUtil.binarySearch(Ljava/util/List;Ljava/lang/Comparable;)I @ 8 c2
Event: 98.978 Thread 0x000001cdb967a800 DEOPT PACKING pc=0x000001cda7ddb82c sp=0x0000009d200f7920
Event: 98.978 Thread 0x000001cdb967a800 DEOPT UNPACKING pc=0x000001cd9fe274af sp=0x0000009d200f78b0 mode 2
Event: 99.290 Thread 0x000001cdbe217000 DEOPT PACKING pc=0x000001cda17c6c70 sp=0x0000009d207fe210
Event: 99.290 Thread 0x000001cdbe217000 DEOPT UNPACKING pc=0x000001cd9fe272ce sp=0x0000009d207fd6c8 mode 0
Event: 99.337 Thread 0x000001cdbaa3e800 Uncommon trap: trap_request=0xffffff4d fr.pc=0x000001cda7e2cf70 relative=0x00000000000003b0
Event: 99.343 Thread 0x000001cdbaa3e800 Uncommon trap: reason=unstable_if action=reinterpret pc=0x000001cda7e2cf70 method=java.util.concurrent.ConcurrentHashMap.addCount(JI)V @ 97 c2
Event: 99.343 Thread 0x000001cdbaa3e800 DEOPT PACKING pc=0x000001cda7e2cf70 sp=0x0000009d209fc7e0
Event: 99.347 Thread 0x000001cdbaa3e800 DEOPT UNPACKING pc=0x000001cd9fe274af sp=0x0000009d209fc698 mode 2

Classes redefined (0 events):
No events

Internal exceptions (20 events):
Event: 26.279 Thread 0x000001cdbaa48800 Exception <a 'sun/nio/fs/WindowsException'{0x0000000089d04158}> (0x0000000089d04158) thrown at [./src/hotspot/share/prims/jni.cpp, line 615]
Event: 26.279 Thread 0x000001cdbaa48800 Exception <a 'sun/nio/fs/WindowsException'{0x0000000089d04d40}> (0x0000000089d04d40) thrown at [./src/hotspot/share/prims/jni.cpp, line 615]
Event: 26.280 Thread 0x000001cdbaa48800 Exception <a 'sun/nio/fs/WindowsException'{0x0000000089d05020}> (0x0000000089d05020) thrown at [./src/hotspot/share/prims/jni.cpp, line 615]
Event: 26.280 Thread 0x000001cdbaa48800 Exception <a 'sun/nio/fs/WindowsException'{0x0000000089d05bf8}> (0x0000000089d05bf8) thrown at [./src/hotspot/share/prims/jni.cpp, line 615]
Event: 26.983 Thread 0x000001cdb84a7000 Exception <a 'java/lang/NoSuchMethodError'{0x000000008b81d718}: <clinit>> (0x000000008b81d718) thrown at [./src/hotspot/share/prims/jni.cpp, line 1362]
Event: 26.988 Thread 0x000001cdb84a7000 Exception <a 'java/lang/NoSuchMethodError'{0x000000008b8561d0}: <clinit>> (0x000000008b8561d0) thrown at [./src/hotspot/share/prims/jni.cpp, line 1362]
Event: 27.432 Thread 0x000001cdb967a800 Exception <a 'java/lang/NoSuchMethodError'{0x000000008b422518}: 'java.lang.Object java.lang.invoke.DirectMethodHandle$Holder.invokeSpecial(java.lang.Object, java.lang.Object, java.lang.Object, int, int, java.lang.Object, java.lang.Object)'> (0x000000008b422518) thrown at [./src/hotspot/share/interpreter/linkResolver.cpp, line 773]
Event: 27.432 Thread 0x000001cdb967a800 Exception <a 'java/lang/NoSuchMethodError'{0x000000008b42b680}: 'java.lang.Object java.lang.invoke.DirectMethodHandle$Holder.invokeStatic(java.lang.Object, java.lang.Object, java.lang.Object, int, int, java.lang.Object)'> (0x000000008b42b680) thrown at [./src/hotspot/share/interpreter/linkResolver.cpp, line 773]
Event: 27.433 Thread 0x000001cdb967a800 Exception <a 'java/lang/NoSuchMethodError'{0x000000008b441b28}: 'java.lang.Object java.lang.invoke.DirectMethodHandle$Holder.invokeSpecial(java.lang.Object, java.lang.Object, java.lang.Object, java.lang.Object, int, int, java.lang.Object)'> (0x000000008b441b28) thrown at [./src/hotspot/share/interpreter/linkResolver.cpp, line 773]
Event: 27.433 Thread 0x000001cdb967a800 Exception <a 'java/lang/NoSuchMethodError'{0x000000008b445048}: 'java.lang.Object java.lang.invoke.Invokers$Holder.linkToTargetMethod(java.lang.Object, java.lang.Object, int, int, java.lang.Object, java.lang.Object)'> (0x000000008b445048) thrown at [./src/hotspot/share/interpreter/linkResolver.cpp, line 773]
Event: 27.861 Thread 0x000001cdb8402000 Exception <a 'java/lang/NoSuchMethodError'{0x000000008a80b1e0}: <clinit>> (0x000000008a80b1e0) thrown at [./src/hotspot/share/prims/jni.cpp, line 1362]
Event: 27.862 Thread 0x000001cdb8402000 Exception <a 'java/lang/NoSuchMethodError'{0x000000008a81bfd8}: <clinit>> (0x000000008a81bfd8) thrown at [./src/hotspot/share/prims/jni.cpp, line 1362]
Event: 27.862 Thread 0x000001cdb8402000 Exception <a 'java/lang/NoSuchMethodError'{0x000000008a81d6c0}: <clinit>> (0x000000008a81d6c0) thrown at [./src/hotspot/share/prims/jni.cpp, line 1362]
Event: 27.864 Thread 0x000001cdb8402000 Exception <a 'java/lang/NoSuchMethodError'{0x000000008a82f818}: <clinit>> (0x000000008a82f818) thrown at [./src/hotspot/share/prims/jni.cpp, line 1362]
Event: 27.866 Thread 0x000001cdb8402000 Exception <a 'java/lang/NoSuchMethodError'{0x000000008a83b988}: <clinit>> (0x000000008a83b988) thrown at [./src/hotspot/share/prims/jni.cpp, line 1362]
Event: 27.877 Thread 0x000001cdb8402000 Exception <a 'java/lang/NoSuchMethodError'{0x000000008a8509b0}: <clinit>> (0x000000008a8509b0) thrown at [./src/hotspot/share/prims/jni.cpp, line 1362]
Event: 27.880 Thread 0x000001cdb8402000 Exception <a 'java/lang/NoSuchMethodError'{0x000000008a86aa38}: <clinit>> (0x000000008a86aa38) thrown at [./src/hotspot/share/prims/jni.cpp, line 1362]
Event: 27.881 Thread 0x000001cdb8402000 Exception <a 'java/lang/NoSuchMethodError'{0x000000008a8793a0}: <clinit>> (0x000000008a8793a0) thrown at [./src/hotspot/share/prims/jni.cpp, line 1362]
Event: 75.865 Thread 0x000001cdb967a800 Exception <a 'sun/nio/fs/WindowsException'{0x000000008896c660}> (0x000000008896c660) thrown at [./src/hotspot/share/prims/jni.cpp, line 615]
Event: 98.587 Thread 0x000001cdb7e6c800 Implicit null exception at 0x000001cda7deb760 to 0x000001cda7dec3ac

Events (20 events):
Event: 99.066 loading class org/gradle/api/file/ReproducibleFileVisitor
Event: 99.066 loading class org/gradle/api/file/ReproducibleFileVisitor done
Event: 99.070 loading class org/gradle/api/internal/file/collections/DefaultDirectoryWalker$PathVisitor
Event: 99.070 loading class org/gradle/api/internal/file/collections/DefaultDirectoryWalker$PathVisitor done
Event: 99.073 Executing VM operation: Deoptimize
Event: 99.075 Executing VM operation: Deoptimize done
Event: 99.079 loading class java/nio/file/FileTreeWalker$1
Event: 99.084 loading class java/nio/file/FileTreeWalker$1 done
Event: 99.089 loading class org/gradle/api/internal/file/DefaultFileVisitDetails
Event: 99.089 loading class org/gradle/api/internal/file/DefaultFileVisitDetails done
Event: 99.090 loading class org/gradle/api/internal/file/DefaultFileTreeElement
Event: 99.090 loading class org/gradle/api/internal/file/DefaultFileTreeElement done
Event: 99.091 loading class org/gradle/api/internal/file/AbstractFileTreeElement
Event: 99.091 loading class org/gradle/api/internal/file/AbstractFileTreeElement done
Event: 99.093 loading class org/gradle/api/internal/file/AbstractFileTreeElement$CopyFileElementException
Event: 99.093 loading class org/gradle/api/internal/file/AbstractFileTreeElement$CopyFileElementException done
Event: 99.335 Executing VM operation: RevokeBias
Event: 99.336 Executing VM operation: RevokeBias done
Event: 99.350 Executing VM operation: RevokeBias
Event: 99.351 Executing VM operation: RevokeBias done


Dynamic libraries:
0x00007ff61bd30000 - 0x00007ff61bd3a000 	C:\Program Files\Android\Android Studio\jre\bin\java.exe
0x00007ffd09a50000 - 0x00007ffd09c45000 	C:\WINDOWS\SYSTEM32\ntdll.dll
0x00007ffd08350000 - 0x00007ffd0840d000 	C:\WINDOWS\System32\KERNEL32.DLL
0x00007ffd07190000 - 0x00007ffd07458000 	C:\WINDOWS\System32\KERNELBASE.dll
0x00007ffd076c0000 - 0x00007ffd077c0000 	C:\WINDOWS\System32\ucrtbase.dll
0x00007ffcfd6a0000 - 0x00007ffcfd6b9000 	C:\Program Files\Android\Android Studio\jre\bin\jli.dll
0x00007ffcfd560000 - 0x00007ffcfd577000 	C:\Program Files\Android\Android Studio\jre\bin\VCRUNTIME140.dll
0x00007ffd08c00000 - 0x00007ffd08da0000 	C:\WINDOWS\System32\USER32.dll
0x00007ffd07460000 - 0x00007ffd07482000 	C:\WINDOWS\System32\win32u.dll
0x00007ffd08040000 - 0x00007ffd0806a000 	C:\WINDOWS\System32\GDI32.dll
0x00007ffd075b0000 - 0x00007ffd076bb000 	C:\WINDOWS\System32\gdi32full.dll
0x00007ffd07490000 - 0x00007ffd0752d000 	C:\WINDOWS\System32\msvcp_win.dll
0x00007ffcf08d0000 - 0x00007ffcf0b6a000 	C:\WINDOWS\WinSxS\amd64_microsoft.windows.common-controls_6595b64144ccf1df_6.0.19041.844_none_ca00b6081b84eb1d\COMCTL32.dll
0x00007ffd08da0000 - 0x00007ffd08e3e000 	C:\WINDOWS\System32\msvcrt.dll
0x00007ffd08e40000 - 0x00007ffd08e70000 	C:\WINDOWS\System32\IMM32.DLL
0x00007ffcf44b0000 - 0x00007ffcf454d000 	C:\Program Files\Android\Android Studio\jre\bin\msvcp140.dll
0x00007ffc9b320000 - 0x00007ffc9bddc000 	C:\Program Files\Android\Android Studio\jre\bin\server\jvm.dll
0x00007ffd094a0000 - 0x00007ffd0954c000 	C:\WINDOWS\System32\ADVAPI32.dll
0x00007ffd08e70000 - 0x00007ffd08f0b000 	C:\WINDOWS\System32\sechost.dll
0x00007ffd07b90000 - 0x00007ffd07cbb000 	C:\WINDOWS\System32\RPCRT4.dll
0x00007ffd08bf0000 - 0x00007ffd08bf8000 	C:\WINDOWS\System32\PSAPI.DLL
0x00007ffcff850000 - 0x00007ffcff859000 	C:\WINDOWS\SYSTEM32\WSOCK32.dll
0x00007ffd07d70000 - 0x00007ffd07ddb000 	C:\WINDOWS\System32\WS2_32.dll
0x00007ffcf9970000 - 0x00007ffcf997a000 	C:\WINDOWS\SYSTEM32\VERSION.dll
0x00007ffce7ca0000 - 0x00007ffce7cc7000 	C:\WINDOWS\SYSTEM32\WINMM.dll
0x00007ffd05a60000 - 0x00007ffd05a72000 	C:\WINDOWS\SYSTEM32\kernel.appcore.dll
0x00007ffcff830000 - 0x00007ffcff841000 	C:\Program Files\Android\Android Studio\jre\bin\verify.dll
0x00007ffd050b0000 - 0x00007ffd05294000 	C:\WINDOWS\SYSTEM32\DBGHELP.DLL
0x00007ffce7c40000 - 0x00007ffce7c6c000 	C:\WINDOWS\SYSTEM32\dbgcore.DLL
0x00007ffd07530000 - 0x00007ffd075b0000 	C:\WINDOWS\System32\bcryptPrimitives.dll
0x00007ffcfc630000 - 0x00007ffcfc659000 	C:\Program Files\Android\Android Studio\jre\bin\java.dll
0x00007ffcff800000 - 0x00007ffcff80b000 	C:\Program Files\Android\Android Studio\jre\bin\jimage.dll
0x00007ffcf4680000 - 0x00007ffcf4698000 	C:\Program Files\Android\Android Studio\jre\bin\zip.dll
0x00007ffd08430000 - 0x00007ffd08b72000 	C:\WINDOWS\System32\SHELL32.dll
0x00007ffd052a0000 - 0x00007ffd05a30000 	C:\WINDOWS\SYSTEM32\windows.storage.dll
0x00007ffd096b0000 - 0x00007ffd09a05000 	C:\WINDOWS\System32\combase.dll
0x00007ffd06b30000 - 0x00007ffd06b5c000 	C:\WINDOWS\SYSTEM32\Wldp.dll
0x00007ffd09380000 - 0x00007ffd0942e000 	C:\WINDOWS\System32\SHCORE.dll
0x00007ffd09440000 - 0x00007ffd09495000 	C:\WINDOWS\System32\shlwapi.dll
0x00007ffd070d0000 - 0x00007ffd070ef000 	C:\WINDOWS\SYSTEM32\profapi.dll
0x00007ffcf4590000 - 0x00007ffcf45aa000 	C:\Program Files\Android\Android Studio\jre\bin\net.dll
0x00007ffcf1d20000 - 0x00007ffcf1e2b000 	C:\WINDOWS\SYSTEM32\WINHTTP.dll
0x00007ffd068a0000 - 0x00007ffd0690a000 	C:\WINDOWS\system32\mswsock.dll
0x00007ffcf4570000 - 0x00007ffcf4584000 	C:\Program Files\Android\Android Studio\jre\bin\nio.dll
0x00007ffcfc660000 - 0x00007ffcfc686000 	C:\Users\HISSOKA\.gradle\native\fdc75f09e3144964f2cf3f50f0aa648679c211496f362492102eb8c894070792\windows-amd64\native-platform.dll
0x00007ffca76a0000 - 0x00007ffca7831000 	C:\Users\HISSOKA\.gradle\native\12488b8bf47d2d4c9fbf2f6322a914ad602e24e48041cd04a747c6da556b65c4\windows-amd64\native-platform-file-events.dll
0x00007ffcff7f0000 - 0x00007ffcff7fa000 	C:\Program Files\Android\Android Studio\jre\bin\management.dll
0x00007ffcfd780000 - 0x00007ffcfd78c000 	C:\Program Files\Android\Android Studio\jre\bin\management_ext.dll
0x00007ffd06a70000 - 0x00007ffd06a88000 	C:\WINDOWS\SYSTEM32\CRYPTSP.dll
0x00007ffd06240000 - 0x00007ffd06274000 	C:\WINDOWS\system32\rsaenh.dll
0x00007ffd078d0000 - 0x00007ffd078f7000 	C:\WINDOWS\System32\bcrypt.dll
0x00007ffd07050000 - 0x00007ffd0707e000 	C:\WINDOWS\SYSTEM32\USERENV.dll
0x00007ffd06a90000 - 0x00007ffd06a9c000 	C:\WINDOWS\SYSTEM32\CRYPTBASE.dll
0x00007ffd06590000 - 0x00007ffd065cb000 	C:\WINDOWS\SYSTEM32\IPHLPAPI.DLL
0x00007ffd09430000 - 0x00007ffd09438000 	C:\WINDOWS\System32\NSI.dll
0x00007ffcf84d0000 - 0x00007ffcf84e7000 	C:\WINDOWS\SYSTEM32\dhcpcsvc6.DLL
0x00007ffcf9bd0000 - 0x00007ffcf9bed000 	C:\WINDOWS\SYSTEM32\dhcpcsvc.DLL
0x00007ffd065d0000 - 0x00007ffd0669c000 	C:\WINDOWS\SYSTEM32\DNSAPI.dll
0x00007ffcfaf60000 - 0x00007ffcfaf6b000 	C:\WINDOWS\SYSTEM32\WINNSI.DLL
0x00007ffcaf9f0000 - 0x00007ffcafb92000 	C:\Program Files\Android\Android Studio\jre\bin\awt.dll
0x00007ffd095e0000 - 0x00007ffd096ad000 	C:\WINDOWS\System32\OLEAUT32.dll
0x00007ffd018b0000 - 0x00007ffd018df000 	C:\WINDOWS\SYSTEM32\dwmapi.dll
0x00007ffd01500000 - 0x00007ffd01590000 	C:\WINDOWS\SYSTEM32\apphelp.dll
0x00007ffd016c0000 - 0x00007ffd0175e000 	C:\WINDOWS\system32\uxtheme.dll

dbghelp: loaded successfully - version: 4.0.5 - missing functions: none
symbol engine: initialized successfully - sym options: 0x614 - pdb path: .;C:\Program Files\Android\Android Studio\jre\bin;C:\WINDOWS\SYSTEM32;C:\WINDOWS\WinSxS\amd64_microsoft.windows.common-controls_6595b64144ccf1df_6.0.19041.844_none_ca00b6081b84eb1d;C:\Program Files\Android\Android Studio\jre\bin\server;C:\Users\HISSOKA\.gradle\native\fdc75f09e3144964f2cf3f50f0aa648679c211496f362492102eb8c894070792\windows-amd64;C:\Users\HISSOKA\.gradle\native\12488b8bf47d2d4c9fbf2f6322a914ad602e24e48041cd04a747c6da556b65c4\windows-amd64

VM Arguments:
jvm_args: --add-opens=java.base/java.util=ALL-UNNAMED --add-opens=java.base/java.lang=ALL-UNNAMED --add-opens=java.base/java.lang.invoke=ALL-UNNAMED --add-opens=java.prefs/java.util.prefs=ALL-UNNAMED -Xmx2048m -Dfile.encoding=UTF-8 -Duser.country=US -Duser.language=en -Duser.variant 
java_command: org.gradle.launcher.daemon.bootstrap.GradleDaemon 6.7.1
java_class_path (initial): C:\Users\HISSOKA\.gradle\wrapper\dists\gradle-6.7.1-bin\bwlcbys1h7rz3272sye1xwiv6\gradle-6.7.1\lib\gradle-launcher-6.7.1.jar
Launcher Type: SUN_STANDARD

[Global flags]
     intx CICompilerCount                          = 3                                         {product} {ergonomic}
     uint ConcGCThreads                            = 1                                         {product} {ergonomic}
     uint G1ConcRefinementThreads                  = 4                                         {product} {ergonomic}
   size_t G1HeapRegionSize                         = 1048576                                   {product} {ergonomic}
    uintx GCDrainStackTargetSize                   = 64                                        {product} {ergonomic}
   size_t InitialHeapSize                          = 67108864                                  {product} {ergonomic}
   size_t MarkStackSize                            = 4194304                                   {product} {ergonomic}
   size_t MaxHeapSize                              = 2147483648                                {product} {command line}
   size_t MaxNewSize                               = 1287651328                                {product} {ergonomic}
   size_t MinHeapDeltaBytes                        = 1048576                                   {product} {ergonomic}
    uintx NonNMethodCodeHeapSize                   = 5830732                                {pd product} {ergonomic}
    uintx NonProfiledCodeHeapSize                  = 122913754                              {pd product} {ergonomic}
    uintx ProfiledCodeHeapSize                     = 122913754                              {pd product} {ergonomic}
    uintx ReservedCodeCacheSize                    = 251658240                              {pd product} {ergonomic}
     bool SegmentedCodeCache                       = true                                      {product} {ergonomic}
     bool UseCompressedClassPointers               = true                                 {lp64_product} {ergonomic}
     bool UseCompressedOops                        = true                                 {lp64_product} {ergonomic}
     bool UseG1GC                                  = true                                      {product} {ergonomic}
     bool UseLargePagesIndividualAllocation        = false                                  {pd product} {ergonomic}

Logging:
Log output configuration:
 #0: stdout all=warning uptime,level,tags
 #1: stderr all=off uptime,level,tags

Environment Variables:
PATH=C:\Program Files\Common Files\Oracle\Java\javapath;C:\WINDOWS\system32;C:\WINDOWS;C:\WINDOWS\System32\Wbem;C:\WINDOWS\System32\WindowsPowerShell\v1.0\;C:\WINDOWS\System32\OpenSSH\;C:\laragon\bin\php\php-7.2.19-Win32-VC15-x64;C:\composer;C:\Program Files\Git\cmd;C:\Program Files\dotnet\;C:\Program Files\Microsoft SQL Server\130\Tools\Binn\;C:\Program Files\Microsoft SQL Server\Client SDK\ODBC\170\Tools\Binn\;C:\Program Files (x86)\Microsoft SQL Server\150\DTS\Binn\;C:\Program Files\Azure Data Studio\bin;C:\Program Files (x86)\Microsoft SQL Server\150\Tools\Binn\;C:\Program Files\Microsoft SQL Server\150\Tools\Binn\;C:\Program Files\Microsoft SQL Server\150\DTS\Binn\;C:\Users\HISSOKA\AppData\Local\Microsoft\WindowsApps;C:\Users\HISSOKA\AppData\Local\Programs\Microsoft VS Code\bin;C:\Program Files\JetBrains\IntelliJ IDEA Community Edition 2021.1.1\bin;;C:\Users\HISSOKA\AppData\Roaming\Composer\vendor\bin;C:\Program Files\Dart\dart-sdk\bin;C:\Users\HISSOKA\flutter\bin;C:\Users\HISSOKA\.dotnet\tools;C:\Program Files\Azure Data Studio\bin
USERNAME=HISSOKA
OS=Windows_NT
PROCESSOR_IDENTIFIER=Intel64 Family 6 Model 78 Stepping 3, GenuineIntel



---------------  S Y S T E M  ---------------

OS: Windows 10 , 64 bit Build 19041 (10.0.19041.928)
OS uptime: 3 days 10:02 hours

CPU:total 4 (initial active 4) (2 cores per cpu, 2 threads per core) family 6 model 78 stepping 3, cmov, cx8, fxsr, mmx, sse, sse2, sse3, ssse3, sse4.1, sse4.2, popcnt, avx, avx2, aes, clmul, erms, 3dnowpref, lzcnt, ht, tsc, tscinvbit, bmi1, bmi2, adx, fma

Memory: 4k page, system-wide physical 3976M (62M free)
TotalPageFile size 16264M (AvailPageFile size 6M)
current process WorkingSet (physical memory assigned to process): 204M, peak: 341M
current process commit charge ("private bytes"): 519M, peak: 534M

vm_info: OpenJDK 64-Bit Server VM (11.0.8+10-b944.6842174) for windows-amd64 JRE (11.0.8+10-b944.6842174), built on Sep 19 2020 01:11:42 by "builder" with MS VC++ 14.0 (VS2015)

END.
